=== 单设备启动 ===
runMode=register-second
endpoint=124.236.71.155:20095
appiumPort=4724
startedAt=2026-04-15T02:59:28.670Z

[开始] 启动或复用Appium服务
尝试自动启动 Appium: D:\工作\stu\appium\node_modules\.bin\appium.cmd server -p 4724
Appium 自动启动成功: http://127.0.0.1:4724
[完成] 启动或复用Appium服务
[开始] ADB连接
执行: D:\工作\stu\appium\platform-tools\adb.exe connect 124.236.71.155:20095
adb connect 输出: connected to 124.236.71.155:20095
[完成] ADB连接
[开始] ADB鉴权
执行 ADB Shell 鉴权: D:\工作\stu\appium\platform-tools\adb.exe -s 124.236.71.155:20095 shell 5IaiQNdE
adb shell 鉴权输出: OK! Login successful.
ADB Shell 探测通过，SDK=35
[完成] ADB鉴权
[开始] 执行二次注册主流程（从Continue with Google开始）
尝试 Appium: http://127.0.0.1:4724/ (第1/3轮)
2026-04-15T02:59:33.015Z INFO webdriver: Initiate new session using the WebDriver protocol
2026-04-15T02:59:33.018Z INFO @wdio/utils: Connecting to existing driver at http://127.0.0.1:4724/
2026-04-15T02:59:33.036Z INFO webdriver: [POST] http://127.0.0.1:4724/session
连接成功，sessionId: f31bcc9b-1039-4672-894e-8b42595a4fcf
[开始] 点击Continue with Google
2026-04-15T02:59:40.131Z INFO webdriver: COMMAND findElements("accessibility id", "Continue with Google")
2026-04-15T02:59:40.131Z INFO webdriver: [POST] http://127.0.0.1:4724/session/f31bcc9b-1039-4672-894e-8b42595a4fcf/elements
2026-04-15T02:59:40.131Z INFO webdriver: DATA {"using":"accessibility id","value":"Continue with Google"}
2026-04-15T02:59:40.204Z INFO webdriver: RESULT []
2026-04-15T02:59:40.210Z INFO webdriver: COMMAND findElements("-android uiautomator", "new UiSelector().text("Continue with Google")")
2026-04-15T02:59:40.211Z INFO webdriver: [POST] http://127.0.0.1:4724/session/f31bcc9b-1039-4672-894e-8b42595a4fcf/elements
2026-04-15T02:59:40.211Z INFO webdriver: DATA {"using":"-android uiautomator","value":"new UiSelector().text(\"Continue with Google\")"}
2026-04-15T02:59:40.271Z INFO webdriver: RESULT []
2026-04-15T02:59:40.274Z INFO webdriver: COMMAND findElements("-android uiautomator", "new UiSelector().textContains("Continue with Google")")
2026-04-15T02:59:40.275Z INFO webdriver: [POST] http://127.0.0.1:4724/session/f31bcc9b-1039-4672-894e-8b42595a4fcf/elements
2026-04-15T02:59:40.275Z INFO webdriver: DATA {"using":"-android uiautomator","value":"new UiSelector().textContains(\"Continue with Google\")"}
2026-04-15T02:59:40.335Z INFO webdriver: RESULT []
2026-04-15T02:59:40.337Z INFO webdriver: COMMAND findElements("-android uiautomator", "new UiSelector().textContains("Google")")
2026-04-15T02:59:40.337Z INFO webdriver: [POST] http://127.0.0.1:4724/session/f31bcc9b-1039-4672-894e-8b42595a4fcf/elements
2026-04-15T02:59:40.337Z INFO webdriver: DATA {"using":"-android uiautomator","value":"new UiSelector().textContains(\"Google\")"}
2026-04-15T02:59:40.392Z INFO webdriver: RESULT []
2026-04-15T02:59:40.393Z INFO webdriver: COMMAND findElements("-android uiautomator", "new UiSelector().description("Continue with Google")")
2026-04-15T02:59:40.393Z INFO webdriver: [POST] http://127.0.0.1:4724/session/f31bcc9b-1039-4672-894e-8b42595a4fcf/elements
2026-04-15T02:59:40.393Z INFO webdriver: DATA {"using":"-android uiautomator","value":"new UiSelector().description(\"Continue with Google\")"}
2026-04-15T02:59:40.446Z INFO webdriver: RESULT []
2026-04-15T02:59:40.447Z INFO webdriver: COMMAND findElements("-android uiautomator", "new UiSelector().descriptionContains("Continue with Google")")
2026-04-15T02:59:40.448Z INFO webdriver: [POST] http://127.0.0.1:4724/session/f31bcc9b-1039-4672-894e-8b42595a4fcf/elements
2026-04-15T02:59:40.448Z INFO webdriver: DATA {"using":"-android uiautomator","value":"new UiSelector().descriptionContains(\"Continue with Google\")"}
2026-04-15T02:59:40.503Z INFO webdriver: RESULT []
2026-04-15T02:59:40.504Z INFO webdriver: COMMAND findElements("-android uiautomator", "new UiSelector().descriptionContains("Google")")
2026-04-15T02:59:40.505Z INFO webdriver: [POST] http://127.0.0.1:4724/session/f31bcc9b-1039-4672-894e-8b42595a4fcf/elements
2026-04-15T02:59:40.505Z INFO webdriver: DATA {"using":"-android uiautomator","value":"new UiSelector().descriptionContains(\"Google\")"}
2026-04-15T02:59:40.558Z INFO webdriver: RESULT []
2026-04-15T02:59:40.559Z INFO webdriver: COMMAND findElements("xpath", "//*[@text="Continue with Google" or @content-desc="Continue with Google"]")
2026-04-15T02:59:40.559Z INFO webdriver: [POST] http://127.0.0.1:4724/session/f31bcc9b-1039-4672-894e-8b42595a4fcf/elements
2026-04-15T02:59:40.559Z INFO webdriver: DATA {"using":"xpath","value":"//*[@text=\"Continue with Google\" or @content-desc=\"Continue with Google\"]"}
2026-04-15T02:59:40.894Z INFO webdriver: RESULT []
2026-04-15T02:59:40.895Z INFO webdriver: COMMAND findElements("xpath", "//*[contains(@text,"Google") or contains(@content-desc,"Google")]")
2026-04-15T02:59:40.896Z INFO webdriver: [POST] http://127.0.0.1:4724/session/f31bcc9b-1039-4672-894e-8b42595a4fcf/elements
2026-04-15T02:59:40.896Z INFO webdriver: DATA {"using":"xpath","value":"//*[contains(@text,\"Google\") or contains(@content-desc,\"Google\")]"}
2026-04-15T02:59:40.985Z INFO webdriver: RESULT []
2026-04-15T02:59:40.986Z INFO webdriver: COMMAND findElements("xpath", "//*[contains(translate(@text,"ABCDEFGHIJKLMNOPQRSTUVWXYZ","abcdefghijklmnopqrstuvwxyz"),"google") or contains(translate(@content-desc,"ABCDEFGHIJKLMNOPQRSTUVWXYZ","abcdefghijklmnopqrstuvwxyz"),"google")]")
2026-04-15T02:59:40.986Z INFO webdriver: [POST] http://127.0.0.1:4724/session/f31bcc9b-1039-4672-894e-8b42595a4fcf/elements
2026-04-15T02:59:40.986Z INFO webdriver: DATA {"using":"xpath","value":"//*[contains(translate(@text,\"ABCDEFGHIJKLMNOPQRSTUVWXYZ\",\"abcdefghijklmnopqrstuvwxyz\"),\"google\") or contains(translate(@content-desc,\"ABCDEFGHIJKLMNOPQRSTUVWXYZ\",\"abcdefghijklmnopqrstuvwxyz\"),\"google\")]"}
2026-04-15T02:59:41.077Z INFO webdriver: RESULT []
2026-04-15T02:59:41.078Z INFO webdriver: COMMAND getPageSource()
2026-04-15T02:59:41.078Z INFO webdriver: [GET] http://127.0.0.1:4724/session/f31bcc9b-1039-4672-894e-8b42595a4fcf/source
2026-04-15T02:59:41.165Z INFO webdriver: RESULT <?xml version='1.0' encoding='UTF-8' standalone='yes' ?>
<hierarchy index="0" class="hierarchy" rotation="0" width="1080" height="1920">
  <android.widget.FrameLayout index="0" package="com.android.launcher3" class="android.widget.FrameLayout" text="" checkable="false" checked="false" clickable="false" enabled="true" focusable="false" focused="false" long-clickable="false" password="false" scrollable="false" selected="false" bounds="[0,0][1080,1920]" displayed="true" a11y-important="true" screen-reader-focusable="false" drawing-order="0" showing-hint="false" text-entry-key="false" dismissable="false" a11y-focused="false" heading="false" live-region="0" context-clickable="false" content-invalid="false" window-id="0">
    <android.widget.LinearLayout index="0" package="com.android.launcher3" class="android.widget.LinearLayout" text="" checkable="false" checked="false" clickable="false" enabled="true" focusable="false" focused="false" long-clickable="false" password="false" scrollable="false" selected="false" bounds="[0,0][1080,1920]" displayed="true" a11y-important="false" screen-reader-focusable="false" drawing-order="1" showing-hint="false" text-entry-key="false" dismissable="false" a11y-focused="false" heading="false" live-region="0" context-clickable="false" content-invalid="false" window-id="0">
      <android.widget.FrameLayout index="0" package="com.android.launcher3" class="android.widget.FrameLayout" text="" resource-id="android:id/content" checkable="false" checked="false" clickable="false" enabled="true" focusable="false" focused="false" long-clickable="false" password="false" scrollable="false" selected="false" bounds="[0,0][1080,1920]" displayed="true" a11y-important="false" screen-reader-focusable="false" drawing-order="2" showing-hint="false" text-entry-key="false" dismissable="false" a11y-focused="false" heading="false" live-region="0" context-clickable="false" content-invalid="false" window-id="0">
        <android.widget.FrameLayout index="0" package="com.android.launcher3" class="android.widget.FrameLayout" text="" resource-id="com.android.launcher3:id/launcher" checkable="false" checked="false" clickable="false" enabled="true" focusable="false" focused="false" long-clickable="false" password="false" scrollable="false" selected="false" bounds="[0,0][1080,1920]" displayed="true" a11y-important="false" screen-reader-focusable="false" drawing-order="1" showing-hint="false" text-entry-key="false" dismissable="false" a11y-focused="false" heading="false" live-region="0" context-clickable="false" content-invalid="false" window-id="0">
          <android.widget.FrameLayout index="0" package="com.android.launcher3" class="android.widget.FrameLayout" text="" resource-id="com.android.launcher3:id/drag_layer" checkable="false" checked="false" clickable="false" enabled="true" focusable="false" focused="false" long-clickable="false" password="false" scrollable="false" selected="false" bounds="[0,0][1080,1920]" displayed="true" a11y-important="false" screen-reader-focusable="false" drawing-order="1" showing-hint="false" text-entry-key="false" dismissable="false" a11y-focused="false" heading="false" live-region="0" context-clickable="false" content-invalid="false" window-id="0">
            <android.view.View index="0" package="com.android.launcher3" class="android.view.View" text="" resource-id="com.android.launcher3:id/scrim_view" checkable="false" checked="false" clickable="false" enabled="true" focusable="false" focused="false" long-clickable="false" password="false" scrollable="false" selected="false" bounds="[0,0][1080,1920]" displayed="true" a11y-important="false" screen-reader-focusable="false" drawing-order="6" showing-hint="false" text-entry-key="false" dismissable="false" a11y-focused="false" heading="false" live-region="0" context-clickable="false" content-invalid="false" window-id="0" />
            <android.widget.ScrollView index="1" package="com.android.launcher3" class="android.widget.ScrollView" text="" resource-id="com.android.launcher3:id/workspace" checkable="false" checked="false" clickable="false" enabled="true" focusable="false" focused="false" long-clickable="false" password="false" scrollable="true" selected="false" bounds="[0,0][1080,1920]" displayed="true" a11y-important="true" screen-reader-focusable="false" drawing-order="2" showing-hint="false" text-entry-key="false" dismissable="false" a11y-focused="false" heading="false" live-region="0" context-clickable="false" content-invalid="false" window-id="0">
              <android.view.ViewGroup index="0" package="com.android.launcher3" class="android.view.ViewGroup" text="" checkable="false" checked="false" clickable="false" enabled="true" focusable="false" focused="false" long-clickable="false" password="false" scrollable="false" selected="false" bounds="[0,72][1080,1550]" displayed="true" a11y-important="false" screen-reader-focusable="false" drawing-order="1" showing-hint="false" text-entry-key="false" dismissable="false" a11y-focused="false" heading="false" live-region="0" context-clickable="false" content-invalid="false" window-id="0">
                <android.view.ViewGroup index="0" package="com.android.launcher3" class="android.view.ViewGroup" text="" checkable="false" checked="false" clickable="false" enabled="true" focusable="false" focused="false" long-clickable="false" password="false" scrollable="false" selected="false" bounds="[24,104][1056,1518]" displayed="true" a11y-important="false" screen-reader-focusable="false" drawing-order="1" showing-hint="false" text-entry-key="false" dismissable="false" a11y-focused="false" heading="false" live-region="0" context-clickable="false" content-invalid="false" window-id="0">
                  <android.widget.FrameLayout index="0" package="com.android.launcher3" class="android.widget.FrameLayout" text="" resource-id="com.android.launcher3:id/search_container_workspace" checkable="false" checked="false" clickable="false" enabled="true" focusable="false" focused="false" long-clickable="false" password="false" scrollable="false" selected="false" bounds="[24,104][1056,457]" displayed="true" a11y-important="false" screen-reader-focusable="false" drawing-order="1" showing-hint="false" text-entry-key="false" dismissable="false" a11y-focused="false" heading="false" live-region="0" context-clickable="false" content-invalid="false" window-id="0">
                    <android.widget.FrameLayout index="0" package="com.android.launcher3" class="android.widget.FrameLayout" text="" checkable="false" checked="false" clickable="false" enabled="true" focusable="false" focused="false" long-clickable="false" password="false" scrollable="false" selected="false" bounds="[24,104][1056,457]" displayed="true" a11y-important="false" screen-reader-focusable="false" drawing-order="1" showing-hint="false" text-entry-key="false" dismissable="false" a11y-focused="false" heading="false" live-region="0" context-clickable="false" content-invalid="false" window-id="0">
                      <android.appwidget.AppWidgetHostView index="0" package="com.android.launcher3" class="android.appwidget.AppWidgetHostView" text="" content-desc="Search" resource-id="com.android.launcher3:id/qsb_widget" checkable="false" checked="false" clickable="false" enabled="true" focusable="true" focused="false" long-clickable="false" password="false" scrollable="false" selected="false" bounds="[24,104][1056,457]" displayed="true" a11y-important="true" screen-reader-focusable="false" drawing-order="1" showing-hint="false" text-entry-key="false" dismissable="false" a11y-focused="false" heading="false" live-region="0" context-clickable="false" content-invalid="false" window-id="0">
                        <android.widget.RelativeLayout index="0" package="com.android.quicksearchbox" class="android.widget.RelativeLayout" text="" checkable="false" checked="false" clickable="false" enabled="true" focusable="false" focused="false" long-clickable="false" password="false" scrollable="false" selected="false" bounds="[24,104][1056,457]" displayed="true" a11y-important="false" screen-reader-focusable="false" drawing-order="1" showing-hint="false" text-entry-key="false" dismissable="false" a11y-focused="false" heading="false" live-region="0" context-clickable="false" content-invalid="false" window-id="0">
                          <android.widget.LinearLayout index="0" package="com.android.quicksearchbox" class="android.widget.LinearLayout" text="" resource-id="com.android.quicksearchbox:id/search_plate" checkable="false" checked="false" clickable="false" enabled="true" focusable="false" focused="false" long-clickable="false" password="false" scrollable="false" selected="false" bounds="[24,172][1056,388]" displayed="true" a11y-important="false" screen-reader-focusable="false" drawing-order="1" showing-hint="false" text-entry-key="false" dismissable="false" a11y-focused="false" heading="false" live-region="0" context-clickable="false" content-invalid="false" window-id="0">
                            <android.widget.ImageView index="0" package="com.android.quicksearchbox" class="android.widget.ImageView" text="" resource-id="com.android.quicksearchbox:id/search_icon" checkable="false" checked="false" clickable="true" enabled="true" focusable="false" focused="false" long-clickable="false" password="false" scrollable="false" selected="false" bounds="[51,208][195,352]" displayed="true" a11y-important="true" screen-reader-focusable="false" drawing-order="1" showing-hint="false" text-entry-key="false" dismissable="false" a11y-focused="false" heading="false" live-region="0" context-clickable="false" content-invalid="false" window-id="0" />
                            <android.widget.TextView index="1" package="com.android.quicksearchbox" class="android.widget.TextView" text="" resource-id="com.android.quicksearchbox:id/search_widget_text" checkable="false" checked="false" clickable="true" enabled="true" focusable="true" focused="false" long-clickable="false" password="false" scrollable="false" selected="false" bounds="[195,217][1014,343]" displayed="true" a11y-important="true" screen-reader-focusable="false" drawing-order="2" showing-hint="false" text-entry-key="false" dismissable="false" a11y-focused="false" heading="false" live-region="0" context-clickable="false" content-invalid="false" window-id="0" />
                          </android.widget.LinearLayout>
                        </android.widget.RelativeLayout>
                      </android.appwidget.AppWidgetHostView>
                    </android.widget.FrameLayout>
                  </android.widget.FrameLayout>
                  <android.widget.TextView index="1" package="com.android.launcher3" class="android.widget.TextView" text="Galeri" content-desc="Galeri" checkable="false" checked="false" clickable="true" enabled="true" focusable="true" focused="false" long-clickable="true" password="false" scrollable="false" selected="false" bounds="[282,1163][540,1516]" displayed="true" a11y-important="true" screen-reader-focusable="false" drawing-order="2" showing-hint="false" text-entry-key="false" dismissable="false" a11y-focused="false" heading="false" live-region="0" context-clickable="false" content-invalid="false" window-id="0" />
                  <android.widget.TextView index="2" package="com.android.launcher3" class="android.widget.TextView" text="Play Store" content-desc="Play Store" checkable="false" checked="false" clickable="true" enabled="true" focusable="true" focused="false" long-clickable="true" password="false" scrollable="false" selected="false" bounds="[798,1163][1056,1516]" displayed="true" a11y-important="true" screen-reader-focusable="false" drawing-order="3" showing-hint="false" text-entry-key="false" dismissable="false" a11y-focused="false" heading="false" live-region="0" context-clickable="false" content-invalid="false" window-id="0" />
                </android.view.ViewGroup>
              </android.view.ViewGroup>
            </android.widget.ScrollView>
            <android.view.View index="2" package="com.android.launcher3" class="android.view.View" text="" content-desc="Layar utama" checkable="false" checked="false" clickable="false" enabled="true" focusable="false" focused="false" long-clickable="false" password="false" scrollable="false" selected="false" bounds="[0,72][1080,1776]" displayed="true" a11y-important="true" screen-reader-focusable="false" drawing-order="1" showing-hint="false" text-entry-key="false" dismissable="false" a11y-focused="false" heading="false" live-region="0" context-clickable="false" content-invalid="false" window-id="0" />
            <android.widget.FrameLayout index="3" package="com.android.launcher3" class="android.widget.FrameLayout" text="" resource-id="com.android.launcher3:id/overview_actions_view" checkable="false" checked="false" clickable="false" enabled="true" focusable="false" focused="false" long-clickable="false" password="false" scrollable="false" selected="false" bounds="[0,1416][1080,1920]" displayed="true" a11y-important="false" screen-reader-focusable="false" drawing-order="8" showing-hint="false" text-entry-key="false" dismissable="false" a11y-focused="false" heading="false" live-region="0" context-clickable="false" content-invalid="false" window-id="0" />
            <android.view.View index="4" package="com.android.launcher3" class="android.view.View" text="" resource-id="com.android.launcher3:id/page_indicator" checkable="false" checked="false" clickable="false" enabled="true" focusable="false" focused="false" long-clickable="false" password="false" scrollable="false" selected="false" bounds="[0,1518][1080,1590]" displayed="true" a11y-important="false" screen-reader-focusable="false" drawing-order="4" showing-hint="false" text-entry-key="false" dismissable="false" a11y-focused="false" heading="false" live-region="0" context-clickable="false" content-invalid="false" window-id="0" />
            <android.view.ViewGroup index="5" package="com.android.launcher3" class="android.view.ViewGroup" text="" resource-id="com.android.launcher3:id/hotseat" checkable="false" checked="false" clickable="false" enabled="true" focusable="false" focused="false" long-clickable="false" password="false" scrollable="false" selected="false" bounds="[0,1590][1080,1920]" displayed="true" a11y-important="false" screen-reader-focusable="false" drawing-order="3" showing-hint="false" text-entry-key="false" dismissable="false" a11y-focused="false" heading="false" live-region="0" context-clickable="false" content-invalid="false" window-id="0">
              <android.view.ViewGroup index="0" package="com.android.launcher3" class="android.view.ViewGroup" text="" checkable="false" checked="false" clickable="false" enabled="true" focusable="false" focused="false" long-clickable="false" password="false" scrollable="false" selected="false" bounds="[24,1590][1056,1773]" displayed="true" a11y-important="false" screen-reader-focusable="false" drawing-order="1" showing-hint="false" text-entry-key="false" dismissable="false" a11y-focused="false" heading="false" live-region="0" context-clickable="false" content-invalid="false" window-id="0">
                <android.widget.TextView index="0" package="com.android.launcher3" class="android.widget.TextView" text="Telepon" content-desc="Telepon" checkable="false" checked="false" clickable="true" enabled="true" focusable="true" focused="false" long-clickable="true" password="false" scrollable="false" selected="false" bounds="[24,1590][282,1773]" displayed="true" a11y-important="true" screen-reader-focusable="false" drawing-order="1" showing-hint="false" text-entry-key="false" dismissable="false" a11y-focused="false" heading="false" live-region="0" context-clickable="false" content-invalid="false" window-id="0" />
                <android.widget.TextView index="1" package="com.android.launcher3" class="android.widget.TextView" text="Perpesanan" content-desc="Perpesanan" checkable="false" checked="false" clickable="true" enabled="true" focusable="true" focused="false" long-clickable="true" password="false" scrollable="false" selected="false" bounds="[282,1590][540,1773]" displayed="true" a11y-important="true" screen-reader-focusable="false" drawing-order="2" showing-hint="false" text-entry-key="false" dismissable="false" a11y-focused="false" heading="false" live-region="0" context-clickable="false" content-invalid="false" window-id="0" />
                <android.widget.TextView index="2" package="com.android.launcher3" class="android.widget.TextView" text="Chrome" content-desc="Chrome" checkable="false" checked="false" clickable="true" enabled="true" focusable="true" focused="false" long-clickable="true" password="false" scrollable="false" selected="false" bounds="[540,1590][798,1773]" displayed="true" a11y-important="true" screen-reader-focusable="false" drawing-order="3" showing-hint="false" text-entry-key="false" dismissable="false" a11y-focused="false" heading="false" live-region="0" context-clickable="false" content-invalid="false" window-id="0" />
                <android.widget.TextView index="3" package="com.android.launcher3" class="android.widget.TextView" text="Open Camera" content-desc="Open Camera" checkable="false" checked="false" clickable="true" enabled="true" focusable="true" focused="false" long-clickable="true" password="false" scrollable="false" selected="false" bounds="[798,1590][1056,1773]" displayed="true" a11y-important="true" screen-reader-focusable="false" drawing-order="4" showing-hint="false" text-entry-key="false" dismissable="false" a11y-focused="false" heading="false" live-region="0" context-clickable="false" content-invalid="false" window-id="0" />
              </android.view.ViewGroup>
            </android.view.ViewGroup>
          </android.widget.FrameLayout>
        </android.widget.FrameLayout>
      </android.widget.FrameLayout>
    </android.widget.LinearLayout>
  </android.widget.FrameLayout>
</hierarchy>
等待 Continue with Google 按钮出现...
2026-04-15T02:59:43.170Z INFO webdriver: COMMAND findElements("accessibility id", "Continue with Google")
2026-04-15T02:59:43.171Z INFO webdriver: [POST] http://127.0.0.1:4724/session/f31bcc9b-1039-4672-894e-8b42595a4fcf/elements
2026-04-15T02:59:43.171Z INFO webdriver: DATA {"using":"accessibility id","value":"Continue with Google"}
2026-04-15T02:59:43.225Z INFO webdriver: RESULT []
2026-04-15T02:59:43.228Z INFO webdriver: COMMAND findElements("-android uiautomator", "new UiSelector().text("Continue with Google")")
2026-04-15T02:59:43.228Z INFO webdriver: [POST] http://127.0.0.1:4724/session/f31bcc9b-1039-4672-894e-8b42595a4fcf/elements
2026-04-15T02:59:43.228Z INFO webdriver: DATA {"using":"-android uiautomator","value":"new UiSelector().text(\"Continue with Google\")"}
2026-04-15T02:59:43.281Z INFO webdriver: RESULT []
2026-04-15T02:59:43.282Z INFO webdriver: COMMAND findElements("-android uiautomator", "new UiSelector().textContains("Continue with Google")")
2026-04-15T02:59:43.282Z INFO webdriver: [POST] http://127.0.0.1:4724/session/f31bcc9b-1039-4672-894e-8b42595a4fcf/elements
2026-04-15T02:59:43.282Z INFO webdriver: DATA {"using":"-android uiautomator","value":"new UiSelector().textContains(\"Continue with Google\")"}
2026-04-15T02:59:43.343Z INFO webdriver: RESULT []
2026-04-15T02:59:43.344Z INFO webdriver: COMMAND findElements("-android uiautomator", "new UiSelector().textContains("Google")")
2026-04-15T02:59:43.344Z INFO webdriver: [POST] http://127.0.0.1:4724/session/f31bcc9b-1039-4672-894e-8b42595a4fcf/elements
2026-04-15T02:59:43.344Z INFO webdriver: DATA {"using":"-android uiautomator","value":"new UiSelector().textContains(\"Google\")"}
2026-04-15T02:59:43.404Z INFO webdriver: RESULT []
2026-04-15T02:59:43.406Z INFO webdriver: COMMAND findElements("-android uiautomator", "new UiSelector().description("Continue with Google")")
2026-04-15T02:59:43.406Z INFO webdriver: [POST] http://127.0.0.1:4724/session/f31bcc9b-1039-4672-894e-8b42595a4fcf/elements
2026-04-15T02:59:43.406Z INFO webdriver: DATA {"using":"-android uiautomator","value":"new UiSelector().description(\"Continue with Google\")"}
2026-04-15T02:59:43.462Z INFO webdriver: RESULT []
2026-04-15T02:59:43.463Z INFO webdriver: COMMAND findElements("-android uiautomator", "new UiSelector().descriptionContains("Continue with Google")")
2026-04-15T02:59:43.463Z INFO webdriver: [POST] http://127.0.0.1:4724/session/f31bcc9b-1039-4672-894e-8b42595a4fcf/elements
2026-04-15T02:59:43.463Z INFO webdriver: DATA {"using":"-android uiautomator","value":"new UiSelector().descriptionContains(\"Continue with Google\")"}
2026-04-15T02:59:43.513Z INFO webdriver: RESULT []
2026-04-15T02:59:43.514Z INFO webdriver: COMMAND findElements("-android uiautomator", "new UiSelector().descriptionContains("Google")")
2026-04-15T02:59:43.514Z INFO webdriver: [POST] http://127.0.0.1:4724/session/f31bcc9b-1039-4672-894e-8b42595a4fcf/elements
2026-04-15T02:59:43.514Z INFO webdriver: DATA {"using":"-android uiautomator","value":"new UiSelector().descriptionContains(\"Google\")"}
2026-04-15T02:59:43.564Z INFO webdriver: RESULT []
2026-04-15T02:59:43.565Z INFO webdriver: COMMAND findElements("xpath", "//*[@text="Continue with Google" or @content-desc="Continue with Google"]")
2026-04-15T02:59:43.565Z INFO webdriver: [POST] http://127.0.0.1:4724/session/f31bcc9b-1039-4672-894e-8b42595a4fcf/elements
2026-04-15T02:59:43.565Z INFO webdriver: DATA {"using":"xpath","value":"//*[@text=\"Continue with Google\" or @content-desc=\"Continue with Google\"]"}
2026-04-15T02:59:43.649Z INFO webdriver: RESULT []
2026-04-15T02:59:43.650Z INFO webdriver: COMMAND findElements("xpath", "//*[contains(@text,"Google") or contains(@content-desc,"Google")]")
2026-04-15T02:59:43.650Z INFO webdriver: [POST] http://127.0.0.1:4724/session/f31bcc9b-1039-4672-894e-8b42595a4fcf/elements
2026-04-15T02:59:43.650Z INFO webdriver: DATA {"using":"xpath","value":"//*[contains(@text,\"Google\") or contains(@content-desc,\"Google\")]"}
2026-04-15T02:59:43.734Z INFO webdriver: RESULT []
2026-04-15T02:59:43.735Z INFO webdriver: COMMAND findElements("xpath", "//*[contains(translate(@text,"ABCDEFGHIJKLMNOPQRSTUVWXYZ","abcdefghijklmnopqrstuvwxyz"),"google") or contains(translate(@content-desc,"ABCDEFGHIJKLMNOPQRSTUVWXYZ","abcdefghijklmnopqrstuvwxyz"),"google")]")
2026-04-15T02:59:43.735Z INFO webdriver: [POST] http://127.0.0.1:4724/session/f31bcc9b-1039-4672-894e-8b42595a4fcf/elements
2026-04-15T02:59:43.735Z INFO webdriver: DATA {"using":"xpath","value":"//*[contains(translate(@text,\"ABCDEFGHIJKLMNOPQRSTUVWXYZ\",\"abcdefghijklmnopqrstuvwxyz\"),\"google\") or contains(translate(@content-desc,\"ABCDEFGHIJKLMNOPQRSTUVWXYZ\",\"abcdefghijklmnopqrstuvwxyz\"),\"google\")]"}
2026-04-15T02:59:43.831Z INFO webdriver: RESULT []
2026-04-15T02:59:43.832Z INFO webdriver: COMMAND getPageSource()
2026-04-15T02:59:43.832Z INFO webdriver: [GET] http://127.0.0.1:4724/session/f31bcc9b-1039-4672-894e-8b42595a4fcf/source
2026-04-15T02:59:44.012Z INFO webdriver: RESULT <?xml version='1.0' encoding='UTF-8' standalone='yes' ?>
<hierarchy index="0" class="hierarchy" rotation="0" width="1080" height="1920">
  <android.widget.FrameLayout index="0" package="com.android.launcher3" class="android.widget.FrameLayout" text="" checkable="false" checked="false" clickable="false" enabled="true" focusable="false" focused="false" long-clickable="false" password="false" scrollable="false" selected="false" bounds="[0,0][1080,1920]" displayed="true" a11y-important="true" screen-reader-focusable="false" drawing-order="0" showing-hint="false" text-entry-key="false" dismissable="false" a11y-focused="false" heading="false" live-region="0" context-clickable="false" content-invalid="false" window-id="0">
    <android.widget.LinearLayout index="0" package="com.android.launcher3" class="android.widget.LinearLayout" text="" checkable="false" checked="false" clickable="false" enabled="true" focusable="false" focused="false" long-clickable="false" password="false" scrollable="false" selected="false" bounds="[0,0][1080,1920]" displayed="true" a11y-important="false" screen-reader-focusable="false" drawing-order="1" showing-hint="false" text-entry-key="false" dismissable="false" a11y-focused="false" heading="false" live-region="0" context-clickable="false" content-invalid="false" window-id="0">
      <android.widget.FrameLayout index="0" package="com.android.launcher3" class="android.widget.FrameLayout" text="" resource-id="android:id/content" checkable="false" checked="false" clickable="false" enabled="true" focusable="false" focused="false" long-clickable="false" password="false" scrollable="false" selected="false" bounds="[0,0][1080,1920]" displayed="true" a11y-important="false" screen-reader-focusable="false" drawing-order="2" showing-hint="false" text-entry-key="false" dismissable="false" a11y-focused="false" heading="false" live-region="0" context-clickable="false" content-invalid="false" window-id="0">
        <android.widget.FrameLayout index="0" package="com.android.launcher3" class="android.widget.FrameLayout" text="" resource-id="com.android.launcher3:id/launcher" checkable="false" checked="false" clickable="false" enabled="true" focusable="false" focused="false" long-clickable="false" password="false" scrollable="false" selected="false" bounds="[0,0][1080,1920]" displayed="true" a11y-important="false" screen-reader-focusable="false" drawing-order="1" showing-hint="false" text-entry-key="false" dismissable="false" a11y-focused="false" heading="false" live-region="0" context-clickable="false" content-invalid="false" window-id="0">
          <android.widget.FrameLayout index="0" package="com.android.launcher3" class="android.widget.FrameLayout" text="" resource-id="com.android.launcher3:id/drag_layer" checkable="false" checked="false" clickable="false" enabled="true" focusable="false" focused="false" long-clickable="false" password="false" scrollable="false" selected="false" bounds="[0,0][1080,1920]" displayed="true" a11y-important="false" screen-reader-focusable="false" drawing-order="1" showing-hint="false" text-entry-key="false" dismissable="false" a11y-focused="false" heading="false" live-region="0" context-clickable="false" content-invalid="false" window-id="0">
            <android.view.View index="0" package="com.android.launcher3" class="android.view.View" text="" resource-id="com.android.launcher3:id/scrim_view" checkable="false" checked="false" clickable="false" enabled="true" focusable="false" focused="false" long-clickable="false" password="false" scrollable="false" selected="false" bounds="[0,0][1080,1920]" displayed="true" a11y-important="false" screen-reader-focusable="false" drawing-order="6" showing-hint="false" text-entry-key="false" dismissable="false" a11y-focused="false" heading="false" live-region="0" context-clickable="false" content-invalid="false" window-id="0" />
            <android.widget.ScrollView index="1" package="com.android.launcher3" class="android.widget.ScrollView" text="" resource-id="com.android.launcher3:id/workspace" checkable="false" checked="false" clickable="false" enabled="true" focusable="false" focused="false" long-clickable="false" password="false" scrollable="true" selected="false" bounds="[0,0][1080,1920]" displayed="true" a11y-important="true" screen-reader-focusable="false" drawing-order="2" showing-hint="false" text-entry-key="false" dismissable="false" a11y-focused="false" heading="false" live-region="0" context-clickable="false" content-invalid="false" window-id="0">
              <android.view.ViewGroup index="0" package="com.android.launcher3" class="android.view.ViewGroup" text="" checkable="false" checked="false" clickable="false" enabled="true" focusable="false" focused="false" long-clickable="false" password="false" scrollable="false" selected="false" bounds="[0,72][1080,1550]" displayed="true" a11y-important="false" screen-reader-focusable="false" drawing-order="1" showing-hint="false" text-entry-key="false" dismissable="false" a11y-focused="false" heading="false" live-region="0" context-clickable="false" content-invalid="false" window-id="0">
                <android.view.ViewGroup index="0" package="com.android.launcher3" class="android.view.ViewGroup" text="" checkable="false" checked="false" clickable="false" enabled="true" focusable="false" focused="false" long-clickable="false" password="false" scrollable="false" selected="false" bounds="[24,104][1056,1518]" displayed="true" a11y-important="false" screen-reader-focusable="false" drawing-order="1" showing-hint="false" text-entry-key="false" dismissable="false" a11y-focused="false" heading="false" live-region="0" context-clickable="false" content-invalid="false" window-id="0">
                  <android.widget.FrameLayout index="0" package="com.android.launcher3" class="android.widget.FrameLayout" text="" resource-id="com.android.launcher3:id/search_container_workspace" checkable="false" checked="false" clickable="false" enabled="true" focusable="false" focused="false" long-clickable="false" password="false" scrollable="false" selected="false" bounds="[24,104][1056,457]" displayed="true" a11y-important="false" screen-reader-focusable="false" drawing-order="1" showing-hint="false" text-entry-key="false" dismissable="false" a11y-focused="false" heading="false" live-region="0" context-clickable="false" content-invalid="false" window-id="0">
                    <android.widget.FrameLayout index="0" package="com.android.launcher3" class="android.widget.FrameLayout" text="" checkable="false" checked="false" clickable="false" enabled="true" focusable="false" focused="false" long-clickable="false" password="false" scrollable="false" selected="false" bounds="[24,104][1056,457]" displayed="true" a11y-important="false" screen-reader-focusable="false" drawing-order="1" showing-hint="false" text-entry-key="false" dismissable="false" a11y-focused="false" heading="false" live-region="0" context-clickable="false" content-invalid="false" window-id="0">
                      <android.appwidget.AppWidgetHostView index="0" package="com.android.launcher3" class="android.appwidget.AppWidgetHostView" text="" content-desc="Search" resource-id="com.android.launcher3:id/qsb_widget" checkable="false" checked="false" clickable="false" enabled="true" focusable="true" focused="false" long-clickable="false" password="false" scrollable="false" selected="false" bounds="[24,104][1056,457]" displayed="true" a11y-important="true" screen-reader-focusable="false" drawing-order="1" showing-hint="false" text-entry-key="false" dismissable="false" a11y-focused="false" heading="false" live-region="0" context-clickable="false" content-invalid="false" window-id="0">
                        <android.widget.RelativeLayout index="0" package="com.android.quicksearchbox" class="android.widget.RelativeLayout" text="" checkable="false" checked="false" clickable="false" enabled="true" focusable="false" focused="false" long-clickable="false" password="false" scrollable="false" selected="false" bounds="[24,104][1056,457]" displayed="true" a11y-important="false" screen-reader-focusable="false" drawing-order="1" showing-hint="false" text-entry-key="false" dismissable="false" a11y-focused="false" heading="false" live-region="0" context-clickable="false" content-invalid="false" window-id="0">
                          <android.widget.LinearLayout index="0" package="com.android.quicksearchbox" class="android.widget.LinearLayout" text="" resource-id="com.android.quicksearchbox:id/search_plate" checkable="false" checked="false" clickable="false" enabled="true" focusable="false" focused="false" long-clickable="false" password="false" scrollable="false" selected="false" bounds="[24,172][1056,388]" displayed="true" a11y-important="false" screen-reader-focusable="false" drawing-order="1" showing-hint="false" text-entry-key="false" dismissable="false" a11y-focused="false" heading="false" live-region="0" context-clickable="false" content-invalid="false" window-id="0">
                            <android.widget.ImageView index="0" package="com.android.quicksearchbox" class="android.widget.ImageView" text="" resource-id="com.android.quicksearchbox:id/search_icon" checkable="false" checked="false" clickable="true" enabled="true" focusable="false" focused="false" long-clickable="false" password="false" scrollable="false" selected="false" bounds="[51,208][195,352]" displayed="true" a11y-important="true" screen-reader-focusable="false" drawing-order="1" showing-hint="false" text-entry-key="false" dismissable="false" a11y-focused="false" heading="false" live-region="0" context-clickable="false" content-invalid="false" window-id="0" />
                            <android.widget.TextView index="1" package="com.android.quicksearchbox" class="android.widget.TextView" text="" resource-id="com.android.quicksearchbox:id/search_widget_text" checkable="false" checked="false" clickable="true" enabled="true" focusable="true" focused="false" long-clickable="false" password="false" scrollable="false" selected="false" bounds="[195,217][1014,343]" displayed="true" a11y-important="true" screen-reader-focusable="false" drawing-order="2" showing-hint="false" text-entry-key="false" dismissable="false" a11y-focused="false" heading="false" live-region="0" context-clickable="false" content-invalid="false" window-id="0" />
                          </android.widget.LinearLayout>
                        </android.widget.RelativeLayout>
                      </android.appwidget.AppWidgetHostView>
                    </android.widget.FrameLayout>
                  </android.widget.FrameLayout>
                  <android.widget.TextView index="1" package="com.android.launcher3" class="android.widget.TextView" text="Galeri" content-desc="Galeri" checkable="false" checked="false" clickable="true" enabled="true" focusable="true" focused="false" long-clickable="true" password="false" scrollable="false" selected="false" bounds="[282,1163][540,1516]" displayed="true" a11y-important="true" screen-reader-focusable="false" drawing-order="2" showing-hint="false" text-entry-key="false" dismissable="false" a11y-focused="false" heading="false" live-region="0" context-clickable="false" content-invalid="false" window-id="0" />
                  <android.widget.TextView index="2" package="com.android.launcher3" class="android.widget.TextView" text="Play Store" content-desc="Play Store" checkable="false" checked="false" clickable="true" enabled="true" focusable="true" focused="false" long-clickable="true" password="false" scrollable="false" selected="false" bounds="[798,1163][1056,1516]" displayed="true" a11y-important="true" screen-reader-focusable="false" drawing-order="3" showing-hint="false" text-entry-key="false" dismissable="false" a11y-focused="false" heading="false" live-region="0" context-clickable="false" content-invalid="false" window-id="0" />
                </android.view.ViewGroup>
              </android.view.ViewGroup>
            </android.widget.ScrollView>
            <android.view.View index="2" package="com.android.launcher3" class="android.view.View" text="" content-desc="Layar utama" checkable="false" checked="false" clickable="false" enabled="true" focusable="false" focused="false" long-clickable="false" password="false" scrollable="false" selected="false" bounds="[0,72][1080,1776]" displayed="true" a11y-important="true" screen-reader-focusable="false" drawing-order="1" showing-hint="false" text-entry-key="false" dismissable="false" a11y-focused="false" heading="false" live-region="0" context-clickable="false" content-invalid="false" window-id="0" />
            <android.widget.FrameLayout index="3" package="com.android.launcher3" class="android.widget.FrameLayout" text="" resource-id="com.android.launcher3:id/overview_actions_view" checkable="false" checked="false" clickable="false" enabled="true" focusable="false" focused="false" long-clickable="false" password="false" scrollable="false" selected="false" bounds="[0,1416][1080,1920]" displayed="true" a11y-important="false" screen-reader-focusable="false" drawing-order="8" showing-hint="false" text-entry-key="false" dismissable="false" a11y-focused="false" heading="false" live-region="0" context-clickable="false" content-invalid="false" window-id="0" />
            <android.view.View index="4" package="com.android.launcher3" class="android.view.View" text="" resource-id="com.android.launcher3:id/page_indicator" checkable="false" checked="false" clickable="false" enabled="true" focusable="false" focused="false" long-clickable="false" password="false" scrollable="false" selected="false" bounds="[0,1518][1080,1590]" displayed="true" a11y-important="false" screen-reader-focusable="false" drawing-order="4" showing-hint="false" text-entry-key="false" dismissable="false" a11y-focused="false" heading="false" live-region="0" context-clickable="false" content-invalid="false" window-id="0" />
            <android.view.ViewGroup index="5" package="com.android.launcher3" class="android.view.ViewGroup" text="" resource-id="com.android.launcher3:id/hotseat" checkable="false" checked="false" clickable="false" enabled="true" focusable="false" focused="false" long-clickable="false" password="false" scrollable="false" selected="false" bounds="[0,1590][1080,1920]" displayed="true" a11y-important="false" screen-reader-focusable="false" drawing-order="3" showing-hint="false" text-entry-key="false" dismissable="false" a11y-focused="false" heading="false" live-region="0" context-clickable="false" content-invalid="false" window-id="0">
              <android.view.ViewGroup index="0" package="com.android.launcher3" class="android.view.ViewGroup" text="" checkable="false" checked="false" clickable="false" enabled="true" focusable="false" focused="false" long-clickable="false" password="false" scrollable="false" selected="false" bounds="[24,1590][1056,1773]" displayed="true" a11y-important="false" screen-reader-focusable="false" drawing-order="1" showing-hint="false" text-entry-key="false" dismissable="false" a11y-focused="false" heading="false" live-region="0" context-clickable="false" content-invalid="false" window-id="0">
                <android.widget.TextView index="0" package="com.android.launcher3" class="android.widget.TextView" text="Telepon" content-desc="Telepon" checkable="false" checked="false" clickable="true" enabled="true" focusable="true" focused="false" long-clickable="true" password="false" scrollable="false" selected="false" bounds="[24,1590][282,1773]" displayed="true" a11y-important="true" screen-reader-focusable="false" drawing-order="1" showing-hint="false" text-entry-key="false" dismissable="false" a11y-focused="false" heading="false" live-region="0" context-clickable="false" content-invalid="false" window-id="0" />
                <android.widget.TextView index="1" package="com.android.launcher3" class="android.widget.TextView" text="Perpesanan" content-desc="Perpesanan" checkable="false" checked="false" clickable="true" enabled="true" focusable="true" focused="false" long-clickable="true" password="false" scrollable="false" selected="false" bounds="[282,1590][540,1773]" displayed="true" a11y-important="true" screen-reader-focusable="false" drawing-order="2" showing-hint="false" text-entry-key="false" dismissable="false" a11y-focused="false" heading="false" live-region="0" context-clickable="false" content-invalid="false" window-id="0" />
                <android.widget.TextView index="2" package="com.android.launcher3" class="android.widget.TextView" text="Chrome" content-desc="Chrome" checkable="false" checked="false" clickable="true" enabled="true" focusable="true" focused="false" long-clickable="true" password="false" scrollable="false" selected="false" bounds="[540,1590][798,1773]" displayed="true" a11y-important="true" screen-reader-focusable="false" drawing-order="3" showing-hint="false" text-entry-key="false" dismissable="false" a11y-focused="false" heading="false" live-region="0" context-clickable="false" content-invalid="false" window-id="0" />
                <android.widget.TextView index="3" package="com.android.launcher3" class="android.widget.TextView" text="Open Camera" content-desc="Open Camera" checkable="false" checked="false" clickable="true" enabled="true" focusable="true" focused="false" long-clickable="true" password="false" scrollable="false" selected="false" bounds="[798,1590][1056,1773]" displayed="true" a11y-important="true" screen-reader-focusable="false" drawing-order="4" showing-hint="false" text-entry-key="false" dismissable="false" a11y-focused="false" heading="false" live-region="0" context-clickable="false" content-invalid="false" window-id="0" />
              </android.view.ViewGroup>
            </android.view.ViewGroup>
          </android.widget.FrameLayout>
        </android.widget.FrameLayout>
      </android.widget.FrameLayout>
    </android.widget.LinearLayout>
  </android.widget.FrameLayout>
</hierarchy>
等待 Continue with Google 按钮出现...
2026-04-15T02:59:46.018Z INFO webdriver: COMMAND findElements("accessibility id", "Continue with Google")
2026-04-15T02:59:46.018Z INFO webdriver: [POST] http://127.0.0.1:4724/session/f31bcc9b-1039-4672-894e-8b42595a4fcf/elements
2026-04-15T02:59:46.018Z INFO webdriver: DATA {"using":"accessibility id","value":"Continue with Google"}
2026-04-15T02:59:46.069Z INFO webdriver: RESULT []
2026-04-15T02:59:46.070Z INFO webdriver: COMMAND findElements("-android uiautomator", "new UiSelector().text("Continue with Google")")
2026-04-15T02:59:46.070Z INFO webdriver: [POST] http://127.0.0.1:4724/session/f31bcc9b-1039-4672-894e-8b42595a4fcf/elements
2026-04-15T02:59:46.070Z INFO webdriver: DATA {"using":"-android uiautomator","value":"new UiSelector().text(\"Continue with Google\")"}
2026-04-15T02:59:46.124Z INFO webdriver: RESULT []
2026-04-15T02:59:46.125Z INFO webdriver: COMMAND findElements("-android uiautomator", "new UiSelector().textContains("Continue with Google")")
2026-04-15T02:59:46.125Z INFO webdriver: [POST] http://127.0.0.1:4724/session/f31bcc9b-1039-4672-894e-8b42595a4fcf/elements
2026-04-15T02:59:46.125Z INFO webdriver: DATA {"using":"-android uiautomator","value":"new UiSelector().textContains(\"Continue with Google\")"}
2026-04-15T02:59:46.182Z INFO webdriver: RESULT []
2026-04-15T02:59:46.183Z INFO webdriver: COMMAND findElements("-android uiautomator", "new UiSelector().textContains("Google")")
2026-04-15T02:59:46.183Z INFO webdriver: [POST] http://127.0.0.1:4724/session/f31bcc9b-1039-4672-894e-8b42595a4fcf/elements
2026-04-15T02:59:46.183Z INFO webdriver: DATA {"using":"-android uiautomator","value":"new UiSelector().textContains(\"Google\")"}
2026-04-15T02:59:46.238Z INFO webdriver: RESULT []
2026-04-15T02:59:46.238Z INFO webdriver: COMMAND findElements("-android uiautomator", "new UiSelector().description("Continue with Google")")
2026-04-15T02:59:46.239Z INFO webdriver: [POST] http://127.0.0.1:4724/session/f31bcc9b-1039-4672-894e-8b42595a4fcf/elements
2026-04-15T02:59:46.239Z INFO webdriver: DATA {"using":"-android uiautomator","value":"new UiSelector().description(\"Continue with Google\")"}
2026-04-15T02:59:46.289Z INFO webdriver: RESULT []
2026-04-15T02:59:46.290Z INFO webdriver: COMMAND findElements("-android uiautomator", "new UiSelector().descriptionContains("Continue with Google")")
2026-04-15T02:59:46.290Z INFO webdriver: [POST] http://127.0.0.1:4724/session/f31bcc9b-1039-4672-894e-8b42595a4fcf/elements
2026-04-15T02:59:46.290Z INFO webdriver: DATA {"using":"-android uiautomator","value":"new UiSelector().descriptionContains(\"Continue with Google\")"}
2026-04-15T02:59:46.344Z INFO webdriver: RESULT []
2026-04-15T02:59:46.345Z INFO webdriver: COMMAND findElements("-android uiautomator", "new UiSelector().descriptionContains("Google")")
2026-04-15T02:59:46.345Z INFO webdriver: [POST] http://127.0.0.1:4724/session/f31bcc9b-1039-4672-894e-8b42595a4fcf/elements
2026-04-15T02:59:46.345Z INFO webdriver: DATA {"using":"-android uiautomator","value":"new UiSelector().descriptionContains(\"Google\")"}
2026-04-15T02:59:46.403Z INFO webdriver: RESULT []
2026-04-15T02:59:46.404Z INFO webdriver: COMMAND findElements("xpath", "//*[@text="Continue with Google" or @content-desc="Continue with Google"]")
2026-04-15T02:59:46.404Z INFO webdriver: [POST] http://127.0.0.1:4724/session/f31bcc9b-1039-4672-894e-8b42595a4fcf/elements
2026-04-15T02:59:46.404Z INFO webdriver: DATA {"using":"xpath","value":"//*[@text=\"Continue with Google\" or @content-desc=\"Continue with Google\"]"}
2026-04-15T02:59:46.496Z INFO webdriver: RESULT []
2026-04-15T02:59:46.497Z INFO webdriver: COMMAND findElements("xpath", "//*[contains(@text,"Google") or contains(@content-desc,"Google")]")
2026-04-15T02:59:46.497Z INFO webdriver: [POST] http://127.0.0.1:4724/session/f31bcc9b-1039-4672-894e-8b42595a4fcf/elements
2026-04-15T02:59:46.497Z INFO webdriver: DATA {"using":"xpath","value":"//*[contains(@text,\"Google\") or contains(@content-desc,\"Google\")]"}
2026-04-15T02:59:46.577Z INFO webdriver: RESULT []
2026-04-15T02:59:46.578Z INFO webdriver: COMMAND findElements("xpath", "//*[contains(translate(@text,"ABCDEFGHIJKLMNOPQRSTUVWXYZ","abcdefghijklmnopqrstuvwxyz"),"google") or contains(translate(@content-desc,"ABCDEFGHIJKLMNOPQRSTUVWXYZ","abcdefghijklmnopqrstuvwxyz"),"google")]")
2026-04-15T02:59:46.578Z INFO webdriver: [POST] http://127.0.0.1:4724/session/f31bcc9b-1039-4672-894e-8b42595a4fcf/elements
2026-04-15T02:59:46.578Z INFO webdriver: DATA {"using":"xpath","value":"//*[contains(translate(@text,\"ABCDEFGHIJKLMNOPQRSTUVWXYZ\",\"abcdefghijklmnopqrstuvwxyz\"),\"google\") or contains(translate(@content-desc,\"ABCDEFGHIJKLMNOPQRSTUVWXYZ\",\"abcdefghijklmnopqrstuvwxyz\"),\"google\")]"}
2026-04-15T02:59:46.665Z INFO webdriver: RESULT []
2026-04-15T02:59:46.666Z INFO webdriver: COMMAND getPageSource()
2026-04-15T02:59:46.666Z INFO webdriver: [GET] http://127.0.0.1:4724/session/f31bcc9b-1039-4672-894e-8b42595a4fcf/source
2026-04-15T02:59:46.766Z INFO webdriver: RESULT <?xml version='1.0' encoding='UTF-8' standalone='yes' ?>
<hierarchy index="0" class="hierarchy" rotation="0" width="1080" height="1920">
  <android.widget.FrameLayout index="0" package="com.android.launcher3" class="android.widget.FrameLayout" text="" checkable="false" checked="false" clickable="false" enabled="true" focusable="false" focused="false" long-clickable="false" password="false" scrollable="false" selected="false" bounds="[0,0][1080,1920]" displayed="true" a11y-important="true" screen-reader-focusable="false" drawing-order="0" showing-hint="false" text-entry-key="false" dismissable="false" a11y-focused="false" heading="false" live-region="0" context-clickable="false" content-invalid="false" window-id="0">
    <android.widget.LinearLayout index="0" package="com.android.launcher3" class="android.widget.LinearLayout" text="" checkable="false" checked="false" clickable="false" enabled="true" focusable="false" focused="false" long-clickable="false" password="false" scrollable="false" selected="false" bounds="[0,0][1080,1920]" displayed="true" a11y-important="false" screen-reader-focusable="false" drawing-order="1" showing-hint="false" text-entry-key="false" dismissable="false" a11y-focused="false" heading="false" live-region="0" context-clickable="false" content-invalid="false" window-id="0">
      <android.widget.FrameLayout index="0" package="com.android.launcher3" class="android.widget.FrameLayout" text="" resource-id="android:id/content" checkable="false" checked="false" clickable="false" enabled="true" focusable="false" focused="false" long-clickable="false" password="false" scrollable="false" selected="false" bounds="[0,0][1080,1920]" displayed="true" a11y-important="false" screen-reader-focusable="false" drawing-order="2" showing-hint="false" text-entry-key="false" dismissable="false" a11y-focused="false" heading="false" live-region="0" context-clickable="false" content-invalid="false" window-id="0">
        <android.widget.FrameLayout index="0" package="com.android.launcher3" class="android.widget.FrameLayout" text="" resource-id="com.android.launcher3:id/launcher" checkable="false" checked="false" clickable="false" enabled="true" focusable="false" focused="false" long-clickable="false" password="false" scrollable="false" selected="false" bounds="[0,0][1080,1920]" displayed="true" a11y-important="false" screen-reader-focusable="false" drawing-order="1" showing-hint="false" text-entry-key="false" dismissable="false" a11y-focused="false" heading="false" live-region="0" context-clickable="false" content-invalid="false" window-id="0">
          <android.widget.FrameLayout index="0" package="com.android.launcher3" class="android.widget.FrameLayout" text="" resource-id="com.android.launcher3:id/drag_layer" checkable="false" checked="false" clickable="false" enabled="true" focusable="false" focused="false" long-clickable="false" password="false" scrollable="false" selected="false" bounds="[0,0][1080,1920]" displayed="true" a11y-important="false" screen-reader-focusable="false" drawing-order="1" showing-hint="false" text-entry-key="false" dismissable="false" a11y-focused="false" heading="false" live-region="0" context-clickable="false" content-invalid="false" window-id="0">
            <android.view.View index="0" package="com.android.launcher3" class="android.view.View" text="" resource-id="com.android.launcher3:id/scrim_view" checkable="false" checked="false" clickable="false" enabled="true" focusable="false" focused="false" long-clickable="false" password="false" scrollable="false" selected="false" bounds="[0,0][1080,1920]" displayed="true" a11y-important="false" screen-reader-focusable="false" drawing-order="6" showing-hint="false" text-entry-key="false" dismissable="false" a11y-focused="false" heading="false" live-region="0" context-clickable="false" content-invalid="false" window-id="0" />
            <android.widget.ScrollView index="1" package="com.android.launcher3" class="android.widget.ScrollView" text="" resource-id="com.android.launcher3:id/workspace" checkable="false" checked="false" clickable="false" enabled="true" focusable="false" focused="false" long-clickable="false" password="false" scrollable="true" selected="false" bounds="[0,0][1080,1920]" displayed="true" a11y-important="true" screen-reader-focusable="false" drawing-order="2" showing-hint="false" text-entry-key="false" dismissable="false" a11y-focused="false" heading="false" live-region="0" context-clickable="false" content-invalid="false" window-id="0">
              <android.view.ViewGroup index="0" package="com.android.launcher3" class="android.view.ViewGroup" text="" checkable="false" checked="false" clickable="false" enabled="true" focusable="false" focused="false" long-clickable="false" password="false" scrollable="false" selected="false" bounds="[0,72][1080,1550]" displayed="true" a11y-important="false" screen-reader-focusable="false" drawing-order="1" showing-hint="false" text-entry-key="false" dismissable="false" a11y-focused="false" heading="false" live-region="0" context-clickable="false" content-invalid="false" window-id="0">
                <android.view.ViewGroup index="0" package="com.android.launcher3" class="android.view.ViewGroup" text="" checkable="false" checked="false" clickable="false" enabled="true" focusable="false" focused="false" long-clickable="false" password="false" scrollable="false" selected="false" bounds="[24,104][1056,1518]" displayed="true" a11y-important="false" screen-reader-focusable="false" drawing-order="1" showing-hint="false" text-entry-key="false" dismissable="false" a11y-focused="false" heading="false" live-region="0" context-clickable="false" content-invalid="false" window-id="0">
                  <android.widget.FrameLayout index="0" package="com.android.launcher3" class="android.widget.FrameLayout" text="" resource-id="com.android.launcher3:id/search_container_workspace" checkable="false" checked="false" clickable="false" enabled="true" focusable="false" focused="false" long-clickable="false" password="false" scrollable="false" selected="false" bounds="[24,104][1056,457]" displayed="true" a11y-important="false" screen-reader-focusable="false" drawing-order="1" showing-hint="false" text-entry-key="false" dismissable="false" a11y-focused="false" heading="false" live-region="0" context-clickable="false" content-invalid="false" window-id="0">
                    <android.widget.FrameLayout index="0" package="com.android.launcher3" class="android.widget.FrameLayout" text="" checkable="false" checked="false" clickable="false" enabled="true" focusable="false" focused="false" long-clickable="false" password="false" scrollable="false" selected="false" bounds="[24,104][1056,457]" displayed="true" a11y-important="false" screen-reader-focusable="false" drawing-order="1" showing-hint="false" text-entry-key="false" dismissable="false" a11y-focused="false" heading="false" live-region="0" context-clickable="false" content-invalid="false" window-id="0">
                      <android.appwidget.AppWidgetHostView index="0" package="com.android.launcher3" class="android.appwidget.AppWidgetHostView" text="" content-desc="Search" resource-id="com.android.launcher3:id/qsb_widget" checkable="false" checked="false" clickable="false" enabled="true" focusable="true" focused="false" long-clickable="false" password="false" scrollable="false" selected="false" bounds="[24,104][1056,457]" displayed="true" a11y-important="true" screen-reader-focusable="false" drawing-order="1" showing-hint="false" text-entry-key="false" dismissable="false" a11y-focused="false" heading="false" live-region="0" context-clickable="false" content-invalid="false" window-id="0">
                        <android.widget.RelativeLayout index="0" package="com.android.quicksearchbox" class="android.widget.RelativeLayout" text="" checkable="false" checked="false" clickable="false" enabled="true" focusable="false" focused="false" long-clickable="false" password="false" scrollable="false" selected="false" bounds="[24,104][1056,457]" displayed="true" a11y-important="false" screen-reader-focusable="false" drawing-order="1" showing-hint="false" text-entry-key="false" dismissable="false" a11y-focused="false" heading="false" live-region="0" context-clickable="false" content-invalid="false" window-id="0">
                          <android.widget.LinearLayout index="0" package="com.android.quicksearchbox" class="android.widget.LinearLayout" text="" resource-id="com.android.quicksearchbox:id/search_plate" checkable="false" checked="false" clickable="false" enabled="true" focusable="false" focused="false" long-clickable="false" password="false" scrollable="false" selected="false" bounds="[24,172][1056,388]" displayed="true" a11y-important="false" screen-reader-focusable="false" drawing-order="1" showing-hint="false" text-entry-key="false" dismissable="false" a11y-focused="false" heading="false" live-region="0" context-clickable="false" content-invalid="false" window-id="0">
                            <android.widget.ImageView index="0" package="com.android.quicksearchbox" class="android.widget.ImageView" text="" resource-id="com.android.quicksearchbox:id/search_icon" checkable="false" checked="false" clickable="true" enabled="true" focusable="false" focused="false" long-clickable="false" password="false" scrollable="false" selected="false" bounds="[51,208][195,352]" displayed="true" a11y-important="true" screen-reader-focusable="false" drawing-order="1" showing-hint="false" text-entry-key="false" dismissable="false" a11y-focused="false" heading="false" live-region="0" context-clickable="false" content-invalid="false" window-id="0" />
                            <android.widget.TextView index="1" package="com.android.quicksearchbox" class="android.widget.TextView" text="" resource-id="com.android.quicksearchbox:id/search_widget_text" checkable="false" checked="false" clickable="true" enabled="true" focusable="true" focused="false" long-clickable="false" password="false" scrollable="false" selected="false" bounds="[195,217][1014,343]" displayed="true" a11y-important="true" screen-reader-focusable="false" drawing-order="2" showing-hint="false" text-entry-key="false" dismissable="false" a11y-focused="false" heading="false" live-region="0" context-clickable="false" content-invalid="false" window-id="0" />
                          </android.widget.LinearLayout>
                        </android.widget.RelativeLayout>
                      </android.appwidget.AppWidgetHostView>
                    </android.widget.FrameLayout>
                  </android.widget.FrameLayout>
                  <android.widget.TextView index="1" package="com.android.launcher3" class="android.widget.TextView" text="Galeri" content-desc="Galeri" checkable="false" checked="false" clickable="true" enabled="true" focusable="true" focused="false" long-clickable="true" password="false" scrollable="false" selected="false" bounds="[282,1163][540,1516]" displayed="true" a11y-important="true" screen-reader-focusable="false" drawing-order="2" showing-hint="false" text-entry-key="false" dismissable="false" a11y-focused="false" heading="false" live-region="0" context-clickable="false" content-invalid="false" window-id="0" />
                  <android.widget.TextView index="2" package="com.android.launcher3" class="android.widget.TextView" text="Play Store" content-desc="Play Store" checkable="false" checked="false" clickable="true" enabled="true" focusable="true" focused="false" long-clickable="true" password="false" scrollable="false" selected="false" bounds="[798,1163][1056,1516]" displayed="true" a11y-important="true" screen-reader-focusable="false" drawing-order="3" showing-hint="false" text-entry-key="false" dismissable="false" a11y-focused="false" heading="false" live-region="0" context-clickable="false" content-invalid="false" window-id="0" />
                </android.view.ViewGroup>
              </android.view.ViewGroup>
            </android.widget.ScrollView>
            <android.view.View index="2" package="com.android.launcher3" class="android.view.View" text="" content-desc="Layar utama" checkable="false" checked="false" clickable="false" enabled="true" focusable="false" focused="false" long-clickable="false" password="false" scrollable="false" selected="false" bounds="[0,72][1080,1776]" displayed="true" a11y-important="true" screen-reader-focusable="false" drawing-order="1" showing-hint="false" text-entry-key="false" dismissable="false" a11y-focused="false" heading="false" live-region="0" context-clickable="false" content-invalid="false" window-id="0" />
            <android.widget.FrameLayout index="3" package="com.android.launcher3" class="android.widget.FrameLayout" text="" resource-id="com.android.launcher3:id/overview_actions_view" checkable="false" checked="false" clickable="false" enabled="true" focusable="false" focused="false" long-clickable="false" password="false" scrollable="false" selected="false" bounds="[0,1416][1080,1920]" displayed="true" a11y-important="false" screen-reader-focusable="false" drawing-order="8" showing-hint="false" text-entry-key="false" dismissable="false" a11y-focused="false" heading="false" live-region="0" context-clickable="false" content-invalid="false" window-id="0" />
            <android.view.View index="4" package="com.android.launcher3" class="android.view.View" text="" resource-id="com.android.launcher3:id/page_indicator" checkable="false" checked="false" clickable="false" enabled="true" focusable="false" focused="false" long-clickable="false" password="false" scrollable="false" selected="false" bounds="[0,1518][1080,1590]" displayed="true" a11y-important="false" screen-reader-focusable="false" drawing-order="4" showing-hint="false" text-entry-key="false" dismissable="false" a11y-focused="false" heading="false" live-region="0" context-clickable="false" content-invalid="false" window-id="0" />
            <android.view.ViewGroup index="5" package="com.android.launcher3" class="android.view.ViewGroup" text="" resource-id="com.android.launcher3:id/hotseat" checkable="false" checked="false" clickable="false" enabled="true" focusable="false" focused="false" long-clickable="false" password="false" scrollable="false" selected="false" bounds="[0,1590][1080,1920]" displayed="true" a11y-important="false" screen-reader-focusable="false" drawing-order="3" showing-hint="false" text-entry-key="false" dismissable="false" a11y-focused="false" heading="false" live-region="0" context-clickable="false" content-invalid="false" window-id="0">
              <android.view.ViewGroup index="0" package="com.android.launcher3" class="android.view.ViewGroup" text="" checkable="false" checked="false" clickable="false" enabled="true" focusable="false" focused="false" long-clickable="false" password="false" scrollable="false" selected="false" bounds="[24,1590][1056,1773]" displayed="true" a11y-important="false" screen-reader-focusable="false" drawing-order="1" showing-hint="false" text-entry-key="false" dismissable="false" a11y-focused="false" heading="false" live-region="0" context-clickable="false" content-invalid="false" window-id="0">
                <android.widget.TextView index="0" package="com.android.launcher3" class="android.widget.TextView" text="Telepon" content-desc="Telepon" checkable="false" checked="false" clickable="true" enabled="true" focusable="true" focused="false" long-clickable="true" password="false" scrollable="false" selected="false" bounds="[24,1590][282,1773]" displayed="true" a11y-important="true" screen-reader-focusable="false" drawing-order="1" showing-hint="false" text-entry-key="false" dismissable="false" a11y-focused="false" heading="false" live-region="0" context-clickable="false" content-invalid="false" window-id="0" />
                <android.widget.TextView index="1" package="com.android.launcher3" class="android.widget.TextView" text="Perpesanan" content-desc="Perpesanan" checkable="false" checked="false" clickable="true" enabled="true" focusable="true" focused="false" long-clickable="true" password="false" scrollable="false" selected="false" bounds="[282,1590][540,1773]" displayed="true" a11y-important="true" screen-reader-focusable="false" drawing-order="2" showing-hint="false" text-entry-key="false" dismissable="false" a11y-focused="false" heading="false" live-region="0" context-clickable="false" content-invalid="false" window-id="0" />
                <android.widget.TextView index="2" package="com.android.launcher3" class="android.widget.TextView" text="Chrome" content-desc="Chrome" checkable="false" checked="false" clickable="true" enabled="true" focusable="true" focused="false" long-clickable="true" password="false" scrollable="false" selected="false" bounds="[540,1590][798,1773]" displayed="true" a11y-important="true" screen-reader-focusable="false" drawing-order="3" showing-hint="false" text-entry-key="false" dismissable="false" a11y-focused="false" heading="false" live-region="0" context-clickable="false" content-invalid="false" window-id="0" />
                <android.widget.TextView index="3" package="com.android.launcher3" class="android.widget.TextView" text="Open Camera" content-desc="Open Camera" checkable="false" checked="false" clickable="true" enabled="true" focusable="true" focused="false" long-clickable="true" password="false" scrollable="false" selected="false" bounds="[798,1590][1056,1773]" displayed="true" a11y-important="true" screen-reader-focusable="false" drawing-order="4" showing-hint="false" text-entry-key="false" dismissable="false" a11y-focused="false" heading="false" live-region="0" context-clickable="false" content-invalid="false" window-id="0" />
              </android.view.ViewGroup>
            </android.view.ViewGroup>
          </android.widget.FrameLayout>
        </android.widget.FrameLayout>
      </android.widget.FrameLayout>
    </android.widget.LinearLayout>
  </android.widget.FrameLayout>
</hierarchy>
等待 Continue with Google 按钮出现...

=== 单设备结束 ===
exit=1
endedAt=2026-04-15T02:59:46.790Z
