=== 单设备启动 ===
runMode=register
country=us
endpoint=124.236.70.143:22101
appiumPort=53296
startedAt=2026-04-28T10:04:30.465Z

[开始] 启动或复用Appium服务
尝试自动启动 Appium: D:\工作\stu\appium\node_modules\.bin\appium.cmd server -p 53296
Appium 自动启动成功: http://127.0.0.1:53296
[完成] 启动或复用Appium服务
[开始] ADB连接
执行: D:\工作\stu\appium\platform-tools\adb.exe connect 124.236.70.143:22101
adb connect 输出: connected to 124.236.70.143:22101
[完成] ADB连接
[开始] ADB鉴权
执行 ADB Shell 鉴权: D:\工作\stu\appium\platform-tools\adb.exe -s 124.236.70.143:22101 shell b50L0Q9w
adb shell 鉴权输出: OK! Login successful.
ADB Shell 探测通过，SDK=35
[完成] ADB鉴权
[开始] 执行Appium主流程
执行 Appium 主流程，第 1/2 次
尝试 Appium: http://127.0.0.1:53296/ (第1/3轮)
2026-04-28T10:04:40.838Z INFO webdriver: Initiate new session using the WebDriver protocol
2026-04-28T10:04:40.844Z INFO @wdio/utils: Connecting to existing driver at http://127.0.0.1:53296/
2026-04-28T10:04:40.913Z INFO webdriver: [POST] http://127.0.0.1:53296/session
连接成功，sessionId: 6eb4499a-5735-41ca-a3f9-10f4be707572
[开始] 打开TK
尝试打开 TK: com.zhiliaoapp.musically
2026-04-28T10:05:14.041Z INFO webdriver: COMMAND activateApp("com.zhiliaoapp.musically")
2026-04-28T10:05:14.042Z INFO webdriver: [POST] http://127.0.0.1:53296/session/6eb4499a-5735-41ca-a3f9-10f4be707572/appium/device/activate_app
2026-04-28T10:05:14.042Z INFO webdriver: DATA {"appId":"com.zhiliaoapp.musically"}
2026-04-28T10:05:14.349Z INFO webdriver: RESULT null
已打开 TK 应用: com.zhiliaoapp.musically
[完成] 打开TK
[开始] 点击Continue with Google
2026-04-28T10:05:14.351Z INFO webdriver: COMMAND findElements("accessibility id", "Continue with Google")
2026-04-28T10:05:14.351Z INFO webdriver: [POST] http://127.0.0.1:53296/session/6eb4499a-5735-41ca-a3f9-10f4be707572/elements
2026-04-28T10:05:14.351Z INFO webdriver: DATA {"using":"accessibility id","value":"Continue with Google"}
2026-04-28T10:05:14.442Z INFO webdriver: RESULT []
2026-04-28T10:05:14.448Z INFO webdriver: COMMAND findElements("-android uiautomator", "new UiSelector().text("Continue with Google")")
2026-04-28T10:05:14.449Z INFO webdriver: [POST] http://127.0.0.1:53296/session/6eb4499a-5735-41ca-a3f9-10f4be707572/elements
2026-04-28T10:05:14.449Z INFO webdriver: DATA {"using":"-android uiautomator","value":"new UiSelector().text(\"Continue with Google\")"}
2026-04-28T10:05:14.512Z INFO webdriver: RESULT []
2026-04-28T10:05:14.515Z INFO webdriver: COMMAND findElements("-android uiautomator", "new UiSelector().textContains("Continue with Google")")
2026-04-28T10:05:14.515Z INFO webdriver: [POST] http://127.0.0.1:53296/session/6eb4499a-5735-41ca-a3f9-10f4be707572/elements
2026-04-28T10:05:14.515Z INFO webdriver: DATA {"using":"-android uiautomator","value":"new UiSelector().textContains(\"Continue with Google\")"}
2026-04-28T10:05:16.360Z INFO webdriver: RESULT []
2026-04-28T10:05:16.362Z INFO webdriver: COMMAND findElements("-android uiautomator", "new UiSelector().textContains("Google")")
2026-04-28T10:05:16.363Z INFO webdriver: [POST] http://127.0.0.1:53296/session/6eb4499a-5735-41ca-a3f9-10f4be707572/elements
2026-04-28T10:05:16.363Z INFO webdriver: DATA {"using":"-android uiautomator","value":"new UiSelector().textContains(\"Google\")"}
2026-04-28T10:05:16.500Z INFO webdriver: RESULT []
2026-04-28T10:05:16.502Z INFO webdriver: COMMAND findElements("-android uiautomator", "new UiSelector().description("Continue with Google")")
2026-04-28T10:05:16.502Z INFO webdriver: [POST] http://127.0.0.1:53296/session/6eb4499a-5735-41ca-a3f9-10f4be707572/elements
2026-04-28T10:05:16.502Z INFO webdriver: DATA {"using":"-android uiautomator","value":"new UiSelector().description(\"Continue with Google\")"}
2026-04-28T10:05:16.667Z INFO webdriver: RESULT []
2026-04-28T10:05:16.668Z INFO webdriver: COMMAND findElements("-android uiautomator", "new UiSelector().descriptionContains("Continue with Google")")
2026-04-28T10:05:16.669Z INFO webdriver: [POST] http://127.0.0.1:53296/session/6eb4499a-5735-41ca-a3f9-10f4be707572/elements
2026-04-28T10:05:16.669Z INFO webdriver: DATA {"using":"-android uiautomator","value":"new UiSelector().descriptionContains(\"Continue with Google\")"}
2026-04-28T10:05:17.223Z INFO webdriver: RESULT []
2026-04-28T10:05:17.226Z INFO webdriver: COMMAND findElements("-android uiautomator", "new UiSelector().descriptionContains("Google")")
2026-04-28T10:05:17.226Z INFO webdriver: [POST] http://127.0.0.1:53296/session/6eb4499a-5735-41ca-a3f9-10f4be707572/elements
2026-04-28T10:05:17.227Z INFO webdriver: DATA {"using":"-android uiautomator","value":"new UiSelector().descriptionContains(\"Google\")"}
2026-04-28T10:05:17.282Z INFO webdriver: RESULT []
2026-04-28T10:05:17.283Z INFO webdriver: COMMAND findElements("xpath", "//*[@text="Continue with Google" or @content-desc="Continue with Google"]")
2026-04-28T10:05:17.284Z INFO webdriver: [POST] http://127.0.0.1:53296/session/6eb4499a-5735-41ca-a3f9-10f4be707572/elements
2026-04-28T10:05:17.284Z INFO webdriver: DATA {"using":"xpath","value":"//*[@text=\"Continue with Google\" or @content-desc=\"Continue with Google\"]"}
2026-04-28T10:05:17.612Z INFO webdriver: RESULT []
2026-04-28T10:05:17.614Z INFO webdriver: COMMAND findElements("xpath", "//*[contains(@text,"Google") or contains(@content-desc,"Google")]")
2026-04-28T10:05:17.614Z INFO webdriver: [POST] http://127.0.0.1:53296/session/6eb4499a-5735-41ca-a3f9-10f4be707572/elements
2026-04-28T10:05:17.614Z INFO webdriver: DATA {"using":"xpath","value":"//*[contains(@text,\"Google\") or contains(@content-desc,\"Google\")]"}
2026-04-28T10:05:19.909Z INFO webdriver: RESULT []
2026-04-28T10:05:19.911Z INFO webdriver: COMMAND findElements("xpath", "//*[contains(translate(@text,"ABCDEFGHIJKLMNOPQRSTUVWXYZ","abcdefghijklmnopqrstuvwxyz"),"google") or contains(translate(@content-desc,"ABCDEFGHIJKLMNOPQRSTUVWXYZ","abcdefghijklmnopqrstuvwxyz"),"google")]")
2026-04-28T10:05:19.911Z INFO webdriver: [POST] http://127.0.0.1:53296/session/6eb4499a-5735-41ca-a3f9-10f4be707572/elements
2026-04-28T10:05:19.911Z INFO webdriver: DATA {"using":"xpath","value":"//*[contains(translate(@text,\"ABCDEFGHIJKLMNOPQRSTUVWXYZ\",\"abcdefghijklmnopqrstuvwxyz\"),\"google\") or contains(translate(@content-desc,\"ABCDEFGHIJKLMNOPQRSTUVWXYZ\",\"abcdefghijklmnopqrstuvwxyz\"),\"google\")]"}
2026-04-28T10:05:20.004Z INFO webdriver: RESULT []
2026-04-28T10:05:20.005Z INFO webdriver: COMMAND getPageSource()
2026-04-28T10:05:20.006Z INFO webdriver: [GET] http://127.0.0.1:53296/session/6eb4499a-5735-41ca-a3f9-10f4be707572/source
2026-04-28T10:05:20.097Z INFO webdriver: RESULT <?xml version='1.0' encoding='UTF-8' standalone='yes' ?>
<hierarchy index="0" class="hierarchy" rotation="0" width="1080" height="1920">
  <android.widget.FrameLayout index="0" package="com.zhiliaoapp.musically" class="android.widget.FrameLayout" text="" checkable="false" checked="false" clickable="false" enabled="true" focusable="false" focused="false" long-clickable="false" password="false" scrollable="false" selected="false" bounds="[0,0][1080,1920]" displayed="true" a11y-important="true" screen-reader-focusable="false" drawing-order="0" showing-hint="false" text-entry-key="false" dismissable="false" a11y-focused="false" heading="false" live-region="0" context-clickable="false" content-invalid="false" window-id="8">
    <android.widget.LinearLayout index="0" package="com.zhiliaoapp.musically" class="android.widget.LinearLayout" text="" checkable="false" checked="false" clickable="false" enabled="true" focusable="false" focused="false" long-clickable="false" password="false" scrollable="false" selected="false" bounds="[0,0][1080,1920]" displayed="true" a11y-important="false" screen-reader-focusable="false" drawing-order="1" showing-hint="false" text-entry-key="false" dismissable="false" a11y-focused="false" heading="false" live-region="0" context-clickable="false" content-invalid="false" window-id="8">
      <android.widget.FrameLayout index="0" package="com.zhiliaoapp.musically" class="android.widget.FrameLayout" text="" resource-id="android:id/content" checkable="false" checked="false" clickable="false" enabled="true" focusable="false" focused="false" long-clickable="false" password="false" scrollable="false" selected="false" bounds="[0,0][1080,1920]" displayed="true" a11y-important="false" screen-reader-focusable="false" drawing-order="2" showing-hint="false" text-entry-key="false" dismissable="false" a11y-focused="false" heading="false" live-region="0" context-clickable="false" content-invalid="false" window-id="8">
        <android.widget.FrameLayout index="0" package="com.zhiliaoapp.musically" class="android.widget.FrameLayout" text="" checkable="false" checked="false" clickable="false" enabled="true" focusable="false" focused="false" long-clickable="false" password="false" scrollable="false" selected="false" bounds="[0,0][1080,1920]" displayed="true" a11y-important="false" screen-reader-focusable="false" drawing-order="1" showing-hint="false" text-entry-key="false" dismissable="false" a11y-focused="false" heading="false" live-region="0" context-clickable="false" content-invalid="false" window-id="8">
          <android.widget.LinearLayout index="0" package="com.zhiliaoapp.musically" class="android.widget.LinearLayout" text="" resource-id="com.zhiliaoapp.musically:id/us" checkable="false" checked="false" clickable="false" enabled="true" focusable="false" focused="false" long-clickable="false" password="false" scrollable="false" selected="false" bounds="[0,0][1080,1920]" displayed="true" a11y-important="false" screen-reader-focusable="false" drawing-order="1" showing-hint="false" text-entry-key="false" dismissable="false" a11y-focused="false" heading="false" live-region="0" context-clickable="false" content-invalid="false" window-id="8">
            <android.widget.FrameLayout index="0" package="com.zhiliaoapp.musically" class="android.widget.FrameLayout" text="" checkable="false" checked="false" clickable="false" enabled="true" focusable="false" focused="false" long-clickable="false" password="false" scrollable="false" selected="false" bounds="[0,0][1080,1920]" displayed="true" a11y-important="false" screen-reader-focusable="false" drawing-order="2" showing-hint="false" text-entry-key="false" dismissable="false" a11y-focused="false" heading="false" live-region="0" context-clickable="false" content-invalid="false" window-id="8" />
          </android.widget.LinearLayout>
          <android.widget.FrameLayout index="1" package="com.zhiliaoapp.musically" class="android.widget.FrameLayout" text="" resource-id="com.zhiliaoapp.musically:id/hxv" checkable="false" checked="false" clickable="false" enabled="true" focusable="false" focused="false" long-clickable="false" password="false" scrollable="false" selected="false" bounds="[0,0][1080,1920]" displayed="true" a11y-important="false" screen-reader-focusable="false" drawing-order="2" showing-hint="false" text-entry-key="false" dismissable="false" a11y-focused="false" heading="false" live-region="0" context-clickable="false" content-invalid="false" window-id="8">
            <android.view.ViewGroup index="0" package="com.zhiliaoapp.musically" class="android.view.ViewGroup" text="" resource-id="com.zhiliaoapp.musically:id/srx" checkable="false" checked="false" clickable="false" enabled="true" focusable="false" focused="false" long-clickable="false" password="false" scrollable="false" selected="false" bounds="[0,72][1080,1920]" displayed="true" a11y-important="false" screen-reader-focusable="false" drawing-order="1" showing-hint="false" text-entry-key="false" dismissable="false" a11y-focused="false" heading="false" live-region="0" context-clickable="false" content-invalid="false" window-id="8">
              <android.view.ViewGroup index="0" package="com.zhiliaoapp.musically" class="android.view.ViewGroup" text="" resource-id="com.zhiliaoapp.musically:id/un9" checkable="false" checked="false" clickable="false" enabled="true" focusable="false" focused="false" long-clickable="false" password="false" scrollable="false" selected="false" bounds="[0,72][1080,1620]" displayed="true" a11y-important="false" screen-reader-focusable="false" drawing-order="1" showing-hint="false" text-entry-key="false" dismissable="false" a11y-focused="false" heading="false" live-region="0" context-clickable="false" content-invalid="false" window-id="8">
                <android.widget.LinearLayout index="0" package="com.zhiliaoapp.musically" class="android.widget.LinearLayout" text="" resource-id="com.zhiliaoapp.musically:id/e_o" checkable="false" checked="false" clickable="false" enabled="true" focusable="false" focused="false" long-clickable="false" password="false" scrollable="false" selected="false" bounds="[96,504][984,744]" displayed="true" a11y-important="false" screen-reader-focusable="false" drawing-order="2" showing-hint="false" text-entry-key="false" dismissable="false" a11y-focused="false" heading="false" live-region="0" context-clickable="false" content-invalid="false" window-id="8">
                  <android.widget.TextView index="0" package="com.zhiliaoapp.musically" class="android.widget.TextView" text="Te damos la bienvenida a TikTok" resource-id="com.zhiliaoapp.musically:id/e_n" checkable="false" checked="false" clickable="false" enabled="true" focusable="false" focused="false" long-clickable="false" password="false" scrollable="false" selected="false" bounds="[96,504][984,666]" displayed="true" a11y-important="true" screen-reader-focusable="false" drawing-order="1" showing-hint="false" text-entry-key="false" dismissable="false" a11y-focused="false" heading="false" live-region="0" context-clickable="false" content-invalid="false" window-id="8" />
                  <android.widget.TextView index="1" package="com.zhiliaoapp.musically" class="android.widget.TextView" text="Videos que te alegrarán el día" resource-id="com.zhiliaoapp.musically:id/e_l" checkable="false" checked="false" clickable="false" enabled="true" focusable="false" focused="false" long-clickable="false" password="false" scrollable="false" selected="false" bounds="[96,690][984,744]" displayed="true" a11y-important="true" screen-reader-focusable="false" drawing-order="2" showing-hint="false" text-entry-key="false" dismissable="false" a11y-focused="false" heading="false" live-region="0" context-clickable="false" content-invalid="false" window-id="8" />
                </android.widget.LinearLayout>
                <android.widget.ImageView index="1" package="com.zhiliaoapp.musically" class="android.widget.ImageView" text="" resource-id="com.zhiliaoapp.musically:id/u0p" checkable="false" checked="false" clickable="false" enabled="true" focusable="false" focused="false" long-clickable="false" password="false" scrollable="false" selected="false" bounds="[45,780][1035,1188]" displayed="true" a11y-important="false" screen-reader-focusable="false" drawing-order="3" showing-hint="false" text-entry-key="false" dismissable="false" a11y-focused="false" heading="false" live-region="0" context-clickable="false" content-invalid="false" window-id="8" />
              </android.view.ViewGroup>
              <android.view.ViewGroup index="1" package="com.zhiliaoapp.musically" class="android.view.ViewGroup" text="" resource-id="com.zhiliaoapp.musically:id/e_i" checkable="false" checked="false" clickable="false" enabled="true" focusable="false" focused="false" long-clickable="false" password="false" scrollable="false" selected="false" bounds="[48,1512][1032,1884]" displayed="true" a11y-important="false" screen-reader-focusable="false" drawing-order="3" showing-hint="false" text-entry-key="false" dismissable="false" a11y-focused="false" heading="false" live-region="0" context-clickable="false" content-invalid="false" window-id="8">
                <android.widget.TextView index="0" package="com.zhiliaoapp.musically" class="android.widget.TextView" text='Al pulsar "Aceptar y continuar", aceptas nuestros Términos del servicio y confirmas haber leído nuestra Política de privacidad para saber cómo recopilamos, usamos y compartimos tus datos.' resource-id="com.zhiliaoapp.musically:id/e_p" checkable="false" checked="false" clickable="false" enabled="true" focusable="true" focused="false" long-clickable="false" password="false" scrollable="false" selected="false" bounds="[48,1512][1032,1740]" displayed="true" a11y-important="true" screen-reader-focusable="false" drawing-order="1" showing-hint="false" text-entry-key="false" dismissable="false" a11y-focused="false" heading="false" live-region="0" context-clickable="false" content-invalid="false" text-has-clickable-span="true" window-id="8" />
                <android.widget.Button index="1" package="com.zhiliaoapp.musically" class="android.widget.Button" text="Aceptar y continuar" resource-id="com.zhiliaoapp.musically:id/e_f" checkable="false" checked="false" clickable="true" enabled="true" focusable="true" focused="false" long-clickable="false" password="false" scrollable="false" selected="false" bounds="[48,1740][1032,1884]" displayed="true" a11y-important="true" screen-reader-focusable="false" drawing-order="2" showing-hint="false" text-entry-key="false" dismissable="false" a11y-focused="false" heading="false" live-region="0" context-clickable="false" content-invalid="false" window-id="8" />
              </android.view.ViewGroup>
            </android.view.ViewGroup>
          </android.widget.FrameLayout>
        </android.widget.FrameLayout>
      </android.widget.FrameLayout>
    </android.widget.LinearLayout>
  </android.widget.FrameLayout>
</hierarchy>
等待 Continue with Google 按钮出现...
2026-04-28T10:05:22.112Z INFO webdriver: COMMAND findElements("accessibility id", "Continue with Google")
2026-04-28T10:05:22.113Z INFO webdriver: [POST] http://127.0.0.1:53296/session/6eb4499a-5735-41ca-a3f9-10f4be707572/elements
2026-04-28T10:05:22.113Z INFO webdriver: DATA {"using":"accessibility id","value":"Continue with Google"}
2026-04-28T10:05:22.175Z INFO webdriver: RESULT []
2026-04-28T10:05:22.177Z INFO webdriver: COMMAND findElements("-android uiautomator", "new UiSelector().text("Continue with Google")")
2026-04-28T10:05:22.178Z INFO webdriver: [POST] http://127.0.0.1:53296/session/6eb4499a-5735-41ca-a3f9-10f4be707572/elements
2026-04-28T10:05:22.178Z INFO webdriver: DATA {"using":"-android uiautomator","value":"new UiSelector().text(\"Continue with Google\")"}
2026-04-28T10:05:22.232Z INFO webdriver: RESULT []
2026-04-28T10:05:22.233Z INFO webdriver: COMMAND findElements("-android uiautomator", "new UiSelector().textContains("Continue with Google")")
2026-04-28T10:05:22.233Z INFO webdriver: [POST] http://127.0.0.1:53296/session/6eb4499a-5735-41ca-a3f9-10f4be707572/elements
2026-04-28T10:05:22.233Z INFO webdriver: DATA {"using":"-android uiautomator","value":"new UiSelector().textContains(\"Continue with Google\")"}
2026-04-28T10:05:22.293Z INFO webdriver: RESULT []
2026-04-28T10:05:22.294Z INFO webdriver: COMMAND findElements("-android uiautomator", "new UiSelector().textContains("Google")")
2026-04-28T10:05:22.294Z INFO webdriver: [POST] http://127.0.0.1:53296/session/6eb4499a-5735-41ca-a3f9-10f4be707572/elements
2026-04-28T10:05:22.294Z INFO webdriver: DATA {"using":"-android uiautomator","value":"new UiSelector().textContains(\"Google\")"}
2026-04-28T10:05:22.352Z INFO webdriver: RESULT []
2026-04-28T10:05:22.353Z INFO webdriver: COMMAND findElements("-android uiautomator", "new UiSelector().description("Continue with Google")")
2026-04-28T10:05:22.353Z INFO webdriver: [POST] http://127.0.0.1:53296/session/6eb4499a-5735-41ca-a3f9-10f4be707572/elements
2026-04-28T10:05:22.353Z INFO webdriver: DATA {"using":"-android uiautomator","value":"new UiSelector().description(\"Continue with Google\")"}
2026-04-28T10:05:22.419Z INFO webdriver: RESULT []
2026-04-28T10:05:22.420Z INFO webdriver: COMMAND findElements("-android uiautomator", "new UiSelector().descriptionContains("Continue with Google")")
2026-04-28T10:05:22.420Z INFO webdriver: [POST] http://127.0.0.1:53296/session/6eb4499a-5735-41ca-a3f9-10f4be707572/elements
2026-04-28T10:05:22.420Z INFO webdriver: DATA {"using":"-android uiautomator","value":"new UiSelector().descriptionContains(\"Continue with Google\")"}
2026-04-28T10:05:22.477Z INFO webdriver: RESULT []
2026-04-28T10:05:22.478Z INFO webdriver: COMMAND findElements("-android uiautomator", "new UiSelector().descriptionContains("Google")")
2026-04-28T10:05:22.478Z INFO webdriver: [POST] http://127.0.0.1:53296/session/6eb4499a-5735-41ca-a3f9-10f4be707572/elements
2026-04-28T10:05:22.478Z INFO webdriver: DATA {"using":"-android uiautomator","value":"new UiSelector().descriptionContains(\"Google\")"}
2026-04-28T10:05:22.581Z INFO webdriver: RESULT []
2026-04-28T10:05:22.583Z INFO webdriver: COMMAND findElements("xpath", "//*[@text="Continue with Google" or @content-desc="Continue with Google"]")
2026-04-28T10:05:22.583Z INFO webdriver: [POST] http://127.0.0.1:53296/session/6eb4499a-5735-41ca-a3f9-10f4be707572/elements
2026-04-28T10:05:22.583Z INFO webdriver: DATA {"using":"xpath","value":"//*[@text=\"Continue with Google\" or @content-desc=\"Continue with Google\"]"}
2026-04-28T10:05:22.666Z INFO webdriver: RESULT []
2026-04-28T10:05:22.667Z INFO webdriver: COMMAND findElements("xpath", "//*[contains(@text,"Google") or contains(@content-desc,"Google")]")
2026-04-28T10:05:22.667Z INFO webdriver: [POST] http://127.0.0.1:53296/session/6eb4499a-5735-41ca-a3f9-10f4be707572/elements
2026-04-28T10:05:22.667Z INFO webdriver: DATA {"using":"xpath","value":"//*[contains(@text,\"Google\") or contains(@content-desc,\"Google\")]"}
2026-04-28T10:05:22.744Z INFO webdriver: RESULT []
2026-04-28T10:05:22.745Z INFO webdriver: COMMAND findElements("xpath", "//*[contains(translate(@text,"ABCDEFGHIJKLMNOPQRSTUVWXYZ","abcdefghijklmnopqrstuvwxyz"),"google") or contains(translate(@content-desc,"ABCDEFGHIJKLMNOPQRSTUVWXYZ","abcdefghijklmnopqrstuvwxyz"),"google")]")
2026-04-28T10:05:22.745Z INFO webdriver: [POST] http://127.0.0.1:53296/session/6eb4499a-5735-41ca-a3f9-10f4be707572/elements
2026-04-28T10:05:22.746Z INFO webdriver: DATA {"using":"xpath","value":"//*[contains(translate(@text,\"ABCDEFGHIJKLMNOPQRSTUVWXYZ\",\"abcdefghijklmnopqrstuvwxyz\"),\"google\") or contains(translate(@content-desc,\"ABCDEFGHIJKLMNOPQRSTUVWXYZ\",\"abcdefghijklmnopqrstuvwxyz\"),\"google\")]"}
2026-04-28T10:05:22.834Z INFO webdriver: RESULT []
2026-04-28T10:05:22.835Z INFO webdriver: COMMAND getPageSource()
2026-04-28T10:05:22.836Z INFO webdriver: [GET] http://127.0.0.1:53296/session/6eb4499a-5735-41ca-a3f9-10f4be707572/source
2026-04-28T10:05:22.928Z INFO webdriver: RESULT <?xml version='1.0' encoding='UTF-8' standalone='yes' ?>
<hierarchy index="0" class="hierarchy" rotation="0" width="1080" height="1920">
  <android.widget.FrameLayout index="0" package="com.zhiliaoapp.musically" class="android.widget.FrameLayout" text="" checkable="false" checked="false" clickable="false" enabled="true" focusable="false" focused="false" long-clickable="false" password="false" scrollable="false" selected="false" bounds="[0,0][1080,1920]" displayed="true" a11y-important="true" screen-reader-focusable="false" drawing-order="0" showing-hint="false" text-entry-key="false" dismissable="false" a11y-focused="false" heading="false" live-region="0" context-clickable="false" content-invalid="false" window-id="8">
    <android.widget.LinearLayout index="0" package="com.zhiliaoapp.musically" class="android.widget.LinearLayout" text="" checkable="false" checked="false" clickable="false" enabled="true" focusable="false" focused="false" long-clickable="false" password="false" scrollable="false" selected="false" bounds="[0,0][1080,1920]" displayed="true" a11y-important="false" screen-reader-focusable="false" drawing-order="1" showing-hint="false" text-entry-key="false" dismissable="false" a11y-focused="false" heading="false" live-region="0" context-clickable="false" content-invalid="false" window-id="8">
      <android.widget.FrameLayout index="0" package="com.zhiliaoapp.musically" class="android.widget.FrameLayout" text="" resource-id="android:id/content" checkable="false" checked="false" clickable="false" enabled="true" focusable="false" focused="false" long-clickable="false" password="false" scrollable="false" selected="false" bounds="[0,0][1080,1920]" displayed="true" a11y-important="false" screen-reader-focusable="false" drawing-order="2" showing-hint="false" text-entry-key="false" dismissable="false" a11y-focused="false" heading="false" live-region="0" context-clickable="false" content-invalid="false" window-id="8">
        <android.widget.FrameLayout index="0" package="com.zhiliaoapp.musically" class="android.widget.FrameLayout" text="" checkable="false" checked="false" clickable="false" enabled="true" focusable="false" focused="false" long-clickable="false" password="false" scrollable="false" selected="false" bounds="[0,0][1080,1920]" displayed="true" a11y-important="false" screen-reader-focusable="false" drawing-order="1" showing-hint="false" text-entry-key="false" dismissable="false" a11y-focused="false" heading="false" live-region="0" context-clickable="false" content-invalid="false" window-id="8">
          <android.widget.LinearLayout index="0" package="com.zhiliaoapp.musically" class="android.widget.LinearLayout" text="" resource-id="com.zhiliaoapp.musically:id/us" checkable="false" checked="false" clickable="false" enabled="true" focusable="false" focused="false" long-clickable="false" password="false" scrollable="false" selected="false" bounds="[0,0][1080,1920]" displayed="true" a11y-important="false" screen-reader-focusable="false" drawing-order="1" showing-hint="false" text-entry-key="false" dismissable="false" a11y-focused="false" heading="false" live-region="0" context-clickable="false" content-invalid="false" window-id="8">
            <android.widget.FrameLayout index="0" package="com.zhiliaoapp.musically" class="android.widget.FrameLayout" text="" checkable="false" checked="false" clickable="false" enabled="true" focusable="false" focused="false" long-clickable="false" password="false" scrollable="false" selected="false" bounds="[0,0][1080,1920]" displayed="true" a11y-important="false" screen-reader-focusable="false" drawing-order="2" showing-hint="false" text-entry-key="false" dismissable="false" a11y-focused="false" heading="false" live-region="0" context-clickable="false" content-invalid="false" window-id="8" />
          </android.widget.LinearLayout>
          <android.widget.FrameLayout index="1" package="com.zhiliaoapp.musically" class="android.widget.FrameLayout" text="" resource-id="com.zhiliaoapp.musically:id/hxv" checkable="false" checked="false" clickable="false" enabled="true" focusable="false" focused="false" long-clickable="false" password="false" scrollable="false" selected="false" bounds="[0,0][1080,1920]" displayed="true" a11y-important="false" screen-reader-focusable="false" drawing-order="2" showing-hint="false" text-entry-key="false" dismissable="false" a11y-focused="false" heading="false" live-region="0" context-clickable="false" content-invalid="false" window-id="8">
            <android.view.ViewGroup index="0" package="com.zhiliaoapp.musically" class="android.view.ViewGroup" text="" resource-id="com.zhiliaoapp.musically:id/srx" checkable="false" checked="false" clickable="false" enabled="true" focusable="false" focused="false" long-clickable="false" password="false" scrollable="false" selected="false" bounds="[0,72][1080,1920]" displayed="true" a11y-important="false" screen-reader-focusable="false" drawing-order="1" showing-hint="false" text-entry-key="false" dismissable="false" a11y-focused="false" heading="false" live-region="0" context-clickable="false" content-invalid="false" window-id="8">
              <android.view.ViewGroup index="0" package="com.zhiliaoapp.musically" class="android.view.ViewGroup" text="" resource-id="com.zhiliaoapp.musically:id/un9" checkable="false" checked="false" clickable="false" enabled="true" focusable="false" focused="false" long-clickable="false" password="false" scrollable="false" selected="false" bounds="[0,72][1080,1620]" displayed="true" a11y-important="false" screen-reader-focusable="false" drawing-order="1" showing-hint="false" text-entry-key="false" dismissable="false" a11y-focused="false" heading="false" live-region="0" context-clickable="false" content-invalid="false" window-id="8">
                <android.widget.LinearLayout index="0" package="com.zhiliaoapp.musically" class="android.widget.LinearLayout" text="" resource-id="com.zhiliaoapp.musically:id/e_o" checkable="false" checked="false" clickable="false" enabled="true" focusable="false" focused="false" long-clickable="false" password="false" scrollable="false" selected="false" bounds="[96,504][984,744]" displayed="true" a11y-important="false" screen-reader-focusable="false" drawing-order="2" showing-hint="false" text-entry-key="false" dismissable="false" a11y-focused="false" heading="false" live-region="0" context-clickable="false" content-invalid="false" window-id="8">
                  <android.widget.TextView index="0" package="com.zhiliaoapp.musically" class="android.widget.TextView" text="Te damos la bienvenida a TikTok" resource-id="com.zhiliaoapp.musically:id/e_n" checkable="false" checked="false" clickable="false" enabled="true" focusable="false" focused="false" long-clickable="false" password="false" scrollable="false" selected="false" bounds="[96,504][984,666]" displayed="true" a11y-important="true" screen-reader-focusable="false" drawing-order="1" showing-hint="false" text-entry-key="false" dismissable="false" a11y-focused="false" heading="false" live-region="0" context-clickable="false" content-invalid="false" window-id="8" />
                  <android.widget.TextView index="1" package="com.zhiliaoapp.musically" class="android.widget.TextView" text="Videos que te alegrarán el día" resource-id="com.zhiliaoapp.musically:id/e_l" checkable="false" checked="false" clickable="false" enabled="true" focusable="false" focused="false" long-clickable="false" password="false" scrollable="false" selected="false" bounds="[96,690][984,744]" displayed="true" a11y-important="true" screen-reader-focusable="false" drawing-order="2" showing-hint="false" text-entry-key="false" dismissable="false" a11y-focused="false" heading="false" live-region="0" context-clickable="false" content-invalid="false" window-id="8" />
                </android.widget.LinearLayout>
                <android.widget.ImageView index="1" package="com.zhiliaoapp.musically" class="android.widget.ImageView" text="" resource-id="com.zhiliaoapp.musically:id/u0p" checkable="false" checked="false" clickable="false" enabled="true" focusable="false" focused="false" long-clickable="false" password="false" scrollable="false" selected="false" bounds="[45,780][1035,1188]" displayed="true" a11y-important="false" screen-reader-focusable="false" drawing-order="3" showing-hint="false" text-entry-key="false" dismissable="false" a11y-focused="false" heading="false" live-region="0" context-clickable="false" content-invalid="false" window-id="8" />
              </android.view.ViewGroup>
              <android.view.ViewGroup index="1" package="com.zhiliaoapp.musically" class="android.view.ViewGroup" text="" resource-id="com.zhiliaoapp.musically:id/e_i" checkable="false" checked="false" clickable="false" enabled="true" focusable="false" focused="false" long-clickable="false" password="false" scrollable="false" selected="false" bounds="[48,1512][1032,1884]" displayed="true" a11y-important="false" screen-reader-focusable="false" drawing-order="3" showing-hint="false" text-entry-key="false" dismissable="false" a11y-focused="false" heading="false" live-region="0" context-clickable="false" content-invalid="false" window-id="8">
                <android.widget.TextView index="0" package="com.zhiliaoapp.musically" class="android.widget.TextView" text='Al pulsar "Aceptar y continuar", aceptas nuestros Términos del servicio y confirmas haber leído nuestra Política de privacidad para saber cómo recopilamos, usamos y compartimos tus datos.' resource-id="com.zhiliaoapp.musically:id/e_p" checkable="false" checked="false" clickable="false" enabled="true" focusable="true" focused="false" long-clickable="false" password="false" scrollable="false" selected="false" bounds="[48,1512][1032,1740]" displayed="true" a11y-important="true" screen-reader-focusable="false" drawing-order="1" showing-hint="false" text-entry-key="false" dismissable="false" a11y-focused="false" heading="false" live-region="0" context-clickable="false" content-invalid="false" text-has-clickable-span="true" window-id="8" />
                <android.widget.Button index="1" package="com.zhiliaoapp.musically" class="android.widget.Button" text="Aceptar y continuar" resource-id="com.zhiliaoapp.musically:id/e_f" checkable="false" checked="false" clickable="true" enabled="true" focusable="true" focused="false" long-clickable="false" password="false" scrollable="false" selected="false" bounds="[48,1740][1032,1884]" displayed="true" a11y-important="true" screen-reader-focusable="false" drawing-order="2" showing-hint="false" text-entry-key="false" dismissable="false" a11y-focused="false" heading="false" live-region="0" context-clickable="false" content-invalid="false" window-id="8" />
              </android.view.ViewGroup>
            </android.view.ViewGroup>
          </android.widget.FrameLayout>
        </android.widget.FrameLayout>
      </android.widget.FrameLayout>
    </android.widget.LinearLayout>
  </android.widget.FrameLayout>
</hierarchy>
等待 Continue with Google 按钮出现...
2026-04-28T10:05:24.939Z INFO webdriver: COMMAND deleteSession()
2026-04-28T10:05:24.940Z INFO webdriver: [DELETE] http://127.0.0.1:53296/session/6eb4499a-5735-41ca-a3f9-10f4be707572
2026-04-28T10:05:25.742Z INFO webdriver: RESULT null
会话已关闭
已关闭脚本自动启动的 Appium 进程
[开始] 断开ADB连接
执行: D:\工作\stu\appium\platform-tools\adb.exe disconnect 124.236.70.143:22101
adb disconnect 输出: disconnected 124.236.70.143:22101
[完成] 断开ADB连接
脚本执行失败: Error: 未找到 Continue with Google 按钮。
已等待约 10 秒，请确认页面已加载到登录页。
可提供该按钮的资源 ID 以提高定位稳定性。
最后错误: 未知错误
    at clickContinueWithGoogle (D:\工作\stu\appium\pages\page-continue-google.js:108:9)
    at async runStep (D:\工作\stu\appium\lib\appium-shared.js:53:18)
    at async runGoogleRegisterChain (D:\工作\stu\appium\appium-script.js:58:3)
    at async runAppiumScript (D:\工作\stu\appium\appium-script.js:101:5)
    at async runAppiumMainWithRetry (D:\工作\stu\appium\lib\device-bootstrap.js:306:7)
    at async main (D:\工作\stu\appium\script.js:25:5)

=== 单设备结束 ===
exit=1
endedAt=2026-04-28T10:05:25.827Z
