=== 单设备启动 ===
endpoint=124.236.70.143:24085
appiumPort=4720
startedAt=2026-04-13T10:00:11.865Z

[开始] 启动或复用Appium服务
尝试自动启动 Appium: D:\工作\stu\appium\node_modules\.bin\appium.cmd server -p 4720
Appium 自动启动成功: http://127.0.0.1:4720
[完成] 启动或复用Appium服务
[开始] ADB连接
执行: D:\工作\stu\appium\platform-tools\adb.exe connect 124.236.70.143:24085
adb connect 输出: connected to 124.236.70.143:24085
[完成] ADB连接
[开始] ADB鉴权
执行 ADB Shell 鉴权: D:\工作\stu\appium\platform-tools\adb.exe -s 124.236.70.143:24085 shell tT2RdiDa
adb shell 鉴权输出: OK! Login successful.
ADB Shell 探测通过，SDK=35
[完成] ADB鉴权
[开始] 执行Appium主流程
执行 Appium 主流程，第 1/2 次
尝试 Appium: http://127.0.0.1:4720/ (第1/3轮)
2026-04-13T10:00:17.184Z INFO webdriver: Initiate new session using the WebDriver protocol
2026-04-13T10:00:17.186Z INFO @wdio/utils: Connecting to existing driver at http://127.0.0.1:4720/
2026-04-13T10:00:17.205Z INFO webdriver: [POST] http://127.0.0.1:4720/session
连接成功，sessionId: e7836fb4-ebcd-4828-97c6-45851c250cb9
[开始] 打开TK
尝试打开 TK: com.zhiliaoapp.musically
2026-04-13T10:00:22.193Z INFO webdriver: COMMAND activateApp("com.zhiliaoapp.musically")
2026-04-13T10:00:22.194Z INFO webdriver: [POST] http://127.0.0.1:4720/session/e7836fb4-ebcd-4828-97c6-45851c250cb9/appium/device/activate_app
2026-04-13T10:00:22.194Z INFO webdriver: DATA {"appId":"com.zhiliaoapp.musically"}
2026-04-13T10:00:22.520Z INFO webdriver: RESULT null
已打开 TK 应用: com.zhiliaoapp.musically
[完成] 打开TK
[开始] 点击Continue with Google
2026-04-13T10:00:22.522Z INFO webdriver: COMMAND findElements("accessibility id", "Continue with Google")
2026-04-13T10:00:22.522Z INFO webdriver: [POST] http://127.0.0.1:4720/session/e7836fb4-ebcd-4828-97c6-45851c250cb9/elements
2026-04-13T10:00:22.522Z INFO webdriver: DATA {"using":"accessibility id","value":"Continue with Google"}
2026-04-13T10:00:22.628Z INFO webdriver: RESULT [
  {
    'element-6066-11e4-a52e-4f735466cecf': '00000000-0000-0005-ffff-ffff0000065c',
    ELEMENT: '00000000-0000-0005-ffff-ffff0000065c'
  }
]
2026-04-13T10:00:22.634Z INFO webdriver: COMMAND findElements("accessibility id", "Continue with Google")
2026-04-13T10:00:22.635Z INFO webdriver: [POST] http://127.0.0.1:4720/session/e7836fb4-ebcd-4828-97c6-45851c250cb9/elements
2026-04-13T10:00:22.635Z INFO webdriver: DATA {"using":"accessibility id","value":"Continue with Google"}
2026-04-13T10:00:22.732Z INFO webdriver: RESULT [
  {
    'element-6066-11e4-a52e-4f735466cecf': '00000000-0000-0005-ffff-ffff0000065c',
    ELEMENT: '00000000-0000-0005-ffff-ffff0000065c'
  }
]
2026-04-13T10:00:22.735Z INFO webdriver: COMMAND isElementDisplayed("00000000-0000-0005-ffff-ffff0000065c")
2026-04-13T10:00:22.736Z INFO webdriver: [GET] http://127.0.0.1:4720/session/e7836fb4-ebcd-4828-97c6-45851c250cb9/element/00000000-0000-0005-ffff-ffff0000065c/displayed
2026-04-13T10:00:22.804Z INFO webdriver: RESULT true
2026-04-13T10:00:22.804Z INFO webdriver: COMMAND getElementAttribute("00000000-0000-0005-ffff-ffff0000065c", "clickable")
2026-04-13T10:00:22.804Z INFO webdriver: [GET] http://127.0.0.1:4720/session/e7836fb4-ebcd-4828-97c6-45851c250cb9/element/00000000-0000-0005-ffff-ffff0000065c/attribute/clickable
2026-04-13T10:00:22.867Z INFO webdriver: RESULT true
2026-04-13T10:00:22.867Z INFO webdriver: COMMAND elementClick("00000000-0000-0005-ffff-ffff0000065c")
2026-04-13T10:00:22.868Z INFO webdriver: [POST] http://127.0.0.1:4720/session/e7836fb4-ebcd-4828-97c6-45851c250cb9/element/00000000-0000-0005-ffff-ffff0000065c/click
2026-04-13T10:00:22.868Z INFO webdriver: DATA {}
2026-04-13T10:00:22.966Z INFO webdriver: RESULT null
已点击按钮: Continue with Google (selector: ~Continue with Google)
[完成] 点击Continue with Google
[开始] Sign in with ease可选SKIP
2026-04-13T10:00:22.966Z INFO webdriver: COMMAND findElements("-android uiautomator", "new UiSelector().resourceId("identifierId")")
2026-04-13T10:00:22.967Z INFO webdriver: [POST] http://127.0.0.1:4720/session/e7836fb4-ebcd-4828-97c6-45851c250cb9/elements
2026-04-13T10:00:22.967Z INFO webdriver: DATA {"using":"-android uiautomator","value":"new UiSelector().resourceId(\"identifierId\")"}
2026-04-13T10:00:23.574Z INFO webdriver: RESULT []
2026-04-13T10:00:23.576Z INFO webdriver: COMMAND findElements("xpath", "//*[@resource-id="identifierId" and contains(@class,"EditText")]")
2026-04-13T10:00:23.576Z INFO webdriver: [POST] http://127.0.0.1:4720/session/e7836fb4-ebcd-4828-97c6-45851c250cb9/elements
2026-04-13T10:00:23.576Z INFO webdriver: DATA {"using":"xpath","value":"//*[@resource-id=\"identifierId\" and contains(@class,\"EditText\")]"}
2026-04-13T10:00:23.930Z INFO webdriver: RESULT []
2026-04-13T10:00:23.931Z INFO webdriver: The standard Appium `contexts` method is used. If you want to get more detailed data, you can set `returnDetailedContexts` to `true`.
2026-04-13T10:00:23.931Z INFO webdriver: COMMAND getAppiumContexts()
2026-04-13T10:00:23.931Z INFO webdriver: [GET] http://127.0.0.1:4720/session/e7836fb4-ebcd-4828-97c6-45851c250cb9/contexts
2026-04-13T10:00:24.410Z INFO webdriver: RESULT [ 'NATIVE_APP', 'WEBVIEW_JsEngine_com.zhiliaoapp.musically' ]
2026-04-13T10:00:24.410Z INFO webdriver: COMMAND getAppiumContext()
2026-04-13T10:00:24.410Z INFO webdriver: [GET] http://127.0.0.1:4720/session/e7836fb4-ebcd-4828-97c6-45851c250cb9/context
2026-04-13T10:00:24.413Z INFO webdriver: RESULT NATIVE_APP
2026-04-13T10:00:24.413Z INFO webdriver: The standard Appium `context`-method is used. If you want to switch to a webview with a specific title or url, please provide an object with the `title` or `url` property. See https://webdriver.io/docs/api/mobile/switchContext for more information.
2026-04-13T10:00:24.413Z INFO webdriver: COMMAND switchAppiumContext("WEBVIEW_JsEngine_com.zhiliaoapp.musically")
2026-04-13T10:00:24.413Z INFO webdriver: [POST] http://127.0.0.1:4720/session/e7836fb4-ebcd-4828-97c6-45851c250cb9/context
2026-04-13T10:00:24.413Z INFO webdriver: DATA {"name":"WEBVIEW_JsEngine_com.zhiliaoapp.musically"}
2026-04-13T10:00:25.049Z WARN webdriver: WebDriverError: No Chromedriver found that can automate Chrome '147.0.7727'. You could also try to enable automated chromedrivers download as a possible workaround. when running "context" with method "POST"
2026-04-13T10:00:25.049Z INFO webdriver: Retrying 1/3
2026-04-13T10:00:25.049Z INFO webdriver: [POST] http://127.0.0.1:4720/session/e7836fb4-ebcd-4828-97c6-45851c250cb9/context
2026-04-13T10:00:25.049Z INFO webdriver: DATA {"name":"WEBVIEW_JsEngine_com.zhiliaoapp.musically"}
2026-04-13T10:00:26.122Z WARN webdriver: WebDriverError: No Chromedriver found that can automate Chrome '147.0.7727'. You could also try to enable automated chromedrivers download as a possible workaround. when running "context" with method "POST"
2026-04-13T10:00:26.122Z INFO webdriver: Retrying 2/3
2026-04-13T10:00:26.122Z INFO webdriver: [POST] http://127.0.0.1:4720/session/e7836fb4-ebcd-4828-97c6-45851c250cb9/context
2026-04-13T10:00:26.123Z INFO webdriver: DATA {"name":"WEBVIEW_JsEngine_com.zhiliaoapp.musically"}
2026-04-13T10:00:27.701Z WARN webdriver: WebDriverError: No Chromedriver found that can automate Chrome '147.0.7727'. You could also try to enable automated chromedrivers download as a possible workaround. when running "context" with method "POST"
2026-04-13T10:00:27.701Z INFO webdriver: Retrying 3/3
2026-04-13T10:00:27.701Z INFO webdriver: [POST] http://127.0.0.1:4720/session/e7836fb4-ebcd-4828-97c6-45851c250cb9/context
2026-04-13T10:00:27.701Z INFO webdriver: DATA {"name":"WEBVIEW_JsEngine_com.zhiliaoapp.musically"}
2026-04-13T10:00:28.328Z ERROR webdriver: WebDriverError: No Chromedriver found that can automate Chrome '147.0.7727'. You could also try to enable automated chromedrivers download as a possible workaround. when running "context" with method "POST"
2026-04-13T10:00:28.328Z INFO webdriver: The standard Appium `context`-method is used. If you want to switch to a webview with a specific title or url, please provide an object with the `title` or `url` property. See https://webdriver.io/docs/api/mobile/switchContext for more information.
2026-04-13T10:00:28.329Z INFO webdriver: COMMAND switchAppiumContext("NATIVE_APP")
2026-04-13T10:00:28.329Z INFO webdriver: [POST] http://127.0.0.1:4720/session/e7836fb4-ebcd-4828-97c6-45851c250cb9/context
2026-04-13T10:00:28.329Z INFO webdriver: DATA {"name":"NATIVE_APP"}
2026-04-13T10:00:28.332Z INFO webdriver: RESULT null
2026-04-13T10:00:28.332Z INFO webdriver: COMMAND findElements("-android uiautomator", "new UiSelector().textContains("Sign in with ease")")
2026-04-13T10:00:28.332Z INFO webdriver: [POST] http://127.0.0.1:4720/session/e7836fb4-ebcd-4828-97c6-45851c250cb9/elements
2026-04-13T10:00:28.332Z INFO webdriver: DATA {"using":"-android uiautomator","value":"new UiSelector().textContains(\"Sign in with ease\")"}
2026-04-13T10:00:28.527Z INFO webdriver: RESULT []
2026-04-13T10:00:28.529Z INFO webdriver: COMMAND findElements("-android uiautomator", "new UiSelector().textContains("sign in with ease")")
2026-04-13T10:00:28.529Z INFO webdriver: [POST] http://127.0.0.1:4720/session/e7836fb4-ebcd-4828-97c6-45851c250cb9/elements
2026-04-13T10:00:28.529Z INFO webdriver: DATA {"using":"-android uiautomator","value":"new UiSelector().textContains(\"sign in with ease\")"}
2026-04-13T10:00:28.592Z INFO webdriver: RESULT []
2026-04-13T10:00:28.593Z INFO webdriver: COMMAND findElements("-android uiautomator", "new UiSelector().descriptionContains("Sign in with ease")")
2026-04-13T10:00:28.593Z INFO webdriver: [POST] http://127.0.0.1:4720/session/e7836fb4-ebcd-4828-97c6-45851c250cb9/elements
2026-04-13T10:00:28.593Z INFO webdriver: DATA {"using":"-android uiautomator","value":"new UiSelector().descriptionContains(\"Sign in with ease\")"}
2026-04-13T10:00:28.652Z INFO webdriver: RESULT []
2026-04-13T10:00:28.653Z INFO webdriver: COMMAND findElements("xpath", "//*[contains(@text,"Sign in with ease") or contains(@content-desc,"Sign in with ease")]")
2026-04-13T10:00:28.653Z INFO webdriver: [POST] http://127.0.0.1:4720/session/e7836fb4-ebcd-4828-97c6-45851c250cb9/elements
2026-04-13T10:00:28.653Z INFO webdriver: DATA {"using":"xpath","value":"//*[contains(@text,\"Sign in with ease\") or contains(@content-desc,\"Sign in with ease\")]"}
2026-04-13T10:00:28.751Z INFO webdriver: RESULT []
2026-04-13T10:00:28.751Z INFO webdriver: COMMAND getPageSource()
2026-04-13T10:00:28.752Z INFO webdriver: [GET] http://127.0.0.1:4720/session/e7836fb4-ebcd-4828-97c6-45851c250cb9/source
2026-04-13T10:00:28.836Z INFO webdriver: RESULT <?xml version='1.0' encoding='UTF-8' standalone='yes' ?>
<hierarchy index="0" class="hierarchy" rotation="0" width="1080" height="1920">
  <android.widget.FrameLayout index="0" package="com.google.android.gms" class="android.widget.FrameLayout" text="" checkable="false" checked="false" clickable="false" enabled="true" focusable="false" focused="false" long-clickable="false" password="false" scrollable="false" selected="false" bounds="[27,384][1053,1608]" displayed="true" a11y-important="true" screen-reader-focusable="false" drawing-order="0" showing-hint="false" text-entry-key="false" dismissable="false" a11y-focused="false" heading="false" live-region="0" context-clickable="false" content-invalid="false" window-id="14">
    <android.widget.LinearLayout index="0" package="com.google.android.gms" class="android.widget.LinearLayout" text="" checkable="false" checked="false" clickable="false" enabled="true" focusable="false" focused="false" long-clickable="false" password="false" scrollable="false" selected="false" bounds="[75,384][1005,1608]" displayed="true" a11y-important="false" screen-reader-focusable="false" drawing-order="1" showing-hint="false" text-entry-key="false" dismissable="false" a11y-focused="false" heading="false" live-region="0" context-clickable="false" content-invalid="false" window-id="14">
      <android.widget.FrameLayout index="0" package="com.google.android.gms" class="android.widget.FrameLayout" text="" checkable="false" checked="false" clickable="false" enabled="true" focusable="false" focused="false" long-clickable="false" password="false" scrollable="false" selected="false" bounds="[75,384][1005,1608]" displayed="true" a11y-important="false" screen-reader-focusable="false" drawing-order="2" showing-hint="false" text-entry-key="false" dismissable="false" a11y-focused="false" heading="false" live-region="0" context-clickable="false" content-invalid="false" window-id="14">
        <android.widget.FrameLayout index="0" package="com.google.android.gms" class="android.widget.FrameLayout" text="" resource-id="com.google.android.gms:id/action_bar_root" checkable="false" checked="false" clickable="false" enabled="true" focusable="false" focused="false" long-clickable="false" password="false" scrollable="false" selected="false" bounds="[75,384][1005,1608]" displayed="true" a11y-important="false" screen-reader-focusable="false" drawing-order="1" showing-hint="false" text-entry-key="false" dismissable="false" a11y-focused="false" heading="false" live-region="0" context-clickable="false" content-invalid="false" window-id="14">
          <android.widget.FrameLayout index="0" package="com.google.android.gms" class="android.widget.FrameLayout" text="" resource-id="android:id/content" checkable="false" checked="false" clickable="false" enabled="true" focusable="false" focused="false" long-clickable="false" password="false" scrollable="false" selected="false" bounds="[75,384][1005,1608]" displayed="true" a11y-important="false" screen-reader-focusable="false" drawing-order="1" showing-hint="false" text-entry-key="false" dismissable="false" a11y-focused="false" heading="false" live-region="0" context-clickable="false" content-invalid="false" window-id="14">
            <android.widget.ScrollView index="0" package="com.google.android.gms" class="android.widget.ScrollView" text="" checkable="false" checked="false" clickable="false" enabled="true" focusable="true" focused="false" long-clickable="false" password="false" scrollable="false" selected="false" bounds="[75,384][1005,1608]" displayed="true" a11y-important="true" screen-reader-focusable="false" drawing-order="1" showing-hint="false" text-entry-key="false" dismissable="false" a11y-focused="false" heading="false" live-region="0" context-clickable="false" content-invalid="false" window-id="14">
              <android.widget.LinearLayout index="0" package="com.google.android.gms" class="android.widget.LinearLayout" text="" resource-id="com.google.android.gms:id/account_picker_container" checkable="false" checked="false" clickable="false" enabled="true" focusable="false" focused="false" long-clickable="false" password="false" scrollable="false" selected="false" bounds="[75,384][1005,1608]" displayed="true" a11y-important="false" screen-reader-focusable="false" drawing-order="1" showing-hint="false" text-entry-key="false" dismissable="false" a11y-focused="false" heading="false" live-region="0" context-clickable="false" content-invalid="false" window-id="14">
                <android.widget.ImageView index="0" package="com.google.android.gms" class="android.widget.ImageView" text="" resource-id="com.google.android.gms:id/app_icon" checkable="false" checked="false" clickable="false" enabled="true" focusable="false" focused="false" long-clickable="false" password="false" scrollable="false" selected="false" bounds="[468,456][612,600]" displayed="true" a11y-important="false" screen-reader-focusable="false" drawing-order="1" showing-hint="false" text-entry-key="false" dismissable="false" a11y-focused="false" heading="false" live-region="0" context-clickable="false" content-invalid="false" window-id="14" />
                <android.widget.TextView index="1" package="com.google.android.gms" class="android.widget.TextView" text="Choose an account" resource-id="com.google.android.gms:id/main_title" checkable="false" checked="false" clickable="false" enabled="true" focusable="false" focused="false" long-clickable="false" password="false" scrollable="false" selected="false" bounds="[75,600][1005,753]" displayed="true" a11y-important="true" screen-reader-focusable="false" drawing-order="2" showing-hint="false" text-entry-key="false" dismissable="false" a11y-focused="false" heading="false" live-region="0" context-clickable="false" content-invalid="false" window-id="14" />
                <android.widget.TextView index="2" package="com.google.android.gms" class="android.widget.TextView" text="to continue to TikTok" resource-id="com.google.android.gms:id/subtitle" checkable="false" checked="false" clickable="false" enabled="true" focusable="false" focused="false" long-clickable="false" password="false" scrollable="false" selected="false" bounds="[75,777][1005,914]" displayed="true" a11y-important="true" screen-reader-focusable="false" drawing-order="3" showing-hint="false" text-entry-key="false" dismissable="false" a11y-focused="false" heading="false" live-region="0" context-clickable="false" content-invalid="false" window-id="14" />
                <android.support.v7.widget.RecyclerView index="3" package="com.google.android.gms" class="android.support.v7.widget.RecyclerView" text="" resource-id="com.google.android.gms:id/list" checkable="false" checked="false" clickable="false" enabled="true" focusable="true" focused="false" long-clickable="false" password="false" scrollable="false" selected="false" bounds="[75,914][1005,1263]" displayed="true" a11y-important="true" screen-reader-focusable="false" drawing-order="4" showing-hint="false" text-entry-key="false" dismissable="false" a11y-focused="false" heading="false" live-region="0" context-clickable="false" content-invalid="false" window-id="14">
                  <android.widget.LinearLayout index="0" package="com.google.android.gms" class="android.widget.LinearLayout" text="" resource-id="com.google.android.gms:id/container" checkable="false" checked="false" clickable="true" enabled="true" focusable="true" focused="false" long-clickable="false" password="false" scrollable="false" selected="false" bounds="[75,914][1005,1116]" displayed="true" a11y-important="true" screen-reader-focusable="false" drawing-order="1" showing-hint="false" text-entry-key="false" dismissable="false" a11y-focused="false" heading="false" live-region="0" context-clickable="false" content-invalid="false" window-id="14">
                    <android.widget.FrameLayout index="0" package="com.google.android.gms" class="android.widget.FrameLayout" text="" resource-id="com.google.android.gms:id/account_particle_disc" checkable="false" checked="false" clickable="false" enabled="true" focusable="false" focused="false" long-clickable="false" password="false" scrollable="false" selected="false" bounds="[129,970][219,1060]" displayed="true" a11y-important="false" screen-reader-focusable="false" drawing-order="1" showing-hint="false" text-entry-key="false" dismissable="false" a11y-focused="false" heading="false" live-region="0" context-clickable="false" content-invalid="false" window-id="14">
                      <android.widget.ImageView index="0" package="com.google.android.gms" class="android.widget.ImageView" text="" resource-id="com.google.android.gms:id/og_apd_internal_image_view" checkable="false" checked="false" clickable="false" enabled="true" focusable="false" focused="false" long-clickable="false" password="false" scrollable="false" selected="false" bounds="[129,970][219,1060]" displayed="true" a11y-important="false" screen-reader-focusable="false" drawing-order="1" showing-hint="false" text-entry-key="false" dismissable="false" a11y-focused="false" heading="false" live-region="0" context-clickable="false" content-invalid="false" window-id="14" />
                    </android.widget.FrameLayout>
                    <android.widget.LinearLayout index="1" package="com.google.android.gms" class="android.widget.LinearLayout" text="" checkable="false" checked="false" clickable="false" enabled="true" focusable="false" focused="false" long-clickable="false" password="false" scrollable="false" selected="false" bounds="[255,959][951,1071]" displayed="true" a11y-important="false" screen-reader-focusable="false" drawing-order="2" showing-hint="false" text-entry-key="false" dismissable="false" a11y-focused="false" heading="false" live-region="0" context-clickable="false" content-invalid="false" window-id="14">
                      <android.widget.TextView index="0" package="com.google.android.gms" class="android.widget.TextView" text="sdJ PVV" resource-id="com.google.android.gms:id/account_display_name" checkable="false" checked="false" clickable="false" enabled="true" focusable="false" focused="false" long-clickable="false" password="false" scrollable="false" selected="false" bounds="[255,959][417,1022]" displayed="true" a11y-important="true" screen-reader-focusable="false" drawing-order="1" showing-hint="false" text-entry-key="false" dismissable="false" a11y-focused="false" heading="false" live-region="0" context-clickable="false" content-invalid="false" window-id="14" />
                      <android.widget.TextView index="1" package="com.google.android.gms" class="android.widget.TextView" text="vyvekzfhte0e@rpilosj.com" resource-id="com.google.android.gms:id/account_name" checkable="false" checked="false" clickable="false" enabled="true" focusable="false" focused="false" long-clickable="false" password="false" scrollable="false" selected="false" bounds="[255,1022][677,1071]" displayed="true" a11y-important="true" screen-reader-focusable="false" drawing-order="2" showing-hint="false" text-entry-key="false" dismissable="false" a11y-focused="false" heading="false" live-region="0" context-clickable="false" content-invalid="false" window-id="14" />
                    </android.widget.LinearLayout>
                  </android.widget.LinearLayout>
                  <android.widget.LinearLayout index="1" package="com.google.android.gms" class="android.widget.LinearLayout" text="" resource-id="com.google.android.gms:id/container" checkable="false" checked="false" clickable="true" enabled="true" focusable="true" focused="false" long-clickable="false" password="false" scrollable="false" selected="false" bounds="[75,1116][1005,1263]" displayed="true" a11y-important="true" screen-reader-focusable="false" drawing-order="2" showing-hint="false" text-entry-key="false" dismissable="false" a11y-focused="false" heading="false" live-region="0" context-clickable="false" content-invalid="false" window-id="14">
                    <android.widget.ImageView index="0" package="com.google.android.gms" class="android.widget.ImageView" text="" resource-id="com.google.android.gms:id/add_account_profile_picture" checkable="false" checked="false" clickable="false" enabled="true" focusable="false" focused="false" long-clickable="false" password="false" scrollable="false" selected="false" bounds="[144,1158][204,1218]" displayed="true" a11y-important="false" screen-reader-focusable="false" drawing-order="1" showing-hint="false" text-entry-key="false" dismissable="false" a11y-focused="false" heading="false" live-region="0" context-clickable="false" content-invalid="false" window-id="14" />
                    <android.widget.TextView index="1" package="com.google.android.gms" class="android.widget.TextView" text="Add another account" resource-id="com.google.android.gms:id/add_account_chip_title" checkable="false" checked="false" clickable="false" enabled="true" focusable="false" focused="false" long-clickable="false" password="false" scrollable="false" selected="false" bounds="[255,1158][936,1221]" displayed="true" a11y-important="true" screen-reader-focusable="false" drawing-order="2" showing-hint="false" text-entry-key="false" dismissable="false" a11y-focused="false" heading="false" live-region="0" context-clickable="false" content-invalid="false" window-id="14" />
                  </android.widget.LinearLayout>
                </android.support.v7.widget.RecyclerView>
                <android.view.View index="4" package="com.google.android.gms" class="android.view.View" text="" resource-id="com.google.android.gms:id/consent_divider" checkable="false" checked="false" clickable="false" enabled="true" focusable="false" focused="false" long-clickable="false" password="false" scrollable="false" selected="false" bounds="[147,1263][933,1266]" displayed="true" a11y-important="false" screen-reader-focusable="false" drawing-order="5" showing-hint="false" text-entry-key="false" dismissable="false" a11y-focused="false" heading="false" live-region="0" context-clickable="false" content-invalid="false" window-id="14" />
                <android.widget.TextView index="5" package="com.google.android.gms" class="android.widget.TextView" text="To continue, Google will share your name, email address, and profile picture with TikTok. Before using this app, review its privacy policy and terms of service." resource-id="com.google.android.gms:id/consent_text" checkable="false" checked="false" clickable="false" enabled="true" focusable="true" focused="false" long-clickable="false" password="false" scrollable="false" selected="false" bounds="[75,1266][1005,1608]" displayed="true" a11y-important="true" screen-reader-focusable="false" drawing-order="6" showing-hint="false" text-entry-key="false" dismissable="false" a11y-focused="false" heading="false" live-region="0" context-clickable="false" content-invalid="false" text-has-clickable-span="true" window-id="14" />
              </android.widget.LinearLayout>
            </android.widget.ScrollView>
          </android.widget.FrameLayout>
        </android.widget.FrameLayout>
      </android.widget.FrameLayout>
    </android.widget.LinearLayout>
  </android.widget.FrameLayout>
</hierarchy>
2026-04-13T10:00:30.350Z INFO webdriver: COMMAND findElements("-android uiautomator", "new UiSelector().resourceId("identifierId")")
2026-04-13T10:00:30.350Z INFO webdriver: [POST] http://127.0.0.1:4720/session/e7836fb4-ebcd-4828-97c6-45851c250cb9/elements
2026-04-13T10:00:30.350Z INFO webdriver: DATA {"using":"-android uiautomator","value":"new UiSelector().resourceId(\"identifierId\")"}
2026-04-13T10:00:30.414Z INFO webdriver: RESULT []
2026-04-13T10:00:30.416Z INFO webdriver: COMMAND findElements("xpath", "//*[@resource-id="identifierId" and contains(@class,"EditText")]")
2026-04-13T10:00:30.416Z INFO webdriver: [POST] http://127.0.0.1:4720/session/e7836fb4-ebcd-4828-97c6-45851c250cb9/elements
2026-04-13T10:00:30.416Z INFO webdriver: DATA {"using":"xpath","value":"//*[@resource-id=\"identifierId\" and contains(@class,\"EditText\")]"}
2026-04-13T10:00:30.504Z INFO webdriver: RESULT []
2026-04-13T10:00:30.506Z INFO webdriver: The standard Appium `contexts` method is used. If you want to get more detailed data, you can set `returnDetailedContexts` to `true`.
2026-04-13T10:00:30.506Z INFO webdriver: COMMAND getAppiumContexts()
2026-04-13T10:00:30.506Z INFO webdriver: [GET] http://127.0.0.1:4720/session/e7836fb4-ebcd-4828-97c6-45851c250cb9/contexts
2026-04-13T10:00:30.933Z INFO webdriver: RESULT [ 'NATIVE_APP', 'WEBVIEW_JsEngine_com.zhiliaoapp.musically' ]
2026-04-13T10:00:30.933Z INFO webdriver: COMMAND getAppiumContext()
2026-04-13T10:00:30.933Z INFO webdriver: [GET] http://127.0.0.1:4720/session/e7836fb4-ebcd-4828-97c6-45851c250cb9/context
2026-04-13T10:00:30.935Z INFO webdriver: RESULT NATIVE_APP
2026-04-13T10:00:30.935Z INFO webdriver: The standard Appium `context`-method is used. If you want to switch to a webview with a specific title or url, please provide an object with the `title` or `url` property. See https://webdriver.io/docs/api/mobile/switchContext for more information.
2026-04-13T10:00:30.935Z INFO webdriver: COMMAND switchAppiumContext("WEBVIEW_JsEngine_com.zhiliaoapp.musically")
2026-04-13T10:00:30.935Z INFO webdriver: [POST] http://127.0.0.1:4720/session/e7836fb4-ebcd-4828-97c6-45851c250cb9/context
2026-04-13T10:00:30.936Z INFO webdriver: DATA {"name":"WEBVIEW_JsEngine_com.zhiliaoapp.musically"}
2026-04-13T10:00:31.479Z WARN webdriver: WebDriverError: No Chromedriver found that can automate Chrome '147.0.7727'. You could also try to enable automated chromedrivers download as a possible workaround. when running "context" with method "POST"
2026-04-13T10:00:31.479Z INFO webdriver: Retrying 1/3
2026-04-13T10:00:31.480Z INFO webdriver: [POST] http://127.0.0.1:4720/session/e7836fb4-ebcd-4828-97c6-45851c250cb9/context
2026-04-13T10:00:31.480Z INFO webdriver: DATA {"name":"WEBVIEW_JsEngine_com.zhiliaoapp.musically"}
2026-04-13T10:00:32.483Z WARN webdriver: WebDriverError: No Chromedriver found that can automate Chrome '147.0.7727'. You could also try to enable automated chromedrivers download as a possible workaround. when running "context" with method "POST"
2026-04-13T10:00:32.483Z INFO webdriver: Retrying 2/3
2026-04-13T10:00:32.484Z INFO webdriver: [POST] http://127.0.0.1:4720/session/e7836fb4-ebcd-4828-97c6-45851c250cb9/context
2026-04-13T10:00:32.484Z INFO webdriver: DATA {"name":"WEBVIEW_JsEngine_com.zhiliaoapp.musically"}

=== 单设备结束 ===
exit=1
endedAt=2026-04-13T10:00:32.682Z
