=== 单设备启动 ===
runMode=register-second
endpoint=124.236.71.155:20095
appiumPort=4727
startedAt=2026-04-15T03:04:41.446Z

[开始] 启动或复用Appium服务
尝试自动启动 Appium: D:\工作\stu\appium\node_modules\.bin\appium.cmd server -p 4727
Appium 自动启动成功: http://127.0.0.1:4727
[完成] 启动或复用Appium服务
[开始] ADB连接
执行: D:\工作\stu\appium\platform-tools\adb.exe connect 124.236.71.155:20095
adb connect 输出: connected to 124.236.71.155:20095
[完成] ADB连接
[开始] ADB鉴权
执行 ADB Shell 鉴权: D:\工作\stu\appium\platform-tools\adb.exe -s 124.236.71.155:20095 shell 5IaiQNdE
adb shell 鉴权输出: OK! Login successful.
ADB Shell 探测通过，SDK=35
[完成] ADB鉴权
[开始] 执行二次注册主流程（从Continue with Google开始）
尝试 Appium: http://127.0.0.1:4727/ (第1/3轮)
2026-04-15T03:04:45.639Z INFO webdriver: Initiate new session using the WebDriver protocol
2026-04-15T03:04:45.641Z INFO @wdio/utils: Connecting to existing driver at http://127.0.0.1:4727/
2026-04-15T03:04:45.657Z INFO webdriver: [POST] http://127.0.0.1:4727/session
连接成功，sessionId: 0b1f177f-d340-4aba-9056-34aebc239c31
[开始] 点击Continue with Google
2026-04-15T03:04:51.604Z INFO webdriver: COMMAND findElements("accessibility id", "Continue with Google")
2026-04-15T03:04:51.605Z INFO webdriver: [POST] http://127.0.0.1:4727/session/0b1f177f-d340-4aba-9056-34aebc239c31/elements
2026-04-15T03:04:51.605Z INFO webdriver: DATA {"using":"accessibility id","value":"Continue with Google"}
2026-04-15T03:04:51.684Z INFO webdriver: RESULT []
2026-04-15T03:04:51.690Z INFO webdriver: COMMAND findElements("-android uiautomator", "new UiSelector().text("Continue with Google")")
2026-04-15T03:04:51.691Z INFO webdriver: [POST] http://127.0.0.1:4727/session/0b1f177f-d340-4aba-9056-34aebc239c31/elements
2026-04-15T03:04:51.691Z INFO webdriver: DATA {"using":"-android uiautomator","value":"new UiSelector().text(\"Continue with Google\")"}
2026-04-15T03:04:51.763Z INFO webdriver: RESULT []
2026-04-15T03:04:51.765Z INFO webdriver: COMMAND findElements("-android uiautomator", "new UiSelector().textContains("Continue with Google")")
2026-04-15T03:04:51.765Z INFO webdriver: [POST] http://127.0.0.1:4727/session/0b1f177f-d340-4aba-9056-34aebc239c31/elements
2026-04-15T03:04:51.765Z INFO webdriver: DATA {"using":"-android uiautomator","value":"new UiSelector().textContains(\"Continue with Google\")"}
2026-04-15T03:04:51.830Z INFO webdriver: RESULT []
2026-04-15T03:04:51.832Z INFO webdriver: COMMAND findElements("-android uiautomator", "new UiSelector().textContains("Google")")
2026-04-15T03:04:51.832Z INFO webdriver: [POST] http://127.0.0.1:4727/session/0b1f177f-d340-4aba-9056-34aebc239c31/elements
2026-04-15T03:04:51.832Z INFO webdriver: DATA {"using":"-android uiautomator","value":"new UiSelector().textContains(\"Google\")"}
2026-04-15T03:04:51.902Z INFO webdriver: RESULT []
2026-04-15T03:04:51.904Z INFO webdriver: COMMAND findElements("-android uiautomator", "new UiSelector().description("Continue with Google")")
2026-04-15T03:04:51.904Z INFO webdriver: [POST] http://127.0.0.1:4727/session/0b1f177f-d340-4aba-9056-34aebc239c31/elements
2026-04-15T03:04:51.904Z INFO webdriver: DATA {"using":"-android uiautomator","value":"new UiSelector().description(\"Continue with Google\")"}
2026-04-15T03:04:51.966Z INFO webdriver: RESULT []
2026-04-15T03:04:51.968Z INFO webdriver: COMMAND findElements("-android uiautomator", "new UiSelector().descriptionContains("Continue with Google")")
2026-04-15T03:04:51.968Z INFO webdriver: [POST] http://127.0.0.1:4727/session/0b1f177f-d340-4aba-9056-34aebc239c31/elements
2026-04-15T03:04:51.968Z INFO webdriver: DATA {"using":"-android uiautomator","value":"new UiSelector().descriptionContains(\"Continue with Google\")"}
2026-04-15T03:04:52.032Z INFO webdriver: RESULT []
2026-04-15T03:04:52.034Z INFO webdriver: COMMAND findElements("-android uiautomator", "new UiSelector().descriptionContains("Google")")
2026-04-15T03:04:52.034Z INFO webdriver: [POST] http://127.0.0.1:4727/session/0b1f177f-d340-4aba-9056-34aebc239c31/elements
2026-04-15T03:04:52.035Z INFO webdriver: DATA {"using":"-android uiautomator","value":"new UiSelector().descriptionContains(\"Google\")"}
2026-04-15T03:04:52.105Z INFO webdriver: RESULT []
2026-04-15T03:04:52.106Z INFO webdriver: COMMAND findElements("xpath", "//*[@text="Continue with Google" or @content-desc="Continue with Google"]")
2026-04-15T03:04:52.106Z INFO webdriver: [POST] http://127.0.0.1:4727/session/0b1f177f-d340-4aba-9056-34aebc239c31/elements
2026-04-15T03:04:52.107Z INFO webdriver: DATA {"using":"xpath","value":"//*[@text=\"Continue with Google\" or @content-desc=\"Continue with Google\"]"}
2026-04-15T03:04:52.435Z INFO webdriver: RESULT []
2026-04-15T03:04:52.436Z INFO webdriver: COMMAND findElements("xpath", "//*[contains(@text,"Google") or contains(@content-desc,"Google")]")
2026-04-15T03:04:52.436Z INFO webdriver: [POST] http://127.0.0.1:4727/session/0b1f177f-d340-4aba-9056-34aebc239c31/elements
2026-04-15T03:04:52.436Z INFO webdriver: DATA {"using":"xpath","value":"//*[contains(@text,\"Google\") or contains(@content-desc,\"Google\")]"}
2026-04-15T03:04:52.541Z INFO webdriver: RESULT []
2026-04-15T03:04:52.542Z INFO webdriver: COMMAND findElements("xpath", "//*[contains(translate(@text,"ABCDEFGHIJKLMNOPQRSTUVWXYZ","abcdefghijklmnopqrstuvwxyz"),"google") or contains(translate(@content-desc,"ABCDEFGHIJKLMNOPQRSTUVWXYZ","abcdefghijklmnopqrstuvwxyz"),"google")]")
2026-04-15T03:04:52.542Z INFO webdriver: [POST] http://127.0.0.1:4727/session/0b1f177f-d340-4aba-9056-34aebc239c31/elements
2026-04-15T03:04:52.542Z INFO webdriver: DATA {"using":"xpath","value":"//*[contains(translate(@text,\"ABCDEFGHIJKLMNOPQRSTUVWXYZ\",\"abcdefghijklmnopqrstuvwxyz\"),\"google\") or contains(translate(@content-desc,\"ABCDEFGHIJKLMNOPQRSTUVWXYZ\",\"abcdefghijklmnopqrstuvwxyz\"),\"google\")]"}
2026-04-15T03:04:52.649Z INFO webdriver: RESULT []
2026-04-15T03:04:52.650Z INFO webdriver: COMMAND getPageSource()
2026-04-15T03:04:52.650Z INFO webdriver: [GET] http://127.0.0.1:4727/session/0b1f177f-d340-4aba-9056-34aebc239c31/source
2026-04-15T03:04:52.743Z INFO webdriver: RESULT <?xml version='1.0' encoding='UTF-8' standalone='yes' ?>
<hierarchy index="0" class="hierarchy" rotation="0" width="1080" height="1920">
  <android.widget.FrameLayout index="0" package="com.android.launcher3" class="android.widget.FrameLayout" text="" checkable="false" checked="false" clickable="false" enabled="true" focusable="false" focused="false" long-clickable="false" password="false" scrollable="false" selected="false" bounds="[0,0][1080,1920]" displayed="true" a11y-important="true" screen-reader-focusable="false" drawing-order="0" showing-hint="false" text-entry-key="false" dismissable="false" a11y-focused="false" heading="false" live-region="0" context-clickable="false" content-invalid="false" window-id="11">
    <android.widget.LinearLayout index="0" package="com.android.launcher3" class="android.widget.LinearLayout" text="" checkable="false" checked="false" clickable="false" enabled="true" focusable="false" focused="false" long-clickable="false" password="false" scrollable="false" selected="false" bounds="[0,0][1080,1920]" displayed="true" a11y-important="false" screen-reader-focusable="false" drawing-order="1" showing-hint="false" text-entry-key="false" dismissable="false" a11y-focused="false" heading="false" live-region="0" context-clickable="false" content-invalid="false" window-id="11">
      <android.widget.FrameLayout index="0" package="com.android.launcher3" class="android.widget.FrameLayout" text="" resource-id="android:id/content" checkable="false" checked="false" clickable="false" enabled="true" focusable="false" focused="false" long-clickable="false" password="false" scrollable="false" selected="false" bounds="[0,0][1080,1920]" displayed="true" a11y-important="false" screen-reader-focusable="false" drawing-order="2" showing-hint="false" text-entry-key="false" dismissable="false" a11y-focused="false" heading="false" live-region="0" context-clickable="false" content-invalid="false" window-id="11">
        <android.widget.FrameLayout index="0" package="com.android.launcher3" class="android.widget.FrameLayout" text="" resource-id="com.android.launcher3:id/launcher" checkable="false" checked="false" clickable="false" enabled="true" focusable="false" focused="false" long-clickable="false" password="false" scrollable="false" selected="false" bounds="[0,0][1080,1920]" displayed="true" a11y-important="false" screen-reader-focusable="false" drawing-order="1" showing-hint="false" text-entry-key="false" dismissable="false" a11y-focused="false" heading="false" live-region="0" context-clickable="false" content-invalid="false" window-id="11">
          <android.widget.FrameLayout index="0" package="com.android.launcher3" class="android.widget.FrameLayout" text="" resource-id="com.android.launcher3:id/drag_layer" checkable="false" checked="false" clickable="false" enabled="true" focusable="false" focused="false" long-clickable="false" password="false" scrollable="false" selected="false" bounds="[0,0][1080,1920]" displayed="true" a11y-important="false" screen-reader-focusable="false" drawing-order="1" showing-hint="false" text-entry-key="false" dismissable="false" a11y-focused="false" heading="false" live-region="0" context-clickable="false" content-invalid="false" window-id="11">
            <android.view.View index="0" package="com.android.launcher3" class="android.view.View" text="" resource-id="com.android.launcher3:id/scrim_view" checkable="false" checked="false" clickable="false" enabled="true" focusable="false" focused="false" long-clickable="false" password="false" scrollable="false" selected="false" bounds="[0,0][1080,1920]" displayed="true" a11y-important="false" screen-reader-focusable="false" drawing-order="6" showing-hint="false" text-entry-key="false" dismissable="false" a11y-focused="false" heading="false" live-region="0" context-clickable="false" content-invalid="false" window-id="11" />
            <android.widget.ScrollView index="1" package="com.android.launcher3" class="android.widget.ScrollView" text="" resource-id="com.android.launcher3:id/workspace" checkable="false" checked="false" clickable="false" enabled="true" focusable="false" focused="false" long-clickable="false" password="false" scrollable="true" selected="false" bounds="[0,0][1080,1920]" displayed="true" a11y-important="true" screen-reader-focusable="false" drawing-order="2" showing-hint="false" text-entry-key="false" dismissable="false" a11y-focused="false" heading="false" live-region="0" context-clickable="false" content-invalid="false" window-id="11">
              <android.view.ViewGroup index="0" package="com.android.launcher3" class="android.view.ViewGroup" text="" checkable="false" checked="false" clickable="false" enabled="true" focusable="false" focused="false" long-clickable="false" password="false" scrollable="false" selected="false" bounds="[0,72][1080,1550]" displayed="true" a11y-important="false" screen-reader-focusable="false" drawing-order="1" showing-hint="false" text-entry-key="false" dismissable="false" a11y-focused="false" heading="false" live-region="0" context-clickable="false" content-invalid="false" window-id="11">
                <android.view.ViewGroup index="0" package="com.android.launcher3" class="android.view.ViewGroup" text="" checkable="false" checked="false" clickable="false" enabled="true" focusable="false" focused="false" long-clickable="false" password="false" scrollable="false" selected="false" bounds="[24,104][1056,1518]" displayed="true" a11y-important="false" screen-reader-focusable="false" drawing-order="1" showing-hint="false" text-entry-key="false" dismissable="false" a11y-focused="false" heading="false" live-region="0" context-clickable="false" content-invalid="false" window-id="11">
                  <android.widget.FrameLayout index="0" package="com.android.launcher3" class="android.widget.FrameLayout" text="" resource-id="com.android.launcher3:id/search_container_workspace" checkable="false" checked="false" clickable="false" enabled="true" focusable="false" focused="false" long-clickable="false" password="false" scrollable="false" selected="false" bounds="[24,104][1056,457]" displayed="true" a11y-important="false" screen-reader-focusable="false" drawing-order="1" showing-hint="false" text-entry-key="false" dismissable="false" a11y-focused="false" heading="false" live-region="0" context-clickable="false" content-invalid="false" window-id="11">
                    <android.widget.FrameLayout index="0" package="com.android.launcher3" class="android.widget.FrameLayout" text="" checkable="false" checked="false" clickable="false" enabled="true" focusable="false" focused="false" long-clickable="false" password="false" scrollable="false" selected="false" bounds="[24,104][1056,457]" displayed="true" a11y-important="false" screen-reader-focusable="false" drawing-order="1" showing-hint="false" text-entry-key="false" dismissable="false" a11y-focused="false" heading="false" live-region="0" context-clickable="false" content-invalid="false" window-id="11">
                      <android.appwidget.AppWidgetHostView index="0" package="com.android.launcher3" class="android.appwidget.AppWidgetHostView" text="" content-desc="Search" resource-id="com.android.launcher3:id/qsb_widget" checkable="false" checked="false" clickable="false" enabled="true" focusable="true" focused="false" long-clickable="false" password="false" scrollable="false" selected="false" bounds="[24,104][1056,457]" displayed="true" a11y-important="true" screen-reader-focusable="false" drawing-order="1" showing-hint="false" text-entry-key="false" dismissable="false" a11y-focused="false" heading="false" live-region="0" context-clickable="false" content-invalid="false" window-id="11">
                        <android.widget.RelativeLayout index="0" package="com.android.quicksearchbox" class="android.widget.RelativeLayout" text="" checkable="false" checked="false" clickable="false" enabled="true" focusable="false" focused="false" long-clickable="false" password="false" scrollable="false" selected="false" bounds="[24,104][1056,457]" displayed="true" a11y-important="false" screen-reader-focusable="false" drawing-order="1" showing-hint="false" text-entry-key="false" dismissable="false" a11y-focused="false" heading="false" live-region="0" context-clickable="false" content-invalid="false" window-id="11">
                          <android.widget.LinearLayout index="0" package="com.android.quicksearchbox" class="android.widget.LinearLayout" text="" resource-id="com.android.quicksearchbox:id/search_plate" checkable="false" checked="false" clickable="false" enabled="true" focusable="false" focused="false" long-clickable="false" password="false" scrollable="false" selected="false" bounds="[24,172][1056,388]" displayed="true" a11y-important="false" screen-reader-focusable="false" drawing-order="1" showing-hint="false" text-entry-key="false" dismissable="false" a11y-focused="false" heading="false" live-region="0" context-clickable="false" content-invalid="false" window-id="11">
                            <android.widget.ImageView index="0" package="com.android.quicksearchbox" class="android.widget.ImageView" text="" resource-id="com.android.quicksearchbox:id/search_icon" checkable="false" checked="false" clickable="true" enabled="true" focusable="false" focused="false" long-clickable="false" password="false" scrollable="false" selected="false" bounds="[51,208][195,352]" displayed="true" a11y-important="true" screen-reader-focusable="false" drawing-order="1" showing-hint="false" text-entry-key="false" dismissable="false" a11y-focused="false" heading="false" live-region="0" context-clickable="false" content-invalid="false" window-id="11" />
                            <android.widget.TextView index="1" package="com.android.quicksearchbox" class="android.widget.TextView" text="" resource-id="com.android.quicksearchbox:id/search_widget_text" checkable="false" checked="false" clickable="true" enabled="true" focusable="true" focused="false" long-clickable="false" password="false" scrollable="false" selected="false" bounds="[195,217][1014,343]" displayed="true" a11y-important="true" screen-reader-focusable="false" drawing-order="2" showing-hint="false" text-entry-key="false" dismissable="false" a11y-focused="false" heading="false" live-region="0" context-clickable="false" content-invalid="false" window-id="11" />
                          </android.widget.LinearLayout>
                        </android.widget.RelativeLayout>
                      </android.appwidget.AppWidgetHostView>
                    </android.widget.FrameLayout>
                  </android.widget.FrameLayout>
                  <android.widget.TextView index="1" package="com.android.launcher3" class="android.widget.TextView" text="Galeri" content-desc="Galeri" checkable="false" checked="false" clickable="true" enabled="true" focusable="true" focused="false" long-clickable="true" password="false" scrollable="false" selected="false" bounds="[282,1163][540,1516]" displayed="true" a11y-important="true" screen-reader-focusable="false" drawing-order="2" showing-hint="false" text-entry-key="false" dismissable="false" a11y-focused="false" heading="false" live-region="0" context-clickable="false" content-invalid="false" window-id="11" />
                  <android.widget.TextView index="2" package="com.android.launcher3" class="android.widget.TextView" text="Play Store" content-desc="Play Store" checkable="false" checked="false" clickable="true" enabled="true" focusable="true" focused="false" long-clickable="true" password="false" scrollable="false" selected="false" bounds="[798,1163][1056,1516]" displayed="true" a11y-important="true" screen-reader-focusable="false" drawing-order="3" showing-hint="false" text-entry-key="false" dismissable="false" a11y-focused="false" heading="false" live-region="0" context-clickable="false" content-invalid="false" window-id="11" />
                </android.view.ViewGroup>
              </android.view.ViewGroup>
            </android.widget.ScrollView>
            <android.view.View index="2" package="com.android.launcher3" class="android.view.View" text="" content-desc="Layar utama" checkable="false" checked="false" clickable="false" enabled="true" focusable="false" focused="false" long-clickable="false" password="false" scrollable="false" selected="false" bounds="[0,72][1080,1776]" displayed="true" a11y-important="true" screen-reader-focusable="false" drawing-order="1" showing-hint="false" text-entry-key="false" dismissable="false" a11y-focused="false" heading="false" live-region="0" context-clickable="false" content-invalid="false" window-id="11" />
            <android.widget.FrameLayout index="3" package="com.android.launcher3" class="android.widget.FrameLayout" text="" resource-id="com.android.launcher3:id/overview_actions_view" checkable="false" checked="false" clickable="false" enabled="true" focusable="false" focused="false" long-clickable="false" password="false" scrollable="false" selected="false" bounds="[0,1416][1080,1920]" displayed="true" a11y-important="false" screen-reader-focusable="false" drawing-order="8" showing-hint="false" text-entry-key="false" dismissable="false" a11y-focused="false" heading="false" live-region="0" context-clickable="false" content-invalid="false" window-id="11" />
            <android.view.View index="4" package="com.android.launcher3" class="android.view.View" text="" resource-id="com.android.launcher3:id/page_indicator" checkable="false" checked="false" clickable="false" enabled="true" focusable="false" focused="false" long-clickable="false" password="false" scrollable="false" selected="false" bounds="[0,1518][1080,1590]" displayed="true" a11y-important="false" screen-reader-focusable="false" drawing-order="4" showing-hint="false" text-entry-key="false" dismissable="false" a11y-focused="false" heading="false" live-region="0" context-clickable="false" content-invalid="false" window-id="11" />
            <android.view.ViewGroup index="5" package="com.android.launcher3" class="android.view.ViewGroup" text="" resource-id="com.android.launcher3:id/hotseat" checkable="false" checked="false" clickable="false" enabled="true" focusable="false" focused="false" long-clickable="false" password="false" scrollable="false" selected="false" bounds="[0,1590][1080,1920]" displayed="true" a11y-important="false" screen-reader-focusable="false" drawing-order="3" showing-hint="false" text-entry-key="false" dismissable="false" a11y-focused="false" heading="false" live-region="0" context-clickable="false" content-invalid="false" window-id="11">
              <android.view.ViewGroup index="0" package="com.android.launcher3" class="android.view.ViewGroup" text="" checkable="false" checked="false" clickable="false" enabled="true" focusable="false" focused="false" long-clickable="false" password="false" scrollable="false" selected="false" bounds="[24,1590][1056,1773]" displayed="true" a11y-important="false" screen-reader-focusable="false" drawing-order="1" showing-hint="false" text-entry-key="false" dismissable="false" a11y-focused="false" heading="false" live-region="0" context-clickable="false" content-invalid="false" window-id="11">
                <android.widget.TextView index="0" package="com.android.launcher3" class="android.widget.TextView" text="Telepon" content-desc="Telepon" checkable="false" checked="false" clickable="true" enabled="true" focusable="true" focused="false" long-clickable="true" password="false" scrollable="false" selected="false" bounds="[24,1590][282,1773]" displayed="true" a11y-important="true" screen-reader-focusable="false" drawing-order="1" showing-hint="false" text-entry-key="false" dismissable="false" a11y-focused="false" heading="false" live-region="0" context-clickable="false" content-invalid="false" window-id="11" />
                <android.widget.TextView index="1" package="com.android.launcher3" class="android.widget.TextView" text="Perpesanan" content-desc="Perpesanan" checkable="false" checked="false" clickable="true" enabled="true" focusable="true" focused="false" long-clickable="true" password="false" scrollable="false" selected="false" bounds="[282,1590][540,1773]" displayed="true" a11y-important="true" screen-reader-focusable="false" drawing-order="2" showing-hint="false" text-entry-key="false" dismissable="false" a11y-focused="false" heading="false" live-region="0" context-clickable="false" content-invalid="false" window-id="11" />
                <android.widget.TextView index="2" package="com.android.launcher3" class="android.widget.TextView" text="Chrome" content-desc="Chrome" checkable="false" checked="false" clickable="true" enabled="true" focusable="true" focused="false" long-clickable="true" password="false" scrollable="false" selected="false" bounds="[540,1590][798,1773]" displayed="true" a11y-important="true" screen-reader-focusable="false" drawing-order="3" showing-hint="false" text-entry-key="false" dismissable="false" a11y-focused="false" heading="false" live-region="0" context-clickable="false" content-invalid="false" window-id="11" />
                <android.widget.TextView index="3" package="com.android.launcher3" class="android.widget.TextView" text="Open Camera" content-desc="Open Camera" checkable="false" checked="false" clickable="true" enabled="true" focusable="true" focused="false" long-clickable="true" password="false" scrollable="false" selected="false" bounds="[798,1590][1056,1773]" displayed="true" a11y-important="true" screen-reader-focusable="false" drawing-order="4" showing-hint="false" text-entry-key="false" dismissable="false" a11y-focused="false" heading="false" live-region="0" context-clickable="false" content-invalid="false" window-id="11" />
              </android.view.ViewGroup>
            </android.view.ViewGroup>
          </android.widget.FrameLayout>
        </android.widget.FrameLayout>
      </android.widget.FrameLayout>
    </android.widget.LinearLayout>
  </android.widget.FrameLayout>
</hierarchy>
等待 Continue with Google 按钮出现...

=== 单设备结束 ===
exit=1
endedAt=2026-04-15T03:04:52.869Z
