=== 单设备启动 ===
runMode=register
country=us
endpoint=124.236.70.143:22216
appiumPort=54480
startedAt=2026-04-28T10:04:33.478Z

[开始] 启动或复用Appium服务
尝试自动启动 Appium: D:\工作\stu\appium\node_modules\.bin\appium.cmd server -p 54480
Appium 自动启动成功: http://127.0.0.1:54480
[完成] 启动或复用Appium服务
[开始] ADB连接
执行: D:\工作\stu\appium\platform-tools\adb.exe connect 124.236.70.143:22216
adb connect 输出: connected to 124.236.70.143:22216
[完成] ADB连接
[开始] ADB鉴权
执行 ADB Shell 鉴权: D:\工作\stu\appium\platform-tools\adb.exe -s 124.236.70.143:22216 shell cLWQbMv2
adb shell 鉴权输出: OK! Login successful.
ADB Shell 探测通过，SDK=35
[完成] ADB鉴权
[开始] 执行Appium主流程
执行 Appium 主流程，第 1/2 次
尝试 Appium: http://127.0.0.1:54480/ (第1/3轮)
2026-04-28T10:04:45.046Z INFO webdriver: Initiate new session using the WebDriver protocol
2026-04-28T10:04:45.051Z INFO @wdio/utils: Connecting to existing driver at http://127.0.0.1:54480/
2026-04-28T10:04:45.080Z INFO webdriver: [POST] http://127.0.0.1:54480/session
连接成功，sessionId: 3185005b-745c-475a-ab82-36d14a1aa600
[开始] 打开TK
尝试打开 TK: com.zhiliaoapp.musically
2026-04-28T10:05:14.749Z INFO webdriver: COMMAND activateApp("com.zhiliaoapp.musically")
2026-04-28T10:05:14.750Z INFO webdriver: [POST] http://127.0.0.1:54480/session/3185005b-745c-475a-ab82-36d14a1aa600/appium/device/activate_app
2026-04-28T10:05:14.750Z INFO webdriver: DATA {"appId":"com.zhiliaoapp.musically"}
2026-04-28T10:05:15.097Z INFO webdriver: RESULT null
已打开 TK 应用: com.zhiliaoapp.musically
[完成] 打开TK
[开始] 点击Continue with Google
2026-04-28T10:05:15.100Z INFO webdriver: COMMAND findElements("accessibility id", "Continue with Google")
2026-04-28T10:05:15.100Z INFO webdriver: [POST] http://127.0.0.1:54480/session/3185005b-745c-475a-ab82-36d14a1aa600/elements
2026-04-28T10:05:15.100Z INFO webdriver: DATA {"using":"accessibility id","value":"Continue with Google"}
2026-04-28T10:05:16.377Z INFO webdriver: RESULT []
2026-04-28T10:05:16.383Z INFO webdriver: COMMAND findElements("-android uiautomator", "new UiSelector().text("Continue with Google")")
2026-04-28T10:05:16.383Z INFO webdriver: [POST] http://127.0.0.1:54480/session/3185005b-745c-475a-ab82-36d14a1aa600/elements
2026-04-28T10:05:16.383Z INFO webdriver: DATA {"using":"-android uiautomator","value":"new UiSelector().text(\"Continue with Google\")"}
2026-04-28T10:05:17.007Z INFO webdriver: RESULT []
2026-04-28T10:05:17.010Z INFO webdriver: COMMAND findElements("-android uiautomator", "new UiSelector().textContains("Continue with Google")")
2026-04-28T10:05:17.011Z INFO webdriver: [POST] http://127.0.0.1:54480/session/3185005b-745c-475a-ab82-36d14a1aa600/elements
2026-04-28T10:05:17.011Z INFO webdriver: DATA {"using":"-android uiautomator","value":"new UiSelector().textContains(\"Continue with Google\")"}
2026-04-28T10:05:17.658Z INFO webdriver: RESULT []
2026-04-28T10:05:17.661Z INFO webdriver: COMMAND findElements("-android uiautomator", "new UiSelector().textContains("Google")")
2026-04-28T10:05:17.661Z INFO webdriver: [POST] http://127.0.0.1:54480/session/3185005b-745c-475a-ab82-36d14a1aa600/elements
2026-04-28T10:05:17.661Z INFO webdriver: DATA {"using":"-android uiautomator","value":"new UiSelector().textContains(\"Google\")"}
2026-04-28T10:05:17.725Z INFO webdriver: RESULT []
2026-04-28T10:05:17.727Z INFO webdriver: COMMAND findElements("-android uiautomator", "new UiSelector().description("Continue with Google")")
2026-04-28T10:05:17.727Z INFO webdriver: [POST] http://127.0.0.1:54480/session/3185005b-745c-475a-ab82-36d14a1aa600/elements
2026-04-28T10:05:17.727Z INFO webdriver: DATA {"using":"-android uiautomator","value":"new UiSelector().description(\"Continue with Google\")"}
2026-04-28T10:05:17.791Z INFO webdriver: RESULT []
2026-04-28T10:05:17.793Z INFO webdriver: COMMAND findElements("-android uiautomator", "new UiSelector().descriptionContains("Continue with Google")")
2026-04-28T10:05:17.794Z INFO webdriver: [POST] http://127.0.0.1:54480/session/3185005b-745c-475a-ab82-36d14a1aa600/elements
2026-04-28T10:05:17.794Z INFO webdriver: DATA {"using":"-android uiautomator","value":"new UiSelector().descriptionContains(\"Continue with Google\")"}
2026-04-28T10:05:17.862Z INFO webdriver: RESULT []
2026-04-28T10:05:17.864Z INFO webdriver: COMMAND findElements("-android uiautomator", "new UiSelector().descriptionContains("Google")")
2026-04-28T10:05:17.864Z INFO webdriver: [POST] http://127.0.0.1:54480/session/3185005b-745c-475a-ab82-36d14a1aa600/elements
2026-04-28T10:05:17.864Z INFO webdriver: DATA {"using":"-android uiautomator","value":"new UiSelector().descriptionContains(\"Google\")"}
2026-04-28T10:05:17.930Z INFO webdriver: RESULT []
2026-04-28T10:05:17.931Z INFO webdriver: COMMAND findElements("xpath", "//*[@text="Continue with Google" or @content-desc="Continue with Google"]")
2026-04-28T10:05:17.931Z INFO webdriver: [POST] http://127.0.0.1:54480/session/3185005b-745c-475a-ab82-36d14a1aa600/elements
2026-04-28T10:05:17.931Z INFO webdriver: DATA {"using":"xpath","value":"//*[@text=\"Continue with Google\" or @content-desc=\"Continue with Google\"]"}
2026-04-28T10:05:18.273Z INFO webdriver: RESULT []
2026-04-28T10:05:18.277Z INFO webdriver: COMMAND findElements("xpath", "//*[contains(@text,"Google") or contains(@content-desc,"Google")]")
2026-04-28T10:05:18.277Z INFO webdriver: [POST] http://127.0.0.1:54480/session/3185005b-745c-475a-ab82-36d14a1aa600/elements
2026-04-28T10:05:18.278Z INFO webdriver: DATA {"using":"xpath","value":"//*[contains(@text,\"Google\") or contains(@content-desc,\"Google\")]"}
2026-04-28T10:05:20.440Z INFO webdriver: RESULT []
2026-04-28T10:05:20.441Z INFO webdriver: COMMAND findElements("xpath", "//*[contains(translate(@text,"ABCDEFGHIJKLMNOPQRSTUVWXYZ","abcdefghijklmnopqrstuvwxyz"),"google") or contains(translate(@content-desc,"ABCDEFGHIJKLMNOPQRSTUVWXYZ","abcdefghijklmnopqrstuvwxyz"),"google")]")
2026-04-28T10:05:20.442Z INFO webdriver: [POST] http://127.0.0.1:54480/session/3185005b-745c-475a-ab82-36d14a1aa600/elements
2026-04-28T10:05:20.442Z INFO webdriver: DATA {"using":"xpath","value":"//*[contains(translate(@text,\"ABCDEFGHIJKLMNOPQRSTUVWXYZ\",\"abcdefghijklmnopqrstuvwxyz\"),\"google\") or contains(translate(@content-desc,\"ABCDEFGHIJKLMNOPQRSTUVWXYZ\",\"abcdefghijklmnopqrstuvwxyz\"),\"google\")]"}
2026-04-28T10:05:20.579Z INFO webdriver: RESULT []
2026-04-28T10:05:20.580Z INFO webdriver: COMMAND getPageSource()
2026-04-28T10:05:20.580Z INFO webdriver: [GET] http://127.0.0.1:54480/session/3185005b-745c-475a-ab82-36d14a1aa600/source
2026-04-28T10:05:20.668Z INFO webdriver: RESULT <?xml version='1.0' encoding='UTF-8' standalone='yes' ?>
<hierarchy index="0" class="hierarchy" rotation="0" width="1080" height="1920">
  <android.widget.FrameLayout index="0" package="com.zhiliaoapp.musically" class="android.widget.FrameLayout" text="" checkable="false" checked="false" clickable="false" enabled="true" focusable="false" focused="false" long-clickable="false" password="false" scrollable="false" selected="false" bounds="[0,0][1080,1920]" displayed="true" a11y-important="true" screen-reader-focusable="false" drawing-order="0" showing-hint="false" text-entry-key="false" dismissable="false" a11y-focused="false" heading="false" live-region="0" context-clickable="false" content-invalid="false" window-id="8">
    <android.widget.LinearLayout index="0" package="com.zhiliaoapp.musically" class="android.widget.LinearLayout" text="" checkable="false" checked="false" clickable="false" enabled="true" focusable="false" focused="false" long-clickable="false" password="false" scrollable="false" selected="false" bounds="[0,0][1080,1920]" displayed="true" a11y-important="false" screen-reader-focusable="false" drawing-order="1" showing-hint="false" text-entry-key="false" dismissable="false" a11y-focused="false" heading="false" live-region="0" context-clickable="false" content-invalid="false" window-id="8">
      <android.widget.FrameLayout index="0" package="com.zhiliaoapp.musically" class="android.widget.FrameLayout" text="" resource-id="android:id/content" checkable="false" checked="false" clickable="false" enabled="true" focusable="false" focused="false" long-clickable="false" password="false" scrollable="false" selected="false" bounds="[0,0][1080,1920]" displayed="true" a11y-important="false" screen-reader-focusable="false" drawing-order="2" showing-hint="false" text-entry-key="false" dismissable="false" a11y-focused="false" heading="false" live-region="0" context-clickable="false" content-invalid="false" window-id="8">
        <android.widget.FrameLayout index="0" package="com.zhiliaoapp.musically" class="android.widget.FrameLayout" text="" checkable="false" checked="false" clickable="false" enabled="true" focusable="false" focused="false" long-clickable="false" password="false" scrollable="false" selected="false" bounds="[0,0][1080,1920]" displayed="true" a11y-important="false" screen-reader-focusable="false" drawing-order="1" showing-hint="false" text-entry-key="false" dismissable="false" a11y-focused="false" heading="false" live-region="0" context-clickable="false" content-invalid="false" window-id="8">
          <android.widget.LinearLayout index="0" package="com.zhiliaoapp.musically" class="android.widget.LinearLayout" text="" resource-id="com.zhiliaoapp.musically:id/us" checkable="false" checked="false" clickable="false" enabled="true" focusable="false" focused="false" long-clickable="false" password="false" scrollable="false" selected="false" bounds="[0,0][1080,1920]" displayed="true" a11y-important="false" screen-reader-focusable="false" drawing-order="1" showing-hint="false" text-entry-key="false" dismissable="false" a11y-focused="false" heading="false" live-region="0" context-clickable="false" content-invalid="false" window-id="8">
            <android.widget.FrameLayout index="0" package="com.zhiliaoapp.musically" class="android.widget.FrameLayout" text="" checkable="false" checked="false" clickable="false" enabled="true" focusable="false" focused="false" long-clickable="false" password="false" scrollable="false" selected="false" bounds="[0,0][1080,1920]" displayed="true" a11y-important="false" screen-reader-focusable="false" drawing-order="2" showing-hint="false" text-entry-key="false" dismissable="false" a11y-focused="false" heading="false" live-region="0" context-clickable="false" content-invalid="false" window-id="8" />
          </android.widget.LinearLayout>
          <android.widget.FrameLayout index="1" package="com.zhiliaoapp.musically" class="android.widget.FrameLayout" text="" resource-id="com.zhiliaoapp.musically:id/hxv" checkable="false" checked="false" clickable="false" enabled="true" focusable="false" focused="false" long-clickable="false" password="false" scrollable="false" selected="false" bounds="[0,0][1080,1920]" displayed="true" a11y-important="false" screen-reader-focusable="false" drawing-order="2" showing-hint="false" text-entry-key="false" dismissable="false" a11y-focused="false" heading="false" live-region="0" context-clickable="false" content-invalid="false" window-id="8">
            <android.view.ViewGroup index="0" package="com.zhiliaoapp.musically" class="android.view.ViewGroup" text="" resource-id="com.zhiliaoapp.musically:id/srx" checkable="false" checked="false" clickable="false" enabled="true" focusable="false" focused="false" long-clickable="false" password="false" scrollable="false" selected="false" bounds="[0,72][1080,1920]" displayed="true" a11y-important="false" screen-reader-focusable="false" drawing-order="1" showing-hint="false" text-entry-key="false" dismissable="false" a11y-focused="false" heading="false" live-region="0" context-clickable="false" content-invalid="false" window-id="8">
              <android.view.ViewGroup index="0" package="com.zhiliaoapp.musically" class="android.view.ViewGroup" text="" resource-id="com.zhiliaoapp.musically:id/un9" checkable="false" checked="false" clickable="false" enabled="true" focusable="false" focused="false" long-clickable="false" password="false" scrollable="false" selected="false" bounds="[0,72][1080,1620]" displayed="true" a11y-important="false" screen-reader-focusable="false" drawing-order="1" showing-hint="false" text-entry-key="false" dismissable="false" a11y-focused="false" heading="false" live-region="0" context-clickable="false" content-invalid="false" window-id="8">
                <android.widget.LinearLayout index="0" package="com.zhiliaoapp.musically" class="android.widget.LinearLayout" text="" resource-id="com.zhiliaoapp.musically:id/e_o" checkable="false" checked="false" clickable="false" enabled="true" focusable="false" focused="false" long-clickable="false" password="false" scrollable="false" selected="false" bounds="[96,504][984,744]" displayed="true" a11y-important="false" screen-reader-focusable="false" drawing-order="2" showing-hint="false" text-entry-key="false" dismissable="false" a11y-focused="false" heading="false" live-region="0" context-clickable="false" content-invalid="false" window-id="8">
                  <android.widget.TextView index="0" package="com.zhiliaoapp.musically" class="android.widget.TextView" text="Te damos la bienvenida a TikTok" resource-id="com.zhiliaoapp.musically:id/e_n" checkable="false" checked="false" clickable="false" enabled="true" focusable="false" focused="false" long-clickable="false" password="false" scrollable="false" selected="false" bounds="[96,504][984,666]" displayed="true" a11y-important="true" screen-reader-focusable="false" drawing-order="1" showing-hint="false" text-entry-key="false" dismissable="false" a11y-focused="false" heading="false" live-region="0" context-clickable="false" content-invalid="false" window-id="8" />
                  <android.widget.TextView index="1" package="com.zhiliaoapp.musically" class="android.widget.TextView" text="Videos que te alegrarán el día" resource-id="com.zhiliaoapp.musically:id/e_l" checkable="false" checked="false" clickable="false" enabled="true" focusable="false" focused="false" long-clickable="false" password="false" scrollable="false" selected="false" bounds="[96,690][984,744]" displayed="true" a11y-important="true" screen-reader-focusable="false" drawing-order="2" showing-hint="false" text-entry-key="false" dismissable="false" a11y-focused="false" heading="false" live-region="0" context-clickable="false" content-invalid="false" window-id="8" />
                </android.widget.LinearLayout>
                <android.widget.ImageView index="1" package="com.zhiliaoapp.musically" class="android.widget.ImageView" text="" resource-id="com.zhiliaoapp.musically:id/u0p" checkable="false" checked="false" clickable="false" enabled="true" focusable="false" focused="false" long-clickable="false" password="false" scrollable="false" selected="false" bounds="[45,780][1035,1188]" displayed="true" a11y-important="false" screen-reader-focusable="false" drawing-order="3" showing-hint="false" text-entry-key="false" dismissable="false" a11y-focused="false" heading="false" live-region="0" context-clickable="false" content-invalid="false" window-id="8" />
              </android.view.ViewGroup>
              <android.view.ViewGroup index="1" package="com.zhiliaoapp.musically" class="android.view.ViewGroup" text="" resource-id="com.zhiliaoapp.musically:id/e_i" checkable="false" checked="false" clickable="false" enabled="true" focusable="false" focused="false" long-clickable="false" password="false" scrollable="false" selected="false" bounds="[48,1512][1032,1884]" displayed="true" a11y-important="false" screen-reader-focusable="false" drawing-order="3" showing-hint="false" text-entry-key="false" dismissable="false" a11y-focused="false" heading="false" live-region="0" context-clickable="false" content-invalid="false" window-id="8">
                <android.widget.TextView index="0" package="com.zhiliaoapp.musically" class="android.widget.TextView" text='Al pulsar "Aceptar y continuar", aceptas nuestros Términos del servicio y confirmas haber leído nuestra Política de privacidad para saber cómo recopilamos, usamos y compartimos tus datos.' resource-id="com.zhiliaoapp.musically:id/e_p" checkable="false" checked="false" clickable="false" enabled="true" focusable="true" focused="false" long-clickable="false" password="false" scrollable="false" selected="false" bounds="[48,1512][1032,1740]" displayed="true" a11y-important="true" screen-reader-focusable="false" drawing-order="1" showing-hint="false" text-entry-key="false" dismissable="false" a11y-focused="false" heading="false" live-region="0" context-clickable="false" content-invalid="false" text-has-clickable-span="true" window-id="8" />
                <android.widget.Button index="1" package="com.zhiliaoapp.musically" class="android.widget.Button" text="Aceptar y continuar" resource-id="com.zhiliaoapp.musically:id/e_f" checkable="false" checked="false" clickable="true" enabled="true" focusable="true" focused="false" long-clickable="false" password="false" scrollable="false" selected="false" bounds="[48,1740][1032,1884]" displayed="true" a11y-important="true" screen-reader-focusable="false" drawing-order="2" showing-hint="false" text-entry-key="false" dismissable="false" a11y-focused="false" heading="false" live-region="0" context-clickable="false" content-invalid="false" window-id="8" />
              </android.view.ViewGroup>
            </android.view.ViewGroup>
          </android.widget.FrameLayout>
        </android.widget.FrameLayout>
      </android.widget.FrameLayout>
    </android.widget.LinearLayout>
  </android.widget.FrameLayout>
</hierarchy>
等待 Continue with Google 按钮出现...
2026-04-28T10:05:22.677Z INFO webdriver: COMMAND findElements("accessibility id", "Continue with Google")
2026-04-28T10:05:22.678Z INFO webdriver: [POST] http://127.0.0.1:54480/session/3185005b-745c-475a-ab82-36d14a1aa600/elements
2026-04-28T10:05:22.678Z INFO webdriver: DATA {"using":"accessibility id","value":"Continue with Google"}
2026-04-28T10:05:22.747Z INFO webdriver: RESULT []
2026-04-28T10:05:22.749Z INFO webdriver: COMMAND findElements("-android uiautomator", "new UiSelector().text("Continue with Google")")
2026-04-28T10:05:22.750Z INFO webdriver: [POST] http://127.0.0.1:54480/session/3185005b-745c-475a-ab82-36d14a1aa600/elements
2026-04-28T10:05:22.750Z INFO webdriver: DATA {"using":"-android uiautomator","value":"new UiSelector().text(\"Continue with Google\")"}
2026-04-28T10:05:22.828Z INFO webdriver: RESULT []
2026-04-28T10:05:22.829Z INFO webdriver: COMMAND findElements("-android uiautomator", "new UiSelector().textContains("Continue with Google")")
2026-04-28T10:05:22.830Z INFO webdriver: [POST] http://127.0.0.1:54480/session/3185005b-745c-475a-ab82-36d14a1aa600/elements
2026-04-28T10:05:22.830Z INFO webdriver: DATA {"using":"-android uiautomator","value":"new UiSelector().textContains(\"Continue with Google\")"}
2026-04-28T10:05:22.894Z INFO webdriver: RESULT []
2026-04-28T10:05:22.894Z INFO webdriver: COMMAND findElements("-android uiautomator", "new UiSelector().textContains("Google")")
2026-04-28T10:05:22.895Z INFO webdriver: [POST] http://127.0.0.1:54480/session/3185005b-745c-475a-ab82-36d14a1aa600/elements
2026-04-28T10:05:22.895Z INFO webdriver: DATA {"using":"-android uiautomator","value":"new UiSelector().textContains(\"Google\")"}
2026-04-28T10:05:22.961Z INFO webdriver: RESULT []
2026-04-28T10:05:22.962Z INFO webdriver: COMMAND findElements("-android uiautomator", "new UiSelector().description("Continue with Google")")
2026-04-28T10:05:22.963Z INFO webdriver: [POST] http://127.0.0.1:54480/session/3185005b-745c-475a-ab82-36d14a1aa600/elements
2026-04-28T10:05:22.963Z INFO webdriver: DATA {"using":"-android uiautomator","value":"new UiSelector().description(\"Continue with Google\")"}
2026-04-28T10:05:23.031Z INFO webdriver: RESULT []
2026-04-28T10:05:23.032Z INFO webdriver: COMMAND findElements("-android uiautomator", "new UiSelector().descriptionContains("Continue with Google")")
2026-04-28T10:05:23.032Z INFO webdriver: [POST] http://127.0.0.1:54480/session/3185005b-745c-475a-ab82-36d14a1aa600/elements
2026-04-28T10:05:23.032Z INFO webdriver: DATA {"using":"-android uiautomator","value":"new UiSelector().descriptionContains(\"Continue with Google\")"}
2026-04-28T10:05:23.106Z INFO webdriver: RESULT []
2026-04-28T10:05:23.108Z INFO webdriver: COMMAND findElements("-android uiautomator", "new UiSelector().descriptionContains("Google")")
2026-04-28T10:05:23.108Z INFO webdriver: [POST] http://127.0.0.1:54480/session/3185005b-745c-475a-ab82-36d14a1aa600/elements
2026-04-28T10:05:23.108Z INFO webdriver: DATA {"using":"-android uiautomator","value":"new UiSelector().descriptionContains(\"Google\")"}
2026-04-28T10:05:23.182Z INFO webdriver: RESULT []
2026-04-28T10:05:23.184Z INFO webdriver: COMMAND findElements("xpath", "//*[@text="Continue with Google" or @content-desc="Continue with Google"]")
2026-04-28T10:05:23.184Z INFO webdriver: [POST] http://127.0.0.1:54480/session/3185005b-745c-475a-ab82-36d14a1aa600/elements
2026-04-28T10:05:23.185Z INFO webdriver: DATA {"using":"xpath","value":"//*[@text=\"Continue with Google\" or @content-desc=\"Continue with Google\"]"}
2026-04-28T10:05:23.280Z INFO webdriver: RESULT []
2026-04-28T10:05:23.281Z INFO webdriver: COMMAND findElements("xpath", "//*[contains(@text,"Google") or contains(@content-desc,"Google")]")
2026-04-28T10:05:23.282Z INFO webdriver: [POST] http://127.0.0.1:54480/session/3185005b-745c-475a-ab82-36d14a1aa600/elements
2026-04-28T10:05:23.282Z INFO webdriver: DATA {"using":"xpath","value":"//*[contains(@text,\"Google\") or contains(@content-desc,\"Google\")]"}
2026-04-28T10:05:23.368Z INFO webdriver: RESULT []
2026-04-28T10:05:23.369Z INFO webdriver: COMMAND findElements("xpath", "//*[contains(translate(@text,"ABCDEFGHIJKLMNOPQRSTUVWXYZ","abcdefghijklmnopqrstuvwxyz"),"google") or contains(translate(@content-desc,"ABCDEFGHIJKLMNOPQRSTUVWXYZ","abcdefghijklmnopqrstuvwxyz"),"google")]")
2026-04-28T10:05:23.369Z INFO webdriver: [POST] http://127.0.0.1:54480/session/3185005b-745c-475a-ab82-36d14a1aa600/elements
2026-04-28T10:05:23.369Z INFO webdriver: DATA {"using":"xpath","value":"//*[contains(translate(@text,\"ABCDEFGHIJKLMNOPQRSTUVWXYZ\",\"abcdefghijklmnopqrstuvwxyz\"),\"google\") or contains(translate(@content-desc,\"ABCDEFGHIJKLMNOPQRSTUVWXYZ\",\"abcdefghijklmnopqrstuvwxyz\"),\"google\")]"}
2026-04-28T10:05:23.464Z INFO webdriver: RESULT []
2026-04-28T10:05:23.464Z INFO webdriver: COMMAND getPageSource()
2026-04-28T10:05:23.465Z INFO webdriver: [GET] http://127.0.0.1:54480/session/3185005b-745c-475a-ab82-36d14a1aa600/source
2026-04-28T10:05:23.575Z INFO webdriver: RESULT <?xml version='1.0' encoding='UTF-8' standalone='yes' ?>
<hierarchy index="0" class="hierarchy" rotation="0" width="1080" height="1920">
  <android.widget.FrameLayout index="0" package="com.zhiliaoapp.musically" class="android.widget.FrameLayout" text="" checkable="false" checked="false" clickable="false" enabled="true" focusable="false" focused="false" long-clickable="false" password="false" scrollable="false" selected="false" bounds="[0,0][1080,1920]" displayed="true" a11y-important="true" screen-reader-focusable="false" drawing-order="0" showing-hint="false" text-entry-key="false" dismissable="false" a11y-focused="false" heading="false" live-region="0" context-clickable="false" content-invalid="false" window-id="8">
    <android.widget.LinearLayout index="0" package="com.zhiliaoapp.musically" class="android.widget.LinearLayout" text="" checkable="false" checked="false" clickable="false" enabled="true" focusable="false" focused="false" long-clickable="false" password="false" scrollable="false" selected="false" bounds="[0,0][1080,1920]" displayed="true" a11y-important="false" screen-reader-focusable="false" drawing-order="1" showing-hint="false" text-entry-key="false" dismissable="false" a11y-focused="false" heading="false" live-region="0" context-clickable="false" content-invalid="false" window-id="8">
      <android.widget.FrameLayout index="0" package="com.zhiliaoapp.musically" class="android.widget.FrameLayout" text="" resource-id="android:id/content" checkable="false" checked="false" clickable="false" enabled="true" focusable="false" focused="false" long-clickable="false" password="false" scrollable="false" selected="false" bounds="[0,0][1080,1920]" displayed="true" a11y-important="false" screen-reader-focusable="false" drawing-order="2" showing-hint="false" text-entry-key="false" dismissable="false" a11y-focused="false" heading="false" live-region="0" context-clickable="false" content-invalid="false" window-id="8">
        <android.widget.FrameLayout index="0" package="com.zhiliaoapp.musically" class="android.widget.FrameLayout" text="" checkable="false" checked="false" clickable="false" enabled="true" focusable="false" focused="false" long-clickable="false" password="false" scrollable="false" selected="false" bounds="[0,0][1080,1920]" displayed="true" a11y-important="false" screen-reader-focusable="false" drawing-order="1" showing-hint="false" text-entry-key="false" dismissable="false" a11y-focused="false" heading="false" live-region="0" context-clickable="false" content-invalid="false" window-id="8">
          <android.widget.LinearLayout index="0" package="com.zhiliaoapp.musically" class="android.widget.LinearLayout" text="" resource-id="com.zhiliaoapp.musically:id/us" checkable="false" checked="false" clickable="false" enabled="true" focusable="false" focused="false" long-clickable="false" password="false" scrollable="false" selected="false" bounds="[0,0][1080,1920]" displayed="true" a11y-important="false" screen-reader-focusable="false" drawing-order="1" showing-hint="false" text-entry-key="false" dismissable="false" a11y-focused="false" heading="false" live-region="0" context-clickable="false" content-invalid="false" window-id="8">
            <android.widget.FrameLayout index="0" package="com.zhiliaoapp.musically" class="android.widget.FrameLayout" text="" checkable="false" checked="false" clickable="false" enabled="true" focusable="false" focused="false" long-clickable="false" password="false" scrollable="false" selected="false" bounds="[0,0][1080,1920]" displayed="true" a11y-important="false" screen-reader-focusable="false" drawing-order="2" showing-hint="false" text-entry-key="false" dismissable="false" a11y-focused="false" heading="false" live-region="0" context-clickable="false" content-invalid="false" window-id="8" />
          </android.widget.LinearLayout>
          <android.widget.FrameLayout index="1" package="com.zhiliaoapp.musically" class="android.widget.FrameLayout" text="" resource-id="com.zhiliaoapp.musically:id/hxv" checkable="false" checked="false" clickable="false" enabled="true" focusable="false" focused="false" long-clickable="false" password="false" scrollable="false" selected="false" bounds="[0,0][1080,1920]" displayed="true" a11y-important="false" screen-reader-focusable="false" drawing-order="2" showing-hint="false" text-entry-key="false" dismissable="false" a11y-focused="false" heading="false" live-region="0" context-clickable="false" content-invalid="false" window-id="8">
            <android.view.ViewGroup index="0" package="com.zhiliaoapp.musically" class="android.view.ViewGroup" text="" resource-id="com.zhiliaoapp.musically:id/srx" checkable="false" checked="false" clickable="false" enabled="true" focusable="false" focused="false" long-clickable="false" password="false" scrollable="false" selected="false" bounds="[0,72][1080,1920]" displayed="true" a11y-important="false" screen-reader-focusable="false" drawing-order="1" showing-hint="false" text-entry-key="false" dismissable="false" a11y-focused="false" heading="false" live-region="0" context-clickable="false" content-invalid="false" window-id="8">
              <android.view.ViewGroup index="0" package="com.zhiliaoapp.musically" class="android.view.ViewGroup" text="" resource-id="com.zhiliaoapp.musically:id/un9" checkable="false" checked="false" clickable="false" enabled="true" focusable="false" focused="false" long-clickable="false" password="false" scrollable="false" selected="false" bounds="[0,72][1080,1620]" displayed="true" a11y-important="false" screen-reader-focusable="false" drawing-order="1" showing-hint="false" text-entry-key="false" dismissable="false" a11y-focused="false" heading="false" live-region="0" context-clickable="false" content-invalid="false" window-id="8">
                <android.widget.LinearLayout index="0" package="com.zhiliaoapp.musically" class="android.widget.LinearLayout" text="" resource-id="com.zhiliaoapp.musically:id/e_o" checkable="false" checked="false" clickable="false" enabled="true" focusable="false" focused="false" long-clickable="false" password="false" scrollable="false" selected="false" bounds="[96,504][984,744]" displayed="true" a11y-important="false" screen-reader-focusable="false" drawing-order="2" showing-hint="false" text-entry-key="false" dismissable="false" a11y-focused="false" heading="false" live-region="0" context-clickable="false" content-invalid="false" window-id="8">
                  <android.widget.TextView index="0" package="com.zhiliaoapp.musically" class="android.widget.TextView" text="Te damos la bienvenida a TikTok" resource-id="com.zhiliaoapp.musically:id/e_n" checkable="false" checked="false" clickable="false" enabled="true" focusable="false" focused="false" long-clickable="false" password="false" scrollable="false" selected="false" bounds="[96,504][984,666]" displayed="true" a11y-important="true" screen-reader-focusable="false" drawing-order="1" showing-hint="false" text-entry-key="false" dismissable="false" a11y-focused="false" heading="false" live-region="0" context-clickable="false" content-invalid="false" window-id="8" />
                  <android.widget.TextView index="1" package="com.zhiliaoapp.musically" class="android.widget.TextView" text="Videos que te alegrarán el día" resource-id="com.zhiliaoapp.musically:id/e_l" checkable="false" checked="false" clickable="false" enabled="true" focusable="false" focused="false" long-clickable="false" password="false" scrollable="false" selected="false" bounds="[96,690][984,744]" displayed="true" a11y-important="true" screen-reader-focusable="false" drawing-order="2" showing-hint="false" text-entry-key="false" dismissable="false" a11y-focused="false" heading="false" live-region="0" context-clickable="false" content-invalid="false" window-id="8" />
                </android.widget.LinearLayout>
                <android.widget.ImageView index="1" package="com.zhiliaoapp.musically" class="android.widget.ImageView" text="" resource-id="com.zhiliaoapp.musically:id/u0p" checkable="false" checked="false" clickable="false" enabled="true" focusable="false" focused="false" long-clickable="false" password="false" scrollable="false" selected="false" bounds="[45,780][1035,1188]" displayed="true" a11y-important="false" screen-reader-focusable="false" drawing-order="3" showing-hint="false" text-entry-key="false" dismissable="false" a11y-focused="false" heading="false" live-region="0" context-clickable="false" content-invalid="false" window-id="8" />
              </android.view.ViewGroup>
              <android.view.ViewGroup index="1" package="com.zhiliaoapp.musically" class="android.view.ViewGroup" text="" resource-id="com.zhiliaoapp.musically:id/e_i" checkable="false" checked="false" clickable="false" enabled="true" focusable="false" focused="false" long-clickable="false" password="false" scrollable="false" selected="false" bounds="[48,1512][1032,1884]" displayed="true" a11y-important="false" screen-reader-focusable="false" drawing-order="3" showing-hint="false" text-entry-key="false" dismissable="false" a11y-focused="false" heading="false" live-region="0" context-clickable="false" content-invalid="false" window-id="8">
                <android.widget.TextView index="0" package="com.zhiliaoapp.musically" class="android.widget.TextView" text='Al pulsar "Aceptar y continuar", aceptas nuestros Términos del servicio y confirmas haber leído nuestra Política de privacidad para saber cómo recopilamos, usamos y compartimos tus datos.' resource-id="com.zhiliaoapp.musically:id/e_p" checkable="false" checked="false" clickable="false" enabled="true" focusable="true" focused="false" long-clickable="false" password="false" scrollable="false" selected="false" bounds="[48,1512][1032,1740]" displayed="true" a11y-important="true" screen-reader-focusable="false" drawing-order="1" showing-hint="false" text-entry-key="false" dismissable="false" a11y-focused="false" heading="false" live-region="0" context-clickable="false" content-invalid="false" text-has-clickable-span="true" window-id="8" />
                <android.widget.Button index="1" package="com.zhiliaoapp.musically" class="android.widget.Button" text="Aceptar y continuar" resource-id="com.zhiliaoapp.musically:id/e_f" checkable="false" checked="false" clickable="true" enabled="true" focusable="true" focused="false" long-clickable="false" password="false" scrollable="false" selected="false" bounds="[48,1740][1032,1884]" displayed="true" a11y-important="true" screen-reader-focusable="false" drawing-order="2" showing-hint="false" text-entry-key="false" dismissable="false" a11y-focused="false" heading="false" live-region="0" context-clickable="false" content-invalid="false" window-id="8" />
              </android.view.ViewGroup>
            </android.view.ViewGroup>
          </android.widget.FrameLayout>
        </android.widget.FrameLayout>
      </android.widget.FrameLayout>
    </android.widget.LinearLayout>
  </android.widget.FrameLayout>
</hierarchy>
等待 Continue with Google 按钮出现...
2026-04-28T10:05:25.580Z INFO webdriver: COMMAND deleteSession()
2026-04-28T10:05:25.580Z INFO webdriver: [DELETE] http://127.0.0.1:54480/session/3185005b-745c-475a-ab82-36d14a1aa600
2026-04-28T10:05:26.450Z INFO webdriver: RESULT null
会话已关闭
已关闭脚本自动启动的 Appium 进程
[开始] 断开ADB连接
执行: D:\工作\stu\appium\platform-tools\adb.exe disconnect 124.236.70.143:22216
adb disconnect 输出: disconnected 124.236.70.143:22216
[完成] 断开ADB连接
脚本执行失败: Error: 未找到 Continue with Google 按钮。
已等待约 10 秒，请确认页面已加载到登录页。
可提供该按钮的资源 ID 以提高定位稳定性。
最后错误: 未知错误
    at clickContinueWithGoogle (D:\工作\stu\appium\pages\page-continue-google.js:108:9)
    at async runStep (D:\工作\stu\appium\lib\appium-shared.js:53:18)
    at async runGoogleRegisterChain (D:\工作\stu\appium\appium-script.js:58:3)
    at async runAppiumScript (D:\工作\stu\appium\appium-script.js:101:5)
    at async runAppiumMainWithRetry (D:\工作\stu\appium\lib\device-bootstrap.js:306:7)
    at async main (D:\工作\stu\appium\script.js:25:5)

=== 单设备结束 ===
exit=1
endedAt=2026-04-28T10:05:26.533Z
