=== 单设备启动 ===
runMode=register
country=mx
endpoint=124.236.70.143:22329
appiumPort=53871
startedAt=2026-04-27T07:30:47.776Z

[开始] 启动或复用Appium服务
尝试自动启动 Appium: D:\工作\stu\appium\node_modules\.bin\appium.cmd server -p 53871
Appium 自动启动成功: http://127.0.0.1:53871
[完成] 启动或复用Appium服务
[开始] ADB连接
执行: D:\工作\stu\appium\platform-tools\adb.exe connect 124.236.70.143:22329
adb connect 输出: connected to 124.236.70.143:22329
[完成] ADB连接
[开始] ADB鉴权
执行 ADB Shell 鉴权: D:\工作\stu\appium\platform-tools\adb.exe -s 124.236.70.143:22329 shell AMjETJff
adb shell 鉴权输出: OK! Login successful.
ADB Shell 探测通过，SDK=35
[完成] ADB鉴权
[开始] 执行墨西哥Appium主流程
执行墨西哥 Appium 主流程，第 1/2 次
尝试 Appium: http://127.0.0.1:53871/ (第1/3轮)
2026-04-27T07:30:53.257Z INFO webdriver: Initiate new session using the WebDriver protocol
2026-04-27T07:30:53.260Z INFO @wdio/utils: Connecting to existing driver at http://127.0.0.1:53871/
2026-04-27T07:30:53.278Z INFO webdriver: [POST] http://127.0.0.1:53871/session
连接成功，sessionId: 185398b6-779d-4beb-9bf6-d97549f6fa79
[开始] 打开TK
尝试打开 TK: com.zhiliaoapp.musically
2026-04-27T07:31:09.282Z INFO webdriver: COMMAND activateApp("com.zhiliaoapp.musically")
2026-04-27T07:31:09.282Z INFO webdriver: [POST] http://127.0.0.1:53871/session/185398b6-779d-4beb-9bf6-d97549f6fa79/appium/device/activate_app
2026-04-27T07:31:09.282Z INFO webdriver: DATA {"appId":"com.zhiliaoapp.musically"}
2026-04-27T07:31:09.608Z INFO webdriver: RESULT null
已打开 TK 应用: com.zhiliaoapp.musically
[完成] 打开TK
[开始] 墨西哥欢迎页点击 Aceptar y continuar(可选)
2026-04-27T07:31:09.610Z INFO webdriver: COMMAND findElements("-android uiautomator", "new UiSelector().text("Aceptar y continuar")")
2026-04-27T07:31:09.610Z INFO webdriver: [POST] http://127.0.0.1:53871/session/185398b6-779d-4beb-9bf6-d97549f6fa79/elements
2026-04-27T07:31:09.610Z INFO webdriver: DATA {"using":"-android uiautomator","value":"new UiSelector().text(\"Aceptar y continuar\")"}
2026-04-27T07:31:09.704Z INFO webdriver: RESULT [
  {
    'element-6066-11e4-a52e-4f735466cecf': '00000000-0000-0007-ffff-ffff00000012',
    ELEMENT: '00000000-0000-0007-ffff-ffff00000012'
  }
]
2026-04-27T07:31:09.713Z INFO webdriver: COMMAND findElements("-android uiautomator", "new UiSelector().text("Aceptar y continuar")")
2026-04-27T07:31:09.713Z INFO webdriver: [POST] http://127.0.0.1:53871/session/185398b6-779d-4beb-9bf6-d97549f6fa79/elements
2026-04-27T07:31:09.713Z INFO webdriver: DATA {"using":"-android uiautomator","value":"new UiSelector().text(\"Aceptar y continuar\")"}
2026-04-27T07:31:09.810Z INFO webdriver: RESULT [
  {
    'element-6066-11e4-a52e-4f735466cecf': '00000000-0000-0007-ffff-ffff00000012',
    ELEMENT: '00000000-0000-0007-ffff-ffff00000012'
  }
]
2026-04-27T07:31:09.813Z INFO webdriver: COMMAND isElementDisplayed("00000000-0000-0007-ffff-ffff00000012")
2026-04-27T07:31:09.814Z INFO webdriver: [GET] http://127.0.0.1:53871/session/185398b6-779d-4beb-9bf6-d97549f6fa79/element/00000000-0000-0007-ffff-ffff00000012/displayed
2026-04-27T07:31:09.885Z INFO webdriver: RESULT true
2026-04-27T07:31:09.885Z INFO webdriver: COMMAND elementClick("00000000-0000-0007-ffff-ffff00000012")
2026-04-27T07:31:09.886Z INFO webdriver: [POST] http://127.0.0.1:53871/session/185398b6-779d-4beb-9bf6-d97549f6fa79/element/00000000-0000-0007-ffff-ffff00000012/click
2026-04-27T07:31:09.886Z INFO webdriver: DATA {}
2026-04-27T07:31:10.020Z INFO webdriver: RESULT null
已点击墨西哥欢迎页按钮: Aceptar y continuar
[完成] 墨西哥欢迎页点击 Aceptar y continuar(可选)
[开始] 点击Continue with Google
2026-04-27T07:31:10.727Z INFO webdriver: COMMAND findElements("accessibility id", "Continue with Google")
2026-04-27T07:31:10.727Z INFO webdriver: [POST] http://127.0.0.1:53871/session/185398b6-779d-4beb-9bf6-d97549f6fa79/elements
2026-04-27T07:31:10.727Z INFO webdriver: DATA {"using":"accessibility id","value":"Continue with Google"}
2026-04-27T07:31:13.985Z INFO webdriver: RESULT []
2026-04-27T07:31:13.987Z INFO webdriver: COMMAND findElements("-android uiautomator", "new UiSelector().text("Continue with Google")")
2026-04-27T07:31:13.988Z INFO webdriver: [POST] http://127.0.0.1:53871/session/185398b6-779d-4beb-9bf6-d97549f6fa79/elements
2026-04-27T07:31:13.988Z INFO webdriver: DATA {"using":"-android uiautomator","value":"new UiSelector().text(\"Continue with Google\")"}
2026-04-27T07:31:14.112Z INFO webdriver: RESULT []
2026-04-27T07:31:14.113Z INFO webdriver: COMMAND findElements("-android uiautomator", "new UiSelector().textContains("Continue with Google")")
2026-04-27T07:31:14.113Z INFO webdriver: [POST] http://127.0.0.1:53871/session/185398b6-779d-4beb-9bf6-d97549f6fa79/elements
2026-04-27T07:31:14.113Z INFO webdriver: DATA {"using":"-android uiautomator","value":"new UiSelector().textContains(\"Continue with Google\")"}
2026-04-27T07:31:14.195Z INFO webdriver: RESULT []
2026-04-27T07:31:14.197Z INFO webdriver: COMMAND findElements("-android uiautomator", "new UiSelector().textContains("Google")")
2026-04-27T07:31:14.197Z INFO webdriver: [POST] http://127.0.0.1:53871/session/185398b6-779d-4beb-9bf6-d97549f6fa79/elements
2026-04-27T07:31:14.197Z INFO webdriver: DATA {"using":"-android uiautomator","value":"new UiSelector().textContains(\"Google\")"}
2026-04-27T07:31:14.308Z INFO webdriver: RESULT []
2026-04-27T07:31:14.310Z INFO webdriver: COMMAND findElements("-android uiautomator", "new UiSelector().description("Continue with Google")")
2026-04-27T07:31:14.310Z INFO webdriver: [POST] http://127.0.0.1:53871/session/185398b6-779d-4beb-9bf6-d97549f6fa79/elements
2026-04-27T07:31:14.310Z INFO webdriver: DATA {"using":"-android uiautomator","value":"new UiSelector().description(\"Continue with Google\")"}
2026-04-27T07:31:14.417Z INFO webdriver: RESULT []
2026-04-27T07:31:14.418Z INFO webdriver: COMMAND findElements("-android uiautomator", "new UiSelector().descriptionContains("Continue with Google")")
2026-04-27T07:31:14.418Z INFO webdriver: [POST] http://127.0.0.1:53871/session/185398b6-779d-4beb-9bf6-d97549f6fa79/elements
2026-04-27T07:31:14.418Z INFO webdriver: DATA {"using":"-android uiautomator","value":"new UiSelector().descriptionContains(\"Continue with Google\")"}
2026-04-27T07:31:14.526Z INFO webdriver: RESULT []
2026-04-27T07:31:14.527Z INFO webdriver: COMMAND findElements("-android uiautomator", "new UiSelector().descriptionContains("Google")")
2026-04-27T07:31:14.527Z INFO webdriver: [POST] http://127.0.0.1:53871/session/185398b6-779d-4beb-9bf6-d97549f6fa79/elements
2026-04-27T07:31:14.527Z INFO webdriver: DATA {"using":"-android uiautomator","value":"new UiSelector().descriptionContains(\"Google\")"}
2026-04-27T07:31:14.627Z INFO webdriver: RESULT []
2026-04-27T07:31:14.629Z INFO webdriver: COMMAND findElements("xpath", "//*[@text="Continue with Google" or @content-desc="Continue with Google"]")
2026-04-27T07:31:14.629Z INFO webdriver: [POST] http://127.0.0.1:53871/session/185398b6-779d-4beb-9bf6-d97549f6fa79/elements
2026-04-27T07:31:14.629Z INFO webdriver: DATA {"using":"xpath","value":"//*[@text=\"Continue with Google\" or @content-desc=\"Continue with Google\"]"}
2026-04-27T07:31:15.045Z INFO webdriver: RESULT []
2026-04-27T07:31:15.046Z INFO webdriver: COMMAND findElements("xpath", "//*[contains(@text,"Google") or contains(@content-desc,"Google")]")
2026-04-27T07:31:15.046Z INFO webdriver: [POST] http://127.0.0.1:53871/session/185398b6-779d-4beb-9bf6-d97549f6fa79/elements
2026-04-27T07:31:15.046Z INFO webdriver: DATA {"using":"xpath","value":"//*[contains(@text,\"Google\") or contains(@content-desc,\"Google\")]"}
2026-04-27T07:31:15.186Z INFO webdriver: RESULT []
2026-04-27T07:31:15.187Z INFO webdriver: COMMAND findElements("xpath", "//*[contains(translate(@text,"ABCDEFGHIJKLMNOPQRSTUVWXYZ","abcdefghijklmnopqrstuvwxyz"),"google") or contains(translate(@content-desc,"ABCDEFGHIJKLMNOPQRSTUVWXYZ","abcdefghijklmnopqrstuvwxyz"),"google")]")
2026-04-27T07:31:15.188Z INFO webdriver: [POST] http://127.0.0.1:53871/session/185398b6-779d-4beb-9bf6-d97549f6fa79/elements
2026-04-27T07:31:15.188Z INFO webdriver: DATA {"using":"xpath","value":"//*[contains(translate(@text,\"ABCDEFGHIJKLMNOPQRSTUVWXYZ\",\"abcdefghijklmnopqrstuvwxyz\"),\"google\") or contains(translate(@content-desc,\"ABCDEFGHIJKLMNOPQRSTUVWXYZ\",\"abcdefghijklmnopqrstuvwxyz\"),\"google\")]"}
2026-04-27T07:31:15.334Z INFO webdriver: RESULT []
2026-04-27T07:31:15.335Z INFO webdriver: COMMAND getPageSource()
2026-04-27T07:31:15.335Z INFO webdriver: [GET] http://127.0.0.1:53871/session/185398b6-779d-4beb-9bf6-d97549f6fa79/source
2026-04-27T07:31:15.543Z INFO webdriver: RESULT <?xml version='1.0' encoding='UTF-8' standalone='yes' ?>
<hierarchy index="0" class="hierarchy" rotation="0" width="1080" height="1920">
  <android.widget.FrameLayout index="0" package="com.zhiliaoapp.musically" class="android.widget.FrameLayout" text="" checkable="false" checked="false" clickable="false" enabled="true" focusable="false" focused="false" long-clickable="false" password="false" scrollable="false" selected="false" bounds="[0,0][1080,1920]" displayed="true" a11y-important="true" screen-reader-focusable="false" drawing-order="0" showing-hint="false" text-entry-key="false" dismissable="false" a11y-focused="false" heading="false" live-region="0" context-clickable="false" content-invalid="false" window-id="7">
    <android.widget.LinearLayout index="0" package="com.zhiliaoapp.musically" class="android.widget.LinearLayout" text="" checkable="false" checked="false" clickable="false" enabled="true" focusable="false" focused="false" long-clickable="false" password="false" scrollable="false" selected="false" bounds="[0,0][1080,1920]" displayed="true" a11y-important="false" screen-reader-focusable="false" drawing-order="1" showing-hint="false" text-entry-key="false" dismissable="false" a11y-focused="false" heading="false" live-region="0" context-clickable="false" content-invalid="false" window-id="7">
      <android.widget.FrameLayout index="0" package="com.zhiliaoapp.musically" class="android.widget.FrameLayout" text="" resource-id="android:id/content" checkable="false" checked="false" clickable="false" enabled="true" focusable="false" focused="false" long-clickable="false" password="false" scrollable="false" selected="false" bounds="[0,0][1080,1920]" displayed="true" a11y-important="false" screen-reader-focusable="false" drawing-order="2" showing-hint="false" text-entry-key="false" dismissable="false" a11y-focused="false" heading="false" live-region="0" context-clickable="false" content-invalid="false" window-id="7">
        <android.widget.FrameLayout index="0" package="com.zhiliaoapp.musically" class="android.widget.FrameLayout" text="" checkable="false" checked="false" clickable="false" enabled="true" focusable="false" focused="false" long-clickable="false" password="false" scrollable="false" selected="false" bounds="[0,0][1080,1920]" displayed="true" a11y-important="false" screen-reader-focusable="false" drawing-order="1" showing-hint="false" text-entry-key="false" dismissable="false" a11y-focused="false" heading="false" live-region="0" context-clickable="false" content-invalid="false" window-id="7">
          <android.widget.LinearLayout index="0" package="com.zhiliaoapp.musically" class="android.widget.LinearLayout" text="" resource-id="com.zhiliaoapp.musically:id/us" checkable="false" checked="false" clickable="false" enabled="true" focusable="false" focused="false" long-clickable="false" password="false" scrollable="false" selected="false" bounds="[0,0][1080,1920]" displayed="true" a11y-important="false" screen-reader-focusable="false" drawing-order="1" showing-hint="false" text-entry-key="false" dismissable="false" a11y-focused="false" heading="false" live-region="0" context-clickable="false" content-invalid="false" window-id="7">
            <android.widget.FrameLayout index="0" package="com.zhiliaoapp.musically" class="android.widget.FrameLayout" text="" checkable="false" checked="false" clickable="false" enabled="true" focusable="false" focused="false" long-clickable="false" password="false" scrollable="false" selected="false" bounds="[0,0][1080,1920]" displayed="true" a11y-important="false" screen-reader-focusable="false" drawing-order="2" showing-hint="false" text-entry-key="false" dismissable="false" a11y-focused="false" heading="false" live-region="0" context-clickable="false" content-invalid="false" window-id="7" />
          </android.widget.LinearLayout>
          <android.widget.FrameLayout index="1" package="com.zhiliaoapp.musically" class="android.widget.FrameLayout" text="" resource-id="com.zhiliaoapp.musically:id/hxv" checkable="false" checked="false" clickable="false" enabled="true" focusable="false" focused="false" long-clickable="false" password="false" scrollable="false" selected="false" bounds="[0,0][1080,1920]" displayed="true" a11y-important="false" screen-reader-focusable="false" drawing-order="2" showing-hint="false" text-entry-key="false" dismissable="false" a11y-focused="false" heading="false" live-region="0" context-clickable="false" content-invalid="false" window-id="7">
            <android.view.ViewGroup index="0" package="com.zhiliaoapp.musically" class="android.view.ViewGroup" text="" resource-id="com.zhiliaoapp.musically:id/srx" checkable="false" checked="false" clickable="false" enabled="true" focusable="false" focused="false" long-clickable="false" password="false" scrollable="false" selected="false" bounds="[0,72][1080,1920]" displayed="true" a11y-important="false" screen-reader-focusable="false" drawing-order="1" showing-hint="false" text-entry-key="false" dismissable="false" a11y-focused="false" heading="false" live-region="0" context-clickable="false" content-invalid="false" window-id="7">
              <android.view.ViewGroup index="0" package="com.zhiliaoapp.musically" class="android.view.ViewGroup" text="" resource-id="com.zhiliaoapp.musically:id/k29" checkable="false" checked="false" clickable="false" enabled="true" focusable="false" focused="false" long-clickable="false" password="false" scrollable="false" selected="false" bounds="[0,72][1080,1716]" displayed="true" a11y-important="false" screen-reader-focusable="false" drawing-order="1" showing-hint="false" text-entry-key="false" dismissable="false" a11y-focused="false" heading="false" live-region="0" context-clickable="false" content-invalid="false" window-id="7">
                <android.widget.FrameLayout index="0" package="com.zhiliaoapp.musically" class="android.widget.FrameLayout" text="" resource-id="com.zhiliaoapp.musically:id/wzi" checkable="false" checked="false" clickable="false" enabled="true" focusable="false" focused="false" long-clickable="false" password="false" scrollable="false" selected="false" bounds="[0,72][1080,228]" displayed="true" a11y-important="false" screen-reader-focusable="false" drawing-order="6" showing-hint="false" text-entry-key="false" dismissable="false" a11y-focused="false" heading="false" live-region="0" context-clickable="false" content-invalid="false" window-id="7">
                  <android.view.ViewGroup index="0" package="com.zhiliaoapp.musically" class="android.view.ViewGroup" text="" resource-id="com.zhiliaoapp.musically:id/o6j" checkable="false" checked="false" clickable="false" enabled="true" focusable="false" focused="false" long-clickable="false" password="false" scrollable="false" selected="false" bounds="[0,72][1080,228]" displayed="true" a11y-important="false" screen-reader-focusable="false" drawing-order="1" showing-hint="false" text-entry-key="false" dismissable="false" a11y-focused="false" heading="false" live-region="0" context-clickable="false" content-invalid="false" window-id="7" />
                </android.widget.FrameLayout>
                <androidx.recyclerview.widget.RecyclerView index="1" package="com.zhiliaoapp.musically" class="androidx.recyclerview.widget.RecyclerView" text="" resource-id="com.zhiliaoapp.musically:id/swp" checkable="false" checked="false" clickable="false" enabled="true" focusable="true" focused="false" long-clickable="false" password="false" scrollable="true" selected="false" bounds="[108,228][972,1716]" displayed="true" a11y-important="true" screen-reader-focusable="false" drawing-order="2" showing-hint="false" text-entry-key="false" dismissable="false" a11y-focused="false" heading="false" live-region="0" context-clickable="false" content-invalid="false" window-id="7">
                  <android.widget.LinearLayout index="0" package="com.zhiliaoapp.musically" class="android.widget.LinearLayout" text="" checkable="false" checked="false" clickable="false" enabled="true" focusable="false" focused="false" long-clickable="false" password="false" scrollable="false" selected="false" bounds="[108,330][972,712]" displayed="true" a11y-important="true" screen-reader-focusable="false" drawing-order="1" showing-hint="false" text-entry-key="false" dismissable="false" a11y-focused="false" heading="false" live-region="0" context-clickable="false" content-invalid="false" window-id="7">
                    <android.widget.TextView index="0" package="com.zhiliaoapp.musically" class="android.widget.TextView" text="Elige lo que más te guste" resource-id="com.zhiliaoapp.musically:id/iyf" checkable="false" checked="false" clickable="false" enabled="true" focusable="false" focused="false" long-clickable="false" password="false" scrollable="false" selected="false" bounds="[108,330][972,580]" displayed="true" a11y-important="true" screen-reader-focusable="false" drawing-order="1" showing-hint="false" text-entry-key="false" dismissable="false" a11y-focused="false" heading="false" live-region="0" context-clickable="false" content-invalid="false" window-id="7" />
                    <android.widget.TextView index="1" package="com.zhiliaoapp.musically" class="android.widget.TextView" text="Tu feed se personalizará en función de lo que te guste." resource-id="com.zhiliaoapp.musically:id/iy9" checkable="false" checked="false" clickable="false" enabled="true" focusable="false" focused="false" long-clickable="false" password="false" scrollable="false" selected="false" bounds="[108,604][972,712]" displayed="true" a11y-important="true" screen-reader-focusable="false" drawing-order="2" showing-hint="false" text-entry-key="false" dismissable="false" a11y-focused="false" heading="false" live-region="0" context-clickable="false" content-invalid="false" window-id="7" />
                  </android.widget.LinearLayout>
                  <android.view.ViewGroup index="1" package="com.zhiliaoapp.musically" class="android.view.ViewGroup" text="" checkable="false" checked="false" clickable="true" enabled="true" focusable="true" focused="false" long-clickable="false" password="false" scrollable="false" selected="false" bounds="[108,796][481,928]" displayed="true" a11y-important="true" screen-reader-focusable="false" drawing-order="2" showing-hint="false" text-entry-key="false" dismissable="false" a11y-focused="false" heading="false" live-region="0" context-clickable="false" content-invalid="false" window-id="7">
                    <android.widget.TextView index="0" package="com.zhiliaoapp.musically" class="android.widget.TextView" text="Comedia" resource-id="com.zhiliaoapp.musically:id/text" checkable="false" checked="false" clickable="false" enabled="true" focusable="false" focused="false" long-clickable="false" password="false" scrollable="false" selected="false" bounds="[162,834][355,891]" displayed="true" a11y-important="true" screen-reader-focusable="false" drawing-order="1" showing-hint="false" text-entry-key="false" dismissable="false" a11y-focused="false" heading="false" live-region="0" context-clickable="false" content-invalid="false" window-id="7" />
                    <android.widget.ImageView index="1" package="com.zhiliaoapp.musically" class="android.widget.ImageView" text="" content-desc="Agregar" resource-id="com.zhiliaoapp.musically:id/vl" checkable="false" checked="false" clickable="false" enabled="true" focusable="false" focused="false" long-clickable="false" password="false" scrollable="false" selected="false" bounds="[379,838][427,886]" displayed="true" a11y-important="true" screen-reader-focusable="false" drawing-order="2" showing-hint="false" text-entry-key="false" dismissable="false" a11y-focused="false" heading="false" live-region="0" context-clickable="false" content-invalid="false" window-id="7" />
                  </android.view.ViewGroup>
                  <android.view.ViewGroup index="2" package="com.zhiliaoapp.musically" class="android.view.ViewGroup" text="" checkable="false" checked="false" clickable="true" enabled="true" focusable="true" focused="false" long-clickable="false" password="false" scrollable="false" selected="false" bounds="[517,796][864,928]" displayed="true" a11y-important="true" screen-reader-focusable="false" drawing-order="3" showing-hint="false" text-entry-key="false" dismissable="false" a11y-focused="false" heading="false" live-region="0" context-clickable="false" content-invalid="false" window-id="7">
                    <android.widget.TextView index="0" package="com.zhiliaoapp.musically" class="android.widget.TextView" text="Gaming" resource-id="com.zhiliaoapp.musically:id/text" checkable="false" checked="false" clickable="false" enabled="true" focusable="false" focused="false" long-clickable="false" password="false" scrollable="false" selected="false" bounds="[571,834][738,891]" displayed="true" a11y-important="true" screen-reader-focusable="false" drawing-order="1" showing-hint="false" text-entry-key="false" dismissable="false" a11y-focused="false" heading="false" live-region="0" context-clickable="false" content-invalid="false" window-id="7" />
                    <android.widget.ImageView index="1" package="com.zhiliaoapp.musically" class="android.widget.ImageView" text="" content-desc="Agregar" resource-id="com.zhiliaoapp.musically:id/vl" checkable="false" checked="false" clickable="false" enabled="true" focusable="false" focused="false" long-clickable="false" password="false" scrollable="false" selected="false" bounds="[762,838][810,886]" displayed="true" a11y-important="true" screen-reader-focusable="false" drawing-order="2" showing-hint="false" text-entry-key="false" dismissable="false" a11y-focused="false" heading="false" live-region="0" context-clickable="false" content-invalid="false" window-id="7" />
                  </android.view.ViewGroup>
                  <android.view.ViewGroup index="3" package="com.zhiliaoapp.musically" class="android.view.ViewGroup" text="" checkable="false" checked="false" clickable="true" enabled="true" focusable="true" focused="false" long-clickable="false" password="false" scrollable="false" selected="false" bounds="[108,955][833,1087]" displayed="true" a11y-important="true" screen-reader-focusable="false" drawing-order="4" showing-hint="false" text-entry-key="false" dismissable="false" a11y-focused="false" heading="false" live-region="0" context-clickable="false" content-invalid="false" window-id="7">
                    <android.widget.TextView index="0" package="com.zhiliaoapp.musically" class="android.widget.TextView" text="Entretenimiento y cultura" resource-id="com.zhiliaoapp.musically:id/text" checkable="false" checked="false" clickable="false" enabled="true" focusable="false" focused="false" long-clickable="false" password="false" scrollable="false" selected="false" bounds="[162,993][707,1050]" displayed="true" a11y-important="true" screen-reader-focusable="false" drawing-order="1" showing-hint="false" text-entry-key="false" dismissable="false" a11y-focused="false" heading="false" live-region="0" context-clickable="false" content-invalid="false" window-id="7" />
                    <android.widget.ImageView index="1" package="com.zhiliaoapp.musically" class="android.widget.ImageView" text="" content-desc="Agregar" resource-id="com.zhiliaoapp.musically:id/vl" checkable="false" checked="false" clickable="false" enabled="true" focusable="false" focused="false" long-clickable="false" password="false" scrollable="false" selected="false" bounds="[731,997][779,1045]" displayed="true" a11y-important="true" screen-reader-focusable="false" drawing-order="2" showing-hint="false" text-entry-key="false" dismissable="false" a11y-focused="false" heading="false" live-region="0" context-clickable="false" content-invalid="false" window-id="7" />
                  </android.view.ViewGroup>
                  <android.view.ViewGroup index="4" package="com.zhiliaoapp.musically" class="android.view.ViewGroup" text="" checkable="false" checked="false" clickable="true" enabled="true" focusable="true" focused="false" long-clickable="false" password="false" scrollable="false" selected="false" bounds="[108,1114][593,1246]" displayed="true" a11y-important="true" screen-reader-focusable="false" drawing-order="5" showing-hint="false" text-entry-key="false" dismissable="false" a11y-focused="false" heading="false" live-region="0" context-clickable="false" content-invalid="false" window-id="7">
                    <android.widget.TextView index="0" package="com.zhiliaoapp.musically" class="android.widget.TextView" text="Hogar y jardín" resource-id="com.zhiliaoapp.musically:id/text" checkable="false" checked="false" clickable="false" enabled="true" focusable="false" focused="false" long-clickable="false" password="false" scrollable="false" selected="false" bounds="[162,1152][467,1209]" displayed="true" a11y-important="true" screen-reader-focusable="false" drawing-order="1" showing-hint="false" text-entry-key="false" dismissable="false" a11y-focused="false" heading="false" live-region="0" context-clickable="false" content-invalid="false" window-id="7" />
                    <android.widget.ImageView index="1" package="com.zhiliaoapp.musically" class="android.widget.ImageView" text="" content-desc="Agregar" resource-id="com.zhiliaoapp.musically:id/vl" checkable="false" checked="false" clickable="false" enabled="true" focusable="false" focused="false" long-clickable="false" password="false" scrollable="false" selected="false" bounds="[491,1156][539,1204]" displayed="true" a11y-important="true" screen-reader-focusable="false" drawing-order="2" showing-hint="false" text-entry-key="false" dismissable="false" a11y-focused="false" heading="false" live-region="0" context-clickable="false" content-invalid="false" window-id="7" />
                  </android.view.ViewGroup>
                  <android.view.ViewGroup index="5" package="com.zhiliaoapp.musically" class="android.view.ViewGroup" text="" checkable="false" checked="false" clickable="true" enabled="true" focusable="true" focused="false" long-clickable="false" password="false" scrollable="false" selected="false" bounds="[108,1273][599,1405]" displayed="true" a11y-important="true" screen-reader-focusable="false" drawing-order="6" showing-hint="false" text-entry-key="false" dismissable="false" a11y-focused="false" heading="false" live-region="0" context-clickable="false" content-invalid="false" window-id="7">
                    <android.widget.TextView index="0" package="com.zhiliaoapp.musically" class="android.widget.TextView" text="Vida cotidiana" resource-id="com.zhiliaoapp.musically:id/text" checkable="false" checked="false" clickable="false" enabled="true" focusable="false" focused="false" long-clickable="false" password="false" scrollable="false" selected="false" bounds="[162,1311][473,1368]" displayed="true" a11y-important="true" screen-reader-focusable="false" drawing-order="1" showing-hint="false" text-entry-key="false" dismissable="false" a11y-focused="false" heading="false" live-region="0" context-clickable="false" content-invalid="false" window-id="7" />
                    <android.widget.ImageView index="1" package="com.zhiliaoapp.musically" class="android.widget.ImageView" text="" content-desc="Agregar" resource-id="com.zhiliaoapp.musically:id/vl" checkable="false" checked="false" clickable="false" enabled="true" focusable="false" focused="false" long-clickable="false" password="false" scrollable="false" selected="false" bounds="[497,1315][545,1363]" displayed="true" a11y-important="true" screen-reader-focusable="false" drawing-order="2" showing-hint="false" text-entry-key="false" dismissable="false" a11y-focused="false" heading="false" live-region="0" context-clickable="false" content-invalid="false" window-id="7" />
                  </android.view.ViewGroup>
                  <android.view.ViewGroup index="6" package="com.zhiliaoapp.musically" class="android.view.ViewGroup" text="" checkable="false" checked="false" clickable="true" enabled="true" focusable="true" focused="false" long-clickable="false" password="false" scrollable="false" selected="false" bounds="[108,1432][746,1564]" displayed="true" a11y-important="true" screen-reader-focusable="false" drawing-order="7" showing-hint="false" text-entry-key="false" dismissable="false" a11y-focused="false" heading="false" live-region="0" context-clickable="false" content-invalid="false" window-id="7">
                    <android.widget.TextView index="0" package="com.zhiliaoapp.musically" class="android.widget.TextView" text="Ciencias y educación" resource-id="com.zhiliaoapp.musically:id/text" checkable="false" checked="false" clickable="false" enabled="true" focusable="false" focused="false" long-clickable="false" password="false" scrollable="false" selected="false" bounds="[162,1470][620,1527]" displayed="true" a11y-important="true" screen-reader-focusable="false" drawing-order="1" showing-hint="false" text-entry-key="false" dismissable="false" a11y-focused="false" heading="false" live-region="0" context-clickable="false" content-invalid="false" window-id="7" />
                    <android.widget.ImageView index="1" package="com.zhiliaoapp.musically" class="android.widget.ImageView" text="" content-desc="Agregar" resource-id="com.zhiliaoapp.musically:id/vl" checkable="false" checked="false" clickable="false" enabled="true" focusable="false" focused="false" long-clickable="false" password="false" scrollable="false" selected="false" bounds="[644,1474][692,1522]" displayed="true" a11y-important="true" screen-reader-focusable="false" drawing-order="2" showing-hint="false" text-entry-key="false" dismissable="false" a11y-focused="false" heading="false" live-region="0" context-clickable="false" content-invalid="false" window-id="7" />
                  </android.view.ViewGroup>
                  <android.view.ViewGroup index="7" package="com.zhiliaoapp.musically" class="android.view.ViewGroup" text="" checkable="false" checked="false" clickable="true" enabled="true" focusable="true" focused="false" long-clickable="false" password="false" scrollable="false" selected="false" bounds="[108,1591][653,1716]" displayed="true" a11y-important="true" screen-reader-focusable="false" drawing-order="8" showing-hint="false" text-entry-key="false" dismissable="false" a11y-focused="false" heading="false" live-region="0" context-clickable="false" content-invalid="false" window-id="7">
                    <android.widget.TextView index="0" package="com.zhiliaoapp.musically" class="android.widget.TextView" text="Comida y bebida" resource-id="com.zhiliaoapp.musically:id/text" checkable="false" checked="false" clickable="false" enabled="true" focusable="false" focused="false" long-clickable="false" password="false" scrollable="false" selected="false" bounds="[162,1629][527,1686]" displayed="true" a11y-important="true" screen-reader-focusable="false" drawing-order="1" showing-hint="false" text-entry-key="false" dismissable="false" a11y-focused="false" heading="false" live-region="0" context-clickable="false" content-invalid="false" window-id="7" />
                    <android.widget.ImageView index="1" package="com.zhiliaoapp.musically" class="android.widget.ImageView" text="" content-desc="Agregar" resource-id="com.zhiliaoapp.musically:id/vl" checkable="false" checked="false" clickable="false" enabled="true" focusable="false" focused="false" long-clickable="false" password="false" scrollable="false" selected="false" bounds="[551,1633][599,1681]" displayed="true" a11y-important="true" screen-reader-focusable="false" drawing-order="2" showing-hint="false" text-entry-key="false" dismissable="false" a11y-focused="false" heading="false" live-region="0" context-clickable="false" content-invalid="false" window-id="7" />
                  </android.view.ViewGroup>
                </androidx.recyclerview.widget.RecyclerView>
              </android.view.ViewGroup>
              <android.view.ViewGroup index="1" package="com.zhiliaoapp.musically" class="android.view.ViewGroup" text="" resource-id="com.zhiliaoapp.musically:id/bzf" checkable="false" checked="false" clickable="false" enabled="true" focusable="false" focused="false" long-clickable="false" password="false" scrollable="false" selected="false" bounds="[0,1716][1080,1920]" displayed="true" a11y-important="false" screen-reader-focusable="false" drawing-order="2" showing-hint="false" text-entry-key="false" dismissable="false" a11y-focused="false" heading="false" live-region="0" context-clickable="false" content-invalid="false" window-id="7">
                <android.widget.Button index="0" package="com.zhiliaoapp.musically" class="android.widget.Button" text="Omitir" resource-id="com.zhiliaoapp.musically:id/ch7" checkable="false" checked="false" clickable="true" enabled="true" focusable="true" focused="false" long-clickable="false" password="false" scrollable="false" selected="false" bounds="[48,1752][528,1884]" displayed="true" a11y-important="true" screen-reader-focusable="false" drawing-order="1" showing-hint="false" text-entry-key="false" dismissable="false" a11y-focused="false" heading="false" live-region="0" context-clickable="false" content-invalid="false" window-id="7" />
                <android.widget.Button index="1" package="com.zhiliaoapp.musically" class="android.widget.Button" text="Siguiente (0)" resource-id="com.zhiliaoapp.musically:id/cea" checkable="false" checked="false" clickable="true" enabled="false" focusable="true" focused="false" long-clickable="false" password="false" scrollable="false" selected="false" bounds="[552,1752][1032,1884]" displayed="true" a11y-important="true" screen-reader-focusable="false" drawing-order="2" showing-hint="false" text-entry-key="false" dismissable="false" a11y-focused="false" heading="false" live-region="0" context-clickable="false" content-invalid="false" window-id="7" />
              </android.view.ViewGroup>
            </android.view.ViewGroup>
          </android.widget.FrameLayout>
        </android.widget.FrameLayout>
      </android.widget.FrameLayout>
    </android.widget.LinearLayout>
  </android.widget.FrameLayout>
</hierarchy>
等待 Continue with Google 按钮出现...
2026-04-27T07:31:17.559Z INFO webdriver: COMMAND findElements("accessibility id", "Continue with Google")
2026-04-27T07:31:17.559Z INFO webdriver: [POST] http://127.0.0.1:53871/session/185398b6-779d-4beb-9bf6-d97549f6fa79/elements
2026-04-27T07:31:17.559Z INFO webdriver: DATA {"using":"accessibility id","value":"Continue with Google"}
2026-04-27T07:31:17.674Z INFO webdriver: RESULT []
2026-04-27T07:31:17.675Z INFO webdriver: COMMAND findElements("-android uiautomator", "new UiSelector().text("Continue with Google")")
2026-04-27T07:31:17.675Z INFO webdriver: [POST] http://127.0.0.1:53871/session/185398b6-779d-4beb-9bf6-d97549f6fa79/elements
2026-04-27T07:31:17.675Z INFO webdriver: DATA {"using":"-android uiautomator","value":"new UiSelector().text(\"Continue with Google\")"}
2026-04-27T07:31:17.780Z INFO webdriver: RESULT []
2026-04-27T07:31:17.780Z INFO webdriver: COMMAND findElements("-android uiautomator", "new UiSelector().textContains("Continue with Google")")
2026-04-27T07:31:17.781Z INFO webdriver: [POST] http://127.0.0.1:53871/session/185398b6-779d-4beb-9bf6-d97549f6fa79/elements
2026-04-27T07:31:17.781Z INFO webdriver: DATA {"using":"-android uiautomator","value":"new UiSelector().textContains(\"Continue with Google\")"}
2026-04-27T07:31:17.884Z INFO webdriver: RESULT []
2026-04-27T07:31:17.885Z INFO webdriver: COMMAND findElements("-android uiautomator", "new UiSelector().textContains("Google")")
2026-04-27T07:31:17.885Z INFO webdriver: [POST] http://127.0.0.1:53871/session/185398b6-779d-4beb-9bf6-d97549f6fa79/elements
2026-04-27T07:31:17.885Z INFO webdriver: DATA {"using":"-android uiautomator","value":"new UiSelector().textContains(\"Google\")"}
2026-04-27T07:31:17.962Z INFO webdriver: RESULT []
2026-04-27T07:31:17.964Z INFO webdriver: COMMAND findElements("-android uiautomator", "new UiSelector().description("Continue with Google")")
2026-04-27T07:31:17.964Z INFO webdriver: [POST] http://127.0.0.1:53871/session/185398b6-779d-4beb-9bf6-d97549f6fa79/elements
2026-04-27T07:31:17.964Z INFO webdriver: DATA {"using":"-android uiautomator","value":"new UiSelector().description(\"Continue with Google\")"}
2026-04-27T07:31:18.037Z INFO webdriver: RESULT []
2026-04-27T07:31:18.037Z INFO webdriver: COMMAND findElements("-android uiautomator", "new UiSelector().descriptionContains("Continue with Google")")
2026-04-27T07:31:18.038Z INFO webdriver: [POST] http://127.0.0.1:53871/session/185398b6-779d-4beb-9bf6-d97549f6fa79/elements
2026-04-27T07:31:18.038Z INFO webdriver: DATA {"using":"-android uiautomator","value":"new UiSelector().descriptionContains(\"Continue with Google\")"}
2026-04-27T07:31:18.110Z INFO webdriver: RESULT []
2026-04-27T07:31:18.111Z INFO webdriver: COMMAND findElements("-android uiautomator", "new UiSelector().descriptionContains("Google")")
2026-04-27T07:31:18.111Z INFO webdriver: [POST] http://127.0.0.1:53871/session/185398b6-779d-4beb-9bf6-d97549f6fa79/elements
2026-04-27T07:31:18.111Z INFO webdriver: DATA {"using":"-android uiautomator","value":"new UiSelector().descriptionContains(\"Google\")"}
2026-04-27T07:31:18.203Z INFO webdriver: RESULT []
2026-04-27T07:31:18.204Z INFO webdriver: COMMAND findElements("xpath", "//*[@text="Continue with Google" or @content-desc="Continue with Google"]")
2026-04-27T07:31:18.204Z INFO webdriver: [POST] http://127.0.0.1:53871/session/185398b6-779d-4beb-9bf6-d97549f6fa79/elements
2026-04-27T07:31:18.204Z INFO webdriver: DATA {"using":"xpath","value":"//*[@text=\"Continue with Google\" or @content-desc=\"Continue with Google\"]"}
2026-04-27T07:31:18.326Z INFO webdriver: RESULT []
2026-04-27T07:31:18.327Z INFO webdriver: COMMAND findElements("xpath", "//*[contains(@text,"Google") or contains(@content-desc,"Google")]")
2026-04-27T07:31:18.327Z INFO webdriver: [POST] http://127.0.0.1:53871/session/185398b6-779d-4beb-9bf6-d97549f6fa79/elements
2026-04-27T07:31:18.327Z INFO webdriver: DATA {"using":"xpath","value":"//*[contains(@text,\"Google\") or contains(@content-desc,\"Google\")]"}
2026-04-27T07:31:18.439Z INFO webdriver: RESULT []
2026-04-27T07:31:18.440Z INFO webdriver: COMMAND findElements("xpath", "//*[contains(translate(@text,"ABCDEFGHIJKLMNOPQRSTUVWXYZ","abcdefghijklmnopqrstuvwxyz"),"google") or contains(translate(@content-desc,"ABCDEFGHIJKLMNOPQRSTUVWXYZ","abcdefghijklmnopqrstuvwxyz"),"google")]")
2026-04-27T07:31:18.440Z INFO webdriver: [POST] http://127.0.0.1:53871/session/185398b6-779d-4beb-9bf6-d97549f6fa79/elements
2026-04-27T07:31:18.440Z INFO webdriver: DATA {"using":"xpath","value":"//*[contains(translate(@text,\"ABCDEFGHIJKLMNOPQRSTUVWXYZ\",\"abcdefghijklmnopqrstuvwxyz\"),\"google\") or contains(translate(@content-desc,\"ABCDEFGHIJKLMNOPQRSTUVWXYZ\",\"abcdefghijklmnopqrstuvwxyz\"),\"google\")]"}
2026-04-27T07:31:18.560Z INFO webdriver: RESULT []
2026-04-27T07:31:18.561Z INFO webdriver: COMMAND getPageSource()
2026-04-27T07:31:18.561Z INFO webdriver: [GET] http://127.0.0.1:53871/session/185398b6-779d-4beb-9bf6-d97549f6fa79/source
2026-04-27T07:31:18.722Z INFO webdriver: RESULT <?xml version='1.0' encoding='UTF-8' standalone='yes' ?>
<hierarchy index="0" class="hierarchy" rotation="0" width="1080" height="1920">
  <android.widget.FrameLayout index="0" package="com.zhiliaoapp.musically" class="android.widget.FrameLayout" text="" checkable="false" checked="false" clickable="false" enabled="true" focusable="false" focused="false" long-clickable="false" password="false" scrollable="false" selected="false" bounds="[0,0][1080,1920]" displayed="true" a11y-important="true" screen-reader-focusable="false" drawing-order="0" showing-hint="false" text-entry-key="false" dismissable="false" a11y-focused="false" heading="false" live-region="0" context-clickable="false" content-invalid="false" window-id="7">
    <android.widget.LinearLayout index="0" package="com.zhiliaoapp.musically" class="android.widget.LinearLayout" text="" checkable="false" checked="false" clickable="false" enabled="true" focusable="false" focused="false" long-clickable="false" password="false" scrollable="false" selected="false" bounds="[0,0][1080,1920]" displayed="true" a11y-important="false" screen-reader-focusable="false" drawing-order="1" showing-hint="false" text-entry-key="false" dismissable="false" a11y-focused="false" heading="false" live-region="0" context-clickable="false" content-invalid="false" window-id="7">
      <android.widget.FrameLayout index="0" package="com.zhiliaoapp.musically" class="android.widget.FrameLayout" text="" resource-id="android:id/content" checkable="false" checked="false" clickable="false" enabled="true" focusable="false" focused="false" long-clickable="false" password="false" scrollable="false" selected="false" bounds="[0,0][1080,1920]" displayed="true" a11y-important="false" screen-reader-focusable="false" drawing-order="2" showing-hint="false" text-entry-key="false" dismissable="false" a11y-focused="false" heading="false" live-region="0" context-clickable="false" content-invalid="false" window-id="7">
        <android.widget.FrameLayout index="0" package="com.zhiliaoapp.musically" class="android.widget.FrameLayout" text="" checkable="false" checked="false" clickable="false" enabled="true" focusable="false" focused="false" long-clickable="false" password="false" scrollable="false" selected="false" bounds="[0,0][1080,1920]" displayed="true" a11y-important="false" screen-reader-focusable="false" drawing-order="1" showing-hint="false" text-entry-key="false" dismissable="false" a11y-focused="false" heading="false" live-region="0" context-clickable="false" content-invalid="false" window-id="7">
          <android.widget.LinearLayout index="0" package="com.zhiliaoapp.musically" class="android.widget.LinearLayout" text="" resource-id="com.zhiliaoapp.musically:id/us" checkable="false" checked="false" clickable="false" enabled="true" focusable="false" focused="false" long-clickable="false" password="false" scrollable="false" selected="false" bounds="[0,0][1080,1920]" displayed="true" a11y-important="false" screen-reader-focusable="false" drawing-order="1" showing-hint="false" text-entry-key="false" dismissable="false" a11y-focused="false" heading="false" live-region="0" context-clickable="false" content-invalid="false" window-id="7">
            <android.widget.FrameLayout index="0" package="com.zhiliaoapp.musically" class="android.widget.FrameLayout" text="" checkable="false" checked="false" clickable="false" enabled="true" focusable="false" focused="false" long-clickable="false" password="false" scrollable="false" selected="false" bounds="[0,0][1080,1920]" displayed="true" a11y-important="false" screen-reader-focusable="false" drawing-order="2" showing-hint="false" text-entry-key="false" dismissable="false" a11y-focused="false" heading="false" live-region="0" context-clickable="false" content-invalid="false" window-id="7" />
          </android.widget.LinearLayout>
          <android.widget.FrameLayout index="1" package="com.zhiliaoapp.musically" class="android.widget.FrameLayout" text="" resource-id="com.zhiliaoapp.musically:id/hxv" checkable="false" checked="false" clickable="false" enabled="true" focusable="false" focused="false" long-clickable="false" password="false" scrollable="false" selected="false" bounds="[0,0][1080,1920]" displayed="true" a11y-important="false" screen-reader-focusable="false" drawing-order="2" showing-hint="false" text-entry-key="false" dismissable="false" a11y-focused="false" heading="false" live-region="0" context-clickable="false" content-invalid="false" window-id="7">
            <android.view.ViewGroup index="0" package="com.zhiliaoapp.musically" class="android.view.ViewGroup" text="" resource-id="com.zhiliaoapp.musically:id/srx" checkable="false" checked="false" clickable="false" enabled="true" focusable="false" focused="false" long-clickable="false" password="false" scrollable="false" selected="false" bounds="[0,72][1080,1920]" displayed="true" a11y-important="false" screen-reader-focusable="false" drawing-order="1" showing-hint="false" text-entry-key="false" dismissable="false" a11y-focused="false" heading="false" live-region="0" context-clickable="false" content-invalid="false" window-id="7">
              <android.view.ViewGroup index="0" package="com.zhiliaoapp.musically" class="android.view.ViewGroup" text="" resource-id="com.zhiliaoapp.musically:id/k29" checkable="false" checked="false" clickable="false" enabled="true" focusable="false" focused="false" long-clickable="false" password="false" scrollable="false" selected="false" bounds="[0,72][1080,1716]" displayed="true" a11y-important="false" screen-reader-focusable="false" drawing-order="1" showing-hint="false" text-entry-key="false" dismissable="false" a11y-focused="false" heading="false" live-region="0" context-clickable="false" content-invalid="false" window-id="7">
                <android.widget.FrameLayout index="0" package="com.zhiliaoapp.musically" class="android.widget.FrameLayout" text="" resource-id="com.zhiliaoapp.musically:id/wzi" checkable="false" checked="false" clickable="false" enabled="true" focusable="false" focused="false" long-clickable="false" password="false" scrollable="false" selected="false" bounds="[0,72][1080,228]" displayed="true" a11y-important="false" screen-reader-focusable="false" drawing-order="6" showing-hint="false" text-entry-key="false" dismissable="false" a11y-focused="false" heading="false" live-region="0" context-clickable="false" content-invalid="false" window-id="7">
                  <android.view.ViewGroup index="0" package="com.zhiliaoapp.musically" class="android.view.ViewGroup" text="" resource-id="com.zhiliaoapp.musically:id/o6j" checkable="false" checked="false" clickable="false" enabled="true" focusable="false" focused="false" long-clickable="false" password="false" scrollable="false" selected="false" bounds="[0,72][1080,228]" displayed="true" a11y-important="false" screen-reader-focusable="false" drawing-order="1" showing-hint="false" text-entry-key="false" dismissable="false" a11y-focused="false" heading="false" live-region="0" context-clickable="false" content-invalid="false" window-id="7" />
                </android.widget.FrameLayout>
                <androidx.recyclerview.widget.RecyclerView index="1" package="com.zhiliaoapp.musically" class="androidx.recyclerview.widget.RecyclerView" text="" resource-id="com.zhiliaoapp.musically:id/swp" checkable="false" checked="false" clickable="false" enabled="true" focusable="true" focused="false" long-clickable="false" password="false" scrollable="true" selected="false" bounds="[108,228][972,1716]" displayed="true" a11y-important="true" screen-reader-focusable="false" drawing-order="2" showing-hint="false" text-entry-key="false" dismissable="false" a11y-focused="false" heading="false" live-region="0" context-clickable="false" content-invalid="false" window-id="7">
                  <android.widget.LinearLayout index="0" package="com.zhiliaoapp.musically" class="android.widget.LinearLayout" text="" checkable="false" checked="false" clickable="false" enabled="true" focusable="false" focused="false" long-clickable="false" password="false" scrollable="false" selected="false" bounds="[108,330][972,712]" displayed="true" a11y-important="true" screen-reader-focusable="false" drawing-order="1" showing-hint="false" text-entry-key="false" dismissable="false" a11y-focused="false" heading="false" live-region="0" context-clickable="false" content-invalid="false" window-id="7">
                    <android.widget.TextView index="0" package="com.zhiliaoapp.musically" class="android.widget.TextView" text="Elige lo que más te guste" resource-id="com.zhiliaoapp.musically:id/iyf" checkable="false" checked="false" clickable="false" enabled="true" focusable="false" focused="false" long-clickable="false" password="false" scrollable="false" selected="false" bounds="[108,330][972,580]" displayed="true" a11y-important="true" screen-reader-focusable="false" drawing-order="1" showing-hint="false" text-entry-key="false" dismissable="false" a11y-focused="false" heading="false" live-region="0" context-clickable="false" content-invalid="false" window-id="7" />
                    <android.widget.TextView index="1" package="com.zhiliaoapp.musically" class="android.widget.TextView" text="Tu feed se personalizará en función de lo que te guste." resource-id="com.zhiliaoapp.musically:id/iy9" checkable="false" checked="false" clickable="false" enabled="true" focusable="false" focused="false" long-clickable="false" password="false" scrollable="false" selected="false" bounds="[108,604][972,712]" displayed="true" a11y-important="true" screen-reader-focusable="false" drawing-order="2" showing-hint="false" text-entry-key="false" dismissable="false" a11y-focused="false" heading="false" live-region="0" context-clickable="false" content-invalid="false" window-id="7" />
                  </android.widget.LinearLayout>
                  <android.view.ViewGroup index="1" package="com.zhiliaoapp.musically" class="android.view.ViewGroup" text="" checkable="false" checked="false" clickable="true" enabled="true" focusable="true" focused="false" long-clickable="false" password="false" scrollable="false" selected="false" bounds="[108,796][481,928]" displayed="true" a11y-important="true" screen-reader-focusable="false" drawing-order="2" showing-hint="false" text-entry-key="false" dismissable="false" a11y-focused="false" heading="false" live-region="0" context-clickable="false" content-invalid="false" window-id="7">
                    <android.widget.TextView index="0" package="com.zhiliaoapp.musically" class="android.widget.TextView" text="Comedia" resource-id="com.zhiliaoapp.musically:id/text" checkable="false" checked="false" clickable="false" enabled="true" focusable="false" focused="false" long-clickable="false" password="false" scrollable="false" selected="false" bounds="[162,834][355,891]" displayed="true" a11y-important="true" screen-reader-focusable="false" drawing-order="1" showing-hint="false" text-entry-key="false" dismissable="false" a11y-focused="false" heading="false" live-region="0" context-clickable="false" content-invalid="false" window-id="7" />
                    <android.widget.ImageView index="1" package="com.zhiliaoapp.musically" class="android.widget.ImageView" text="" content-desc="Agregar" resource-id="com.zhiliaoapp.musically:id/vl" checkable="false" checked="false" clickable="false" enabled="true" focusable="false" focused="false" long-clickable="false" password="false" scrollable="false" selected="false" bounds="[379,838][427,886]" displayed="true" a11y-important="true" screen-reader-focusable="false" drawing-order="2" showing-hint="false" text-entry-key="false" dismissable="false" a11y-focused="false" heading="false" live-region="0" context-clickable="false" content-invalid="false" window-id="7" />
                  </android.view.ViewGroup>
                  <android.view.ViewGroup index="2" package="com.zhiliaoapp.musically" class="android.view.ViewGroup" text="" checkable="false" checked="false" clickable="true" enabled="true" focusable="true" focused="false" long-clickable="false" password="false" scrollable="false" selected="false" bounds="[517,796][864,928]" displayed="true" a11y-important="true" screen-reader-focusable="false" drawing-order="3" showing-hint="false" text-entry-key="false" dismissable="false" a11y-focused="false" heading="false" live-region="0" context-clickable="false" content-invalid="false" window-id="7">
                    <android.widget.TextView index="0" package="com.zhiliaoapp.musically" class="android.widget.TextView" text="Gaming" resource-id="com.zhiliaoapp.musically:id/text" checkable="false" checked="false" clickable="false" enabled="true" focusable="false" focused="false" long-clickable="false" password="false" scrollable="false" selected="false" bounds="[571,834][738,891]" displayed="true" a11y-important="true" screen-reader-focusable="false" drawing-order="1" showing-hint="false" text-entry-key="false" dismissable="false" a11y-focused="false" heading="false" live-region="0" context-clickable="false" content-invalid="false" window-id="7" />
                    <android.widget.ImageView index="1" package="com.zhiliaoapp.musically" class="android.widget.ImageView" text="" content-desc="Agregar" resource-id="com.zhiliaoapp.musically:id/vl" checkable="false" checked="false" clickable="false" enabled="true" focusable="false" focused="false" long-clickable="false" password="false" scrollable="false" selected="false" bounds="[762,838][810,886]" displayed="true" a11y-important="true" screen-reader-focusable="false" drawing-order="2" showing-hint="false" text-entry-key="false" dismissable="false" a11y-focused="false" heading="false" live-region="0" context-clickable="false" content-invalid="false" window-id="7" />
                  </android.view.ViewGroup>
                  <android.view.ViewGroup index="3" package="com.zhiliaoapp.musically" class="android.view.ViewGroup" text="" checkable="false" checked="false" clickable="true" enabled="true" focusable="true" focused="false" long-clickable="false" password="false" scrollable="false" selected="false" bounds="[108,955][833,1087]" displayed="true" a11y-important="true" screen-reader-focusable="false" drawing-order="4" showing-hint="false" text-entry-key="false" dismissable="false" a11y-focused="false" heading="false" live-region="0" context-clickable="false" content-invalid="false" window-id="7">
                    <android.widget.TextView index="0" package="com.zhiliaoapp.musically" class="android.widget.TextView" text="Entretenimiento y cultura" resource-id="com.zhiliaoapp.musically:id/text" checkable="false" checked="false" clickable="false" enabled="true" focusable="false" focused="false" long-clickable="false" password="false" scrollable="false" selected="false" bounds="[162,993][707,1050]" displayed="true" a11y-important="true" screen-reader-focusable="false" drawing-order="1" showing-hint="false" text-entry-key="false" dismissable="false" a11y-focused="false" heading="false" live-region="0" context-clickable="false" content-invalid="false" window-id="7" />
                    <android.widget.ImageView index="1" package="com.zhiliaoapp.musically" class="android.widget.ImageView" text="" content-desc="Agregar" resource-id="com.zhiliaoapp.musically:id/vl" checkable="false" checked="false" clickable="false" enabled="true" focusable="false" focused="false" long-clickable="false" password="false" scrollable="false" selected="false" bounds="[731,997][779,1045]" displayed="true" a11y-important="true" screen-reader-focusable="false" drawing-order="2" showing-hint="false" text-entry-key="false" dismissable="false" a11y-focused="false" heading="false" live-region="0" context-clickable="false" content-invalid="false" window-id="7" />
                  </android.view.ViewGroup>
                  <android.view.ViewGroup index="4" package="com.zhiliaoapp.musically" class="android.view.ViewGroup" text="" checkable="false" checked="false" clickable="true" enabled="true" focusable="true" focused="false" long-clickable="false" password="false" scrollable="false" selected="false" bounds="[108,1114][593,1246]" displayed="true" a11y-important="true" screen-reader-focusable="false" drawing-order="5" showing-hint="false" text-entry-key="false" dismissable="false" a11y-focused="false" heading="false" live-region="0" context-clickable="false" content-invalid="false" window-id="7">
                    <android.widget.TextView index="0" package="com.zhiliaoapp.musically" class="android.widget.TextView" text="Hogar y jardín" resource-id="com.zhiliaoapp.musically:id/text" checkable="false" checked="false" clickable="false" enabled="true" focusable="false" focused="false" long-clickable="false" password="false" scrollable="false" selected="false" bounds="[162,1152][467,1209]" displayed="true" a11y-important="true" screen-reader-focusable="false" drawing-order="1" showing-hint="false" text-entry-key="false" dismissable="false" a11y-focused="false" heading="false" live-region="0" context-clickable="false" content-invalid="false" window-id="7" />
                    <android.widget.ImageView index="1" package="com.zhiliaoapp.musically" class="android.widget.ImageView" text="" content-desc="Agregar" resource-id="com.zhiliaoapp.musically:id/vl" checkable="false" checked="false" clickable="false" enabled="true" focusable="false" focused="false" long-clickable="false" password="false" scrollable="false" selected="false" bounds="[491,1156][539,1204]" displayed="true" a11y-important="true" screen-reader-focusable="false" drawing-order="2" showing-hint="false" text-entry-key="false" dismissable="false" a11y-focused="false" heading="false" live-region="0" context-clickable="false" content-invalid="false" window-id="7" />
                  </android.view.ViewGroup>
                  <android.view.ViewGroup index="5" package="com.zhiliaoapp.musically" class="android.view.ViewGroup" text="" checkable="false" checked="false" clickable="true" enabled="true" focusable="true" focused="false" long-clickable="false" password="false" scrollable="false" selected="false" bounds="[108,1273][599,1405]" displayed="true" a11y-important="true" screen-reader-focusable="false" drawing-order="6" showing-hint="false" text-entry-key="false" dismissable="false" a11y-focused="false" heading="false" live-region="0" context-clickable="false" content-invalid="false" window-id="7">
                    <android.widget.TextView index="0" package="com.zhiliaoapp.musically" class="android.widget.TextView" text="Vida cotidiana" resource-id="com.zhiliaoapp.musically:id/text" checkable="false" checked="false" clickable="false" enabled="true" focusable="false" focused="false" long-clickable="false" password="false" scrollable="false" selected="false" bounds="[162,1311][473,1368]" displayed="true" a11y-important="true" screen-reader-focusable="false" drawing-order="1" showing-hint="false" text-entry-key="false" dismissable="false" a11y-focused="false" heading="false" live-region="0" context-clickable="false" content-invalid="false" window-id="7" />
                    <android.widget.ImageView index="1" package="com.zhiliaoapp.musically" class="android.widget.ImageView" text="" content-desc="Agregar" resource-id="com.zhiliaoapp.musically:id/vl" checkable="false" checked="false" clickable="false" enabled="true" focusable="false" focused="false" long-clickable="false" password="false" scrollable="false" selected="false" bounds="[497,1315][545,1363]" displayed="true" a11y-important="true" screen-reader-focusable="false" drawing-order="2" showing-hint="false" text-entry-key="false" dismissable="false" a11y-focused="false" heading="false" live-region="0" context-clickable="false" content-invalid="false" window-id="7" />
                  </android.view.ViewGroup>
                  <android.view.ViewGroup index="6" package="com.zhiliaoapp.musically" class="android.view.ViewGroup" text="" checkable="false" checked="false" clickable="true" enabled="true" focusable="true" focused="false" long-clickable="false" password="false" scrollable="false" selected="false" bounds="[108,1432][746,1564]" displayed="true" a11y-important="true" screen-reader-focusable="false" drawing-order="7" showing-hint="false" text-entry-key="false" dismissable="false" a11y-focused="false" heading="false" live-region="0" context-clickable="false" content-invalid="false" window-id="7">
                    <android.widget.TextView index="0" package="com.zhiliaoapp.musically" class="android.widget.TextView" text="Ciencias y educación" resource-id="com.zhiliaoapp.musically:id/text" checkable="false" checked="false" clickable="false" enabled="true" focusable="false" focused="false" long-clickable="false" password="false" scrollable="false" selected="false" bounds="[162,1470][620,1527]" displayed="true" a11y-important="true" screen-reader-focusable="false" drawing-order="1" showing-hint="false" text-entry-key="false" dismissable="false" a11y-focused="false" heading="false" live-region="0" context-clickable="false" content-invalid="false" window-id="7" />
                    <android.widget.ImageView index="1" package="com.zhiliaoapp.musically" class="android.widget.ImageView" text="" content-desc="Agregar" resource-id="com.zhiliaoapp.musically:id/vl" checkable="false" checked="false" clickable="false" enabled="true" focusable="false" focused="false" long-clickable="false" password="false" scrollable="false" selected="false" bounds="[644,1474][692,1522]" displayed="true" a11y-important="true" screen-reader-focusable="false" drawing-order="2" showing-hint="false" text-entry-key="false" dismissable="false" a11y-focused="false" heading="false" live-region="0" context-clickable="false" content-invalid="false" window-id="7" />
                  </android.view.ViewGroup>
                  <android.view.ViewGroup index="7" package="com.zhiliaoapp.musically" class="android.view.ViewGroup" text="" checkable="false" checked="false" clickable="true" enabled="true" focusable="true" focused="false" long-clickable="false" password="false" scrollable="false" selected="false" bounds="[108,1591][653,1716]" displayed="true" a11y-important="true" screen-reader-focusable="false" drawing-order="8" showing-hint="false" text-entry-key="false" dismissable="false" a11y-focused="false" heading="false" live-region="0" context-clickable="false" content-invalid="false" window-id="7">
                    <android.widget.TextView index="0" package="com.zhiliaoapp.musically" class="android.widget.TextView" text="Comida y bebida" resource-id="com.zhiliaoapp.musically:id/text" checkable="false" checked="false" clickable="false" enabled="true" focusable="false" focused="false" long-clickable="false" password="false" scrollable="false" selected="false" bounds="[162,1629][527,1686]" displayed="true" a11y-important="true" screen-reader-focusable="false" drawing-order="1" showing-hint="false" text-entry-key="false" dismissable="false" a11y-focused="false" heading="false" live-region="0" context-clickable="false" content-invalid="false" window-id="7" />
                    <android.widget.ImageView index="1" package="com.zhiliaoapp.musically" class="android.widget.ImageView" text="" content-desc="Agregar" resource-id="com.zhiliaoapp.musically:id/vl" checkable="false" checked="false" clickable="false" enabled="true" focusable="false" focused="false" long-clickable="false" password="false" scrollable="false" selected="false" bounds="[551,1633][599,1681]" displayed="true" a11y-important="true" screen-reader-focusable="false" drawing-order="2" showing-hint="false" text-entry-key="false" dismissable="false" a11y-focused="false" heading="false" live-region="0" context-clickable="false" content-invalid="false" window-id="7" />
                  </android.view.ViewGroup>
                </androidx.recyclerview.widget.RecyclerView>
              </android.view.ViewGroup>
              <android.view.ViewGroup index="1" package="com.zhiliaoapp.musically" class="android.view.ViewGroup" text="" resource-id="com.zhiliaoapp.musically:id/bzf" checkable="false" checked="false" clickable="false" enabled="true" focusable="false" focused="false" long-clickable="false" password="false" scrollable="false" selected="false" bounds="[0,1716][1080,1920]" displayed="true" a11y-important="false" screen-reader-focusable="false" drawing-order="2" showing-hint="false" text-entry-key="false" dismissable="false" a11y-focused="false" heading="false" live-region="0" context-clickable="false" content-invalid="false" window-id="7">
                <android.widget.Button index="0" package="com.zhiliaoapp.musically" class="android.widget.Button" text="Omitir" resource-id="com.zhiliaoapp.musically:id/ch7" checkable="false" checked="false" clickable="true" enabled="true" focusable="true" focused="false" long-clickable="false" password="false" scrollable="false" selected="false" bounds="[48,1752][528,1884]" displayed="true" a11y-important="true" screen-reader-focusable="false" drawing-order="1" showing-hint="false" text-entry-key="false" dismissable="false" a11y-focused="false" heading="false" live-region="0" context-clickable="false" content-invalid="false" window-id="7" />
                <android.widget.Button index="1" package="com.zhiliaoapp.musically" class="android.widget.Button" text="Siguiente (0)" resource-id="com.zhiliaoapp.musically:id/cea" checkable="false" checked="false" clickable="true" enabled="false" focusable="true" focused="false" long-clickable="false" password="false" scrollable="false" selected="false" bounds="[552,1752][1032,1884]" displayed="true" a11y-important="true" screen-reader-focusable="false" drawing-order="2" showing-hint="false" text-entry-key="false" dismissable="false" a11y-focused="false" heading="false" live-region="0" context-clickable="false" content-invalid="false" window-id="7" />
              </android.view.ViewGroup>
            </android.view.ViewGroup>
          </android.widget.FrameLayout>
        </android.widget.FrameLayout>
      </android.widget.FrameLayout>
    </android.widget.LinearLayout>
  </android.widget.FrameLayout>
</hierarchy>
等待 Continue with Google 按钮出现...
2026-04-27T07:31:20.727Z INFO webdriver: COMMAND deleteSession()
2026-04-27T07:31:20.728Z INFO webdriver: [DELETE] http://127.0.0.1:53871/session/185398b6-779d-4beb-9bf6-d97549f6fa79
2026-04-27T07:31:21.625Z INFO webdriver: RESULT null
会话已关闭
已关闭脚本自动启动的 Appium 进程
[开始] 断开ADB连接
执行: D:\工作\stu\appium\platform-tools\adb.exe disconnect 124.236.70.143:22329
adb disconnect 输出: disconnected 124.236.70.143:22329
[完成] 断开ADB连接
墨西哥脚本执行失败: Error: 未找到 Continue with Google 按钮。
已等待约 10 秒，请确认页面已加载到登录页。
可提供该按钮的资源 ID 以提高定位稳定性。
最后错误: 未知错误
    at clickContinueWithGoogle (D:\工作\stu\appium\pages\page-continue-google.js:108:9)
    at async runStep (D:\工作\stu\appium\lib\appium-shared.js:53:18)
    at async runGoogleRegisterChain (D:\工作\stu\appium\appium-script.js:58:3)
    at async runAppiumScriptMx (D:\工作\stu\appium\appium-script-mx.js:15:5)
    at async runAppiumMainWithRetryMx (D:\工作\stu\appium\script-mx.js:26:7)
    at async main (D:\工作\stu\appium\script-mx.js:59:5)

=== 单设备结束 ===
exit=1
endedAt=2026-04-27T07:31:21.707Z
